nohup: ignoring input
#------------------------------------------------------------------------------
# irace: An implementation in R of (Elitist) Iterated Racing
# Version: 4.2.0.b50b134
# Copyright (C) 2010-2025
# Manuel Lopez-Ibanez     <manuel.lopez-ibanez@manchester.ac.uk>
# Jeremie Dubois-Lacoste
# Leslie Perez Caceres    <leslie.perez.caceres@ulb.ac.be>
#
# This is free software, and you are welcome to redistribute it under certain
# conditions.  See the GNU General Public License for details. There is NO
# WARRANTY; not even for MERCHANTABILITY or FITNESS FOR A PARTICULAR PURPOSE.
#
# irace builds upon previous code from the race package:
#     race: Racing methods for the selection of the best
#     Copyright (C) 2003 Mauro Birattari
#------------------------------------------------------------------------------
# installed at: /home/alazcano/R/x86_64-redhat-linux-gnu-library/4.0/irace
# called with: --scenario scenario.txt --parallel 40
# 2025-06-16 11:11:10 -04: Reading parameter file '/home/alazcano/RESCOL/Instancias/test_container/test_2000/experimentation/parametros.txt'.
# 2025-06-16 11:11:10 -04: Initialization
# Elitist race
# Elitist new instances: 1
# Elitist limit: 2
# nbIterations: 4
# minNbSurvival: 4
# nbParameters: 7
# seed: 95882531
# confidence level: 0.95
# budget: 200
# mu: 5
# deterministic: FALSE
# boundMax: 20

# 2025-06-16 11:11:10 -04: Iteration 1 of 4
# experimentsUsed: 0
# remainingBudget: 200
# currentBudget: 50
# nbConfigurations: 8
# Markers:
     x No test is performed.
     c Configurations are discarded only due to capping.
     - The test is performed and some configurations are discarded.
     = The test is performed but no configuration is discarded.
     ! The test is performed and configurations could be discarded but elite configurations are preserved.
     . All alive configurations are elite and nothing is discarded.

+-+-----------+-----------+-----------+----------------+-----------+--------+-----+----+------+
| |   Instance|      Alive|       Best|       Mean best| Exp so far|  W time|  rho|KenW|  Qvar|
+-+-----------+-----------+-----------+----------------+-----------+--------+-----+----+------+
|x|          1|          8|          4|     2194798.560|          8|00:08:01|   NA|  NA|    NA|
|x|          2|          8|          4|     2282243.000|         16|00:08:01|+0.67|0.83|0.3291|
|x|          3|          8|          7|     2276079.220|         24|00:08:01|+0.66|0.77|0.3418|
|x|          4|          8|          7|     2267804.897|         32|00:08:01|+0.63|0.72|0.3301|
|-|          5|          4|          7|     2273481.394|         40|00:08:01|+0.04|0.23|0.6258|
+-+-----------+-----------+-----------+----------------+-----------+--------+-----+----+------+
Best-so-far configuration:           7    mean value:      2273481.394
Description of the best-so-far configuration:
  .ID. num_hormigas   alfa   rho   tau valor_limitador valor_sin_nuevas_visitas rho_sec .PARENT.
7    7           26 3.1192 0.085 4.714               4                        1  0.2848       NA

# 2025-06-16 11:51:18 -04: Elite configurations (first number is the configuration ID; listed from best to worst according to the sum of ranks):
  num_hormigas   alfa    rho   tau valor_limitador valor_sin_nuevas_visitas rho_sec
7           26 3.1192 0.0850 4.714               4                        1  0.2848
8           12 0.6242 0.2100 9.214               2                        3  0.1598
4           30 1.2480 0.1163 3.589               4                        2  0.1285
2           23 4.9905 0.1788 5.839               3                        1  0.1910
# 2025-06-16 11:51:18 -04: Iteration 2 of 4
# experimentsUsed: 40
# remainingBudget: 160
# currentBudget: 53
# nbConfigurations: 10
# Markers:
     x No test is performed.
     c Configurations are discarded only due to capping.
     - The test is performed and some configurations are discarded.
     = The test is performed but no configuration is discarded.
     ! The test is performed and configurations could be discarded but elite configurations are preserved.
     . All alive configurations are elite and nothing is discarded.

+-+-----------+-----------+-----------+----------------+-----------+--------+-----+----+------+
| |   Instance|      Alive|       Best|       Mean best| Exp so far|  W time|  rho|KenW|  Qvar|
+-+-----------+-----------+-----------+----------------+-----------+--------+-----+----+------+
|x|          6|         10|          8|     2297253.260|         10|00:08:01|   NA|  NA|    NA|
|x|          2|         10|         10|     2239596.975|         16|00:08:01|+0.53|0.76|0.1915|
|x|          3|         10|         10|     2224146.280|         22|00:08:01|+0.69|0.80|0.1514|
|x|          5|         10|         10|     2261037.305|         28|00:08:01|+0.73|0.80|0.1764|
|-|          1|          5|         10|     2260943.244|         34|00:08:01|-0.01|0.19|0.6448|
|=|          4|          5|          7|     2308661.547|         35|00:08:00|-0.03|0.14|0.7519|
|=|          7|          5|          7|     2310377.760|         40|00:08:01|-0.04|0.11|0.8034|
+-+-----------+-----------+-----------+----------------+-----------+--------+-----+----+------+
Best-so-far configuration:           7    mean value:      2310377.760
Description of the best-so-far configuration:
  .ID. num_hormigas   alfa   rho   tau valor_limitador valor_sin_nuevas_visitas rho_sec .PARENT.
7    7           26 3.1192 0.085 4.714               4                        1  0.2848       NA

# 2025-06-16 12:47:28 -04: Elite configurations (first number is the configuration ID; listed from best to worst according to the sum of ranks):
   num_hormigas   alfa    rho    tau valor_limitador valor_sin_nuevas_visitas rho_sec
7            26 3.1192 0.0850 4.7140               4                        1  0.2848
10           24 3.6311 0.1868 4.3181               3                        1  0.1617
8            12 0.6242 0.2100 9.2140               2                        3  0.1598
2            23 4.9905 0.1788 5.8390               3                        1  0.1910
# 2025-06-16 12:47:28 -04: Iteration 3 of 4
# experimentsUsed: 80
# remainingBudget: 120
# currentBudget: 60
# nbConfigurations: 11
# Markers:
     x No test is performed.
     c Configurations are discarded only due to capping.
     - The test is performed and some configurations are discarded.
     = The test is performed but no configuration is discarded.
     ! The test is performed and configurations could be discarded but elite configurations are preserved.
     . All alive configurations are elite and nothing is discarded.

+-+-----------+-----------+-----------+----------------+-----------+--------+-----+----+------+
| |   Instance|      Alive|       Best|       Mean best| Exp so far|  W time|  rho|KenW|  Qvar|
+-+-----------+-----------+-----------+----------------+-----------+--------+-----+----+------+
|x|          8|         11|         10|     2169076.770|         11|00:08:01|   NA|  NA|    NA|
|x|          6|         11|         16|     2237352.070|         18|00:08:01|+0.15|0.57|0.5855|
|x|          5|         11|         16|     2230173.743|         25|00:08:01|+0.32|0.55|0.5542|
|x|          2|         11|         16|     2253217.865|         32|00:08:01|+0.43|0.57|0.4842|
|-|          3|          5|         16|     2256451.834|         39|00:08:01|+0.28|0.42|0.5653|
|=|          4|          5|         16|     2240872.310|         40|00:08:01|+0.21|0.34|0.7027|
|!|          1|          5|         16|     2233264.956|         41|00:08:01|+0.30|0.40|0.6386|
|=|          7|          5|         16|     2245796.071|         42|00:08:01|+0.17|0.28|0.7389|
|-|          9|          3|         16|     2225042.034|         47|00:08:01|+0.06|0.16|0.6207|
+-+-----------+-----------+-----------+----------------+-----------+--------+-----+----+------+
Best-so-far configuration:          16    mean value:      2225042.034
Description of the best-so-far configuration:
   .ID. num_hormigas   alfa    rho    tau valor_limitador valor_sin_nuevas_visitas rho_sec .PARENT.
16   16           26 4.9389 0.2608 2.7179               1                        1  0.0953       10

# 2025-06-16 13:59:41 -04: Elite configurations (first number is the configuration ID; listed from best to worst according to the sum of ranks):
   num_hormigas   alfa    rho    tau valor_limitador valor_sin_nuevas_visitas rho_sec
16           26 4.9389 0.2608 2.7179               1                        1  0.0953
10           24 3.6311 0.1868 4.3181               3                        1  0.1617
7            26 3.1192 0.0850 4.7140               4                        1  0.2848
# 2025-06-16 13:59:41 -04: Iteration 4 of 4
# experimentsUsed: 127
# remainingBudget: 73
# currentBudget: 73
# nbConfigurations: 10
# Markers:
     x No test is performed.
     c Configurations are discarded only due to capping.
     - The test is performed and some configurations are discarded.
     = The test is performed but no configuration is discarded.
     ! The test is performed and configurations could be discarded but elite configurations are preserved.
     . All alive configurations are elite and nothing is discarded.

+-+-----------+-----------+-----------+----------------+-----------+--------+-----+----+------+
| |   Instance|      Alive|       Best|       Mean best| Exp so far|  W time|  rho|KenW|  Qvar|
+-+-----------+-----------+-----------+----------------+-----------+--------+-----+----+------+
|x|         10|         10|         16|     2054588.070|         10|00:08:01|   NA|  NA|    NA|
|x|          1|         10|         16|     2121104.450|         17|00:08:01|+0.53|0.76|0.3316|
|x|          7|         10|         22|     2171291.137|         24|00:08:01|+0.26|0.50|0.6041|
|x|          4|         10|         22|     2183686.758|         31|00:08:01|+0.38|0.54|0.5113|
|-|          5|          6|         16|     2190902.912|         38|00:08:01|+0.30|0.44|0.4928|
|!|          6|          6|         16|     2201015.767|         41|00:08:00|+0.29|0.41|0.5627|
|=|          2|          6|         16|     2218349.261|         44|00:08:01|+0.07|0.20|0.7351|
|=|          9|          6|         16|     2198431.821|         47|00:08:00|+0.07|0.19|0.7165|
|=|          3|          6|         16|     2206315.809|         50|00:08:00|+0.06|0.16|0.7481|
|=|          8|          6|         16|     2207996.638|         53|00:08:01|+0.05|0.15|0.7759|
|=|         11|          6|         16|     2211062.839|         59|00:08:01|+0.08|0.17|0.7613|
+-+-----------+-----------+-----------+----------------+-----------+--------+-----+----+------+
Best-so-far configuration:          16    mean value:      2211062.839
Description of the best-so-far configuration:
   .ID. num_hormigas   alfa    rho    tau valor_limitador valor_sin_nuevas_visitas rho_sec .PARENT.
16   16           26 4.9389 0.2608 2.7179               1                        1  0.0953       10

# 2025-06-16 15:27:54 -04: Elite configurations (first number is the configuration ID; listed from best to worst according to the sum of ranks):
   num_hormigas   alfa    rho    tau valor_limitador valor_sin_nuevas_visitas rho_sec
16           26 4.9389 0.2608 2.7179               1                        1  0.0953
23           18 2.6683 0.1889 2.1516               3                        1  0.2148
22           16 4.0742 0.1892 4.8593               1                        1  0.0857
28           22 4.4981 0.2732 4.3010               1                        1  0.0579
# 2025-06-16 15:27:54 -04: Iteration 5 of 5
# experimentsUsed: 186
# remainingBudget: 14
# currentBudget: 14
# nbConfigurations: 5
# Markers:
     x No test is performed.
     c Configurations are discarded only due to capping.
     - The test is performed and some configurations are discarded.
     = The test is performed but no configuration is discarded.
     ! The test is performed and configurations could be discarded but elite configurations are preserved.
     . All alive configurations are elite and nothing is discarded.

+-+-----------+-----------+-----------+----------------+-----------+--------+-----+----+------+
| |   Instance|      Alive|       Best|       Mean best| Exp so far|  W time|  rho|KenW|  Qvar|
+-+-----------+-----------+-----------+----------------+-----------+--------+-----+----+------+
|x|          9|          5|         16|     2059009.740|          1|00:08:00|   NA|  NA|    NA|
|x|          6|          5|         23|     2177914.205|          2|00:08:00|+0.20|0.60|0.8182|
|x|          8|          5|         16|     2177904.627|          3|00:08:00|-0.07|0.29|0.8399|
|x|          4|          5|         16|     2174172.143|          4|00:08:00|+0.03|0.28|0.7474|
|=|         10|          5|         16|     2150255.328|          5|00:08:00|+0.06|0.25|0.6847|
|=|          5|          5|         16|     2161182.288|          6|00:08:00|+0.15|0.29|0.6187|
|=|          1|          5|         16|     2164959.223|          7|00:08:00|+0.20|0.31|0.5851|
|-|          3|          4|         16|     2178012.784|          8|00:08:00|+0.02|0.14|0.7437|
|.|         11|          4|         16|     2185091.902|          8|00:00:00|+0.01|0.12|0.7533|
|.|          7|          4|         16|     2199934.100|          8|00:00:00|-0.04|0.07|0.7855|
|.|          2|          4|         16|     2211062.839|          8|00:00:00|-0.01|0.08|0.7706|
+-+-----------+-----------+-----------+----------------+-----------+--------+-----+----+------+
Best-so-far configuration:          16    mean value:      2211062.839
Description of the best-so-far configuration:
   .ID. num_hormigas   alfa    rho    tau valor_limitador valor_sin_nuevas_visitas rho_sec .PARENT.
16   16           26 4.9389 0.2608 2.7179               1                        1  0.0953       10

# 2025-06-16 16:31:58 -04: Elite configurations (first number is the configuration ID; listed from best to worst according to the sum of ranks):
   num_hormigas   alfa    rho    tau valor_limitador valor_sin_nuevas_visitas rho_sec
16           26 4.9389 0.2608 2.7179               1                        1  0.0953
23           18 2.6683 0.1889 2.1516               3                        1  0.2148
28           22 4.4981 0.2732 4.3010               1                        1  0.0579
22           16 4.0742 0.1892 4.8593               1                        1  0.0857
# 2025-06-16 16:31:58 -04: Stopped because there is not enough budget left to race more than the minimum (4).
# You may either increase the budget or set 'minNbSurvival' to a lower value.
# Iteration: 6
# nbIterations: 6
# experimentsUsed: 194
# timeUsed: 0
# remainingBudget: 6
# currentBudget: 6
# number of elites: 4
# nbConfigurations: 4
# Total CPU user time: 92524.27, CPU sys time: 539.066, Wall-clock time: 19248.06
# 2025-06-16 16:31:58 -04: Starting post-selection:
# Configurations selected: 16, 23, 28, 22, 10, 7.
# Pending instances: 0, 0, 0, 0, 0, 0.
# 2025-06-16 16:31:58 -04: seed: 95882531
# Configurations: 6
# Available experiments: 6
# minSurvival: 1
# Markers:
     x No test is performed.
     c Configurations are discarded only due to capping.
     - The test is performed and some configurations are discarded.
     = The test is performed but no configuration is discarded.
     ! The test is performed and configurations could be discarded but elite configurations are preserved.
     . All alive configurations are elite and nothing is discarded.

+-+-----------+-----------+-----------+----------------+-----------+--------+-----+----+------+
| |   Instance|      Alive|       Best|       Mean best| Exp so far|  W time|  rho|KenW|  Qvar|
+-+-----------+-----------+-----------+----------------+-----------+--------+-----+----+------+
|.|          2|          6|         10|     2176834.180|          0|00:00:00|   NA|  NA|    NA|
|.|          3|          6|         10|     2185039.535|          0|00:00:00|+0.83|0.91|0.2710|
|.|          8|          6|         10|     2179718.613|          0|00:00:00|+0.12|0.42|0.8123|
|.|          6|          6|         10|     2210378.902|          0|00:00:00|+0.05|0.29|0.7498|
|.|          7|          6|         10|     2264428.466|          0|00:00:00|-0.14|0.09|0.9121|
|.|          1|          6|         10|     2263784.888|          0|00:00:00|-0.11|0.08|0.9151|
|.|         11|          6|         10|     2269503.404|          0|00:00:00|-0.07|0.08|0.8835|
|.|         10|          6|         10|     2269045.994|          0|00:00:00|+0.01|0.13|0.8350|
|.|          9|          6|         10|     2257806.983|          0|00:00:00|+0.06|0.16|0.7844|
|.|          4|          6|         10|     2280877.568|          0|00:00:00|+0.06|0.15|0.7825|
|.|          5|          6|         10|     2289135.096|          0|00:00:00|+0.08|0.17|0.7613|
|-|         12|          4|         16|     2206426.914|          6|00:08:01|+0.04|0.12|0.7357|
+-+-----------+-----------+-----------+----------------+-----------+--------+-----+----+------+
Best-so-far configuration:          16    mean value:      2206426.914
Description of the best-so-far configuration:
   .ID. num_hormigas   alfa    rho    tau valor_limitador valor_sin_nuevas_visitas rho_sec .PARENT.
16   16           26 4.9389 0.2608 2.7179               1                        1  0.0953       10

# 2025-06-16 16:39:59 -04: Elite configurations (first number is the configuration ID; listed from best to worst according to the sum of ranks):
   num_hormigas   alfa    rho    tau valor_limitador valor_sin_nuevas_visitas rho_sec
16           26 4.9389 0.2608 2.7179               1                        1  0.0953
23           18 2.6683 0.1889 2.1516               3                        1  0.2148
28           22 4.4981 0.2732 4.3010               1                        1  0.0579
22           16 4.0742 0.1892 4.8593               1                        1  0.0857
# Total CPU user time: 95384.63, CPU sys time: 556.764, Wall-clock time: 19729.33
# Best configurations (first number is the configuration ID; listed from best to worst according to the sum of ranks):
   num_hormigas   alfa    rho    tau valor_limitador valor_sin_nuevas_visitas rho_sec
16           26 4.9389 0.2608 2.7179               1                        1  0.0953
23           18 2.6683 0.1889 2.1516               3                        1  0.2148
28           22 4.4981 0.2732 4.3010               1                        1  0.0579
22           16 4.0742 0.1892 4.8593               1                        1  0.0857
# Best configurations as commandlines (first number is the configuration ID; listed from best to worst according to the sum of ranks):
16 --num-hormigas 26 --alfa 4.9389 --rho 0.2608 --tau-as 2.7179 --valor-limitador 1 --valor-sin-nuevas-visitas 1 --rho-sec 0.0953
23 --num-hormigas 18 --alfa 2.6683 --rho 0.1889 --tau-as 2.1516 --valor-limitador 3 --valor-sin-nuevas-visitas 1 --rho-sec 0.2148
28 --num-hormigas 22 --alfa 4.4981 --rho 0.2732 --tau-as 4.301 --valor-limitador 1 --valor-sin-nuevas-visitas 1 --rho-sec 0.0579
22 --num-hormigas 16 --alfa 4.0742 --rho 0.1892 --tau-as 4.8593 --valor-limitador 1 --valor-sin-nuevas-visitas 1 --rho-sec 0.0857


# Testing of elite configurations: 1 
# Testing iteration configurations: FALSE 
# 2025-06-16 16:39:59 -04: No test instances, skip testing
Warning message:
In readLines(con = file) :
  incomplete final line found on '/home/alazcano/RESCOL/Instancias/test_container/test_2000/experimentation/parametros.txt'
