nohup: ignoring input
#------------------------------------------------------------------------------
# irace: An implementation in R of (Elitist) Iterated Racing
# Version: 4.2.0.b50b134
# Copyright (C) 2010-2025
# Manuel Lopez-Ibanez     <manuel.lopez-ibanez@manchester.ac.uk>
# Jeremie Dubois-Lacoste
# Leslie Perez Caceres    <leslie.perez.caceres@ulb.ac.be>
#
# This is free software, and you are welcome to redistribute it under certain
# conditions.  See the GNU General Public License for details. There is NO
# WARRANTY; not even for MERCHANTABILITY or FITNESS FOR A PARTICULAR PURPOSE.
#
# irace builds upon previous code from the race package:
#     race: Racing methods for the selection of the best
#     Copyright (C) 2003 Mauro Birattari
#------------------------------------------------------------------------------
# installed at: /home/alazcano/R/x86_64-redhat-linux-gnu-library/4.0/irace
# called with: --scenario scenario.txt --parallel 40
# 2025-06-18 09:48:47 -04: Reading parameter file '/home/alazcano/RESCOL/Instancias/test_container/test_2000/experimentation/parametros.txt'.
# 2025-06-18 09:48:47 -04: Initialization
# Elitist race
# Elitist new instances: 1
# Elitist limit: 2
# nbIterations: 4
# minNbSurvival: 4
# nbParameters: 7
# seed: 706670355
# confidence level: 0.95
# budget: 200
# mu: 5
# deterministic: FALSE
# boundMax: 20

# 2025-06-18 09:48:47 -04: Iteration 1 of 4
# experimentsUsed: 0
# remainingBudget: 200
# currentBudget: 50
# nbConfigurations: 8
# Markers:
     x No test is performed.
     c Configurations are discarded only due to capping.
     - The test is performed and some configurations are discarded.
     = The test is performed but no configuration is discarded.
     ! The test is performed and configurations could be discarded but elite configurations are preserved.
     . All alive configurations are elite and nothing is discarded.

+-+-----------+-----------+-----------+----------------+-----------+--------+-----+----+------+
| |   Instance|      Alive|       Best|       Mean best| Exp so far|  W time|  rho|KenW|  Qvar|
+-+-----------+-----------+-----------+----------------+-----------+--------+-----+----+------+
|x|          1|          8|          2|     158701.2800|          8|00:08:01|   NA|  NA|    NA|
|x|          2|          8|          5|     165832.8800|         16|00:08:01|-0.12|0.44|0.9540|
|x|          3|          8|          5|     164839.0500|         24|00:08:01|+0.27|0.51|0.6246|
|x|          4|          8|          5|     162211.3250|         32|00:08:01|+0.38|0.53|0.5355|
|-|          5|          5|          5|     164397.0420|         40|00:08:01|-0.04|0.17|0.7406|
|=|          6|          5|          5|     163677.1767|         45|00:08:00|+0.07|0.22|0.6376|
|=|          7|          5|          5|     162134.9357|         50|00:08:00|+0.15|0.27|0.5820|
+-+-----------+-----------+-----------+----------------+-----------+--------+-----+----+------+
Best-so-far configuration:           5    mean value:      162134.9357
Description of the best-so-far configuration:
  .ID. num_hormigas   alfa    rho    tau valor_limitador valor_sin_nuevas_visitas rho_sec .PARENT.
5    5            8 4.5229 0.0643 7.6076               2                        3  0.1109       NA

# 2025-06-18 10:44:58 -04: Elite configurations (first number is the configuration ID; listed from best to worst according to the sum of ranks):
  num_hormigas   alfa    rho    tau valor_limitador valor_sin_nuevas_visitas rho_sec
5            8 4.5229 0.0643 7.6076               2                        3  0.1109
2           26 0.1567 0.0955 8.7326               3                        1  0.2671
7           29 3.2754 0.1268 9.8576               3                        2  0.1734
6           22 2.0279 0.1893 3.1076               4                        1  0.2359
# 2025-06-18 10:44:58 -04: Iteration 2 of 4
# experimentsUsed: 50
# remainingBudget: 150
# currentBudget: 50
# nbConfigurations: 9
# Markers:
     x No test is performed.
     c Configurations are discarded only due to capping.
     - The test is performed and some configurations are discarded.
     = The test is performed but no configuration is discarded.
     ! The test is performed and configurations could be discarded but elite configurations are preserved.
     . All alive configurations are elite and nothing is discarded.

+-+-----------+-----------+-----------+----------------+-----------+--------+-----+----+------+
| |   Instance|      Alive|       Best|       Mean best| Exp so far|  W time|  rho|KenW|  Qvar|
+-+-----------+-----------+-----------+----------------+-----------+--------+-----+----+------+
|x|          8|          9|          2|     157748.1200|          9|00:08:01|   NA|  NA|    NA|
|x|          7|          9|          2|     159722.6000|         14|00:08:00|+0.38|0.69|0.4831|
|x|          6|          9|          2|     160996.7900|         19|00:08:00|+0.36|0.57|0.3486|
|x|          4|          9|          5|     160748.7225|         24|00:08:01|+0.38|0.54|0.3217|
|-|          1|          6|          2|     162610.4540|         29|00:08:00|-0.07|0.15|0.9315|
|=|          3|          6|          5|     162351.4433|         31|00:08:00|-0.08|0.10|0.9005|
|=|          2|          6|          5|     162501.7200|         33|00:08:00|-0.12|0.04|0.9261|
|=|          5|          6|          2|     164372.3687|         35|00:08:00|-0.12|0.02|0.9359|
|=|          9|          6|          5|     164091.5956|         41|00:08:01|-0.12|0.00|0.9314|
+-+-----------+-----------+-----------+----------------+-----------+--------+-----+----+------+
Best-so-far configuration:           5    mean value:      164091.5956
Description of the best-so-far configuration:
  .ID. num_hormigas   alfa    rho    tau valor_limitador valor_sin_nuevas_visitas rho_sec .PARENT.
5    5            8 4.5229 0.0643 7.6076               2                        3  0.1109       NA

# 2025-06-18 11:57:06 -04: Elite configurations (first number is the configuration ID; listed from best to worst according to the sum of ranks):
   num_hormigas   alfa    rho    tau valor_limitador valor_sin_nuevas_visitas rho_sec
5             8 4.5229 0.0643 7.6076               2                        3  0.1109
2            26 0.1567 0.0955 8.7326               3                        1  0.2671
13           27 0.2397 0.0707 5.5616               3                        1  0.1974
7            29 3.2754 0.1268 9.8576               3                        2  0.1734
# 2025-06-18 11:57:06 -04: Iteration 3 of 4
# experimentsUsed: 91
# remainingBudget: 109
# currentBudget: 54
# nbConfigurations: 9
# Markers:
     x No test is performed.
     c Configurations are discarded only due to capping.
     - The test is performed and some configurations are discarded.
     = The test is performed but no configuration is discarded.
     ! The test is performed and configurations could be discarded but elite configurations are preserved.
     . All alive configurations are elite and nothing is discarded.

+-+-----------+-----------+-----------+----------------+-----------+--------+-----+----+------+
| |   Instance|      Alive|       Best|       Mean best| Exp so far|  W time|  rho|KenW|  Qvar|
+-+-----------+-----------+-----------+----------------+-----------+--------+-----+----+------+
|x|         10|          9|          7|     153137.3600|          9|00:08:01|   NA|  NA|    NA|
|x|          6|          9|          7|     155906.1750|         14|00:08:01|+0.28|0.64|0.5951|
|x|          7|          9|          7|     162567.8600|         19|00:08:01|+0.31|0.54|0.6399|
|x|          4|          9|          5|     157706.9625|         24|00:08:01|+0.34|0.51|0.5320|
|-|          3|          6|          5|     158735.8480|         29|00:08:01|+0.01|0.21|0.7874|
|=|          9|          6|          5|     159975.2750|         31|00:08:00|-0.02|0.15|0.8228|
|=|          8|          6|         15|     161634.9314|         33|00:08:00|-0.02|0.13|0.8337|
|=|          1|          6|         17|     162337.8687|         35|00:08:00|-0.06|0.07|0.8436|
|=|          5|          6|         17|     162135.2367|         37|00:08:00|-0.08|0.04|0.8710|
|=|          2|          6|         17|     162539.4350|         39|00:08:00|-0.09|0.02|0.8819|
|=|         11|          6|         17|     162998.6209|         45|00:08:01|-0.08|0.02|0.8831|
+-+-----------+-----------+-----------+----------------+-----------+--------+-----+----+------+
Best-so-far configuration:          17    mean value:      162998.6209
Description of the best-so-far configuration:
   .ID. num_hormigas   alfa    rho    tau valor_limitador valor_sin_nuevas_visitas rho_sec .PARENT.
17   17           23 0.7712 0.1339 7.6116               3                        1  0.1914       13

# 2025-06-18 13:25:16 -04: Elite configurations (first number is the configuration ID; listed from best to worst according to the sum of ranks):
   num_hormigas   alfa    rho    tau valor_limitador valor_sin_nuevas_visitas rho_sec
17           23 0.7712 0.1339 7.6116               3                        1  0.1914
15           12 2.0062 0.1300 5.9454               2                        3  0.0663
5             8 4.5229 0.0643 7.6076               2                        3  0.1109
13           27 0.2397 0.0707 5.5616               3                        1  0.1974
# 2025-06-18 13:25:16 -04: Iteration 4 of 4
# experimentsUsed: 136
# remainingBudget: 64
# currentBudget: 64
# nbConfigurations: 9
# Markers:
     x No test is performed.
     c Configurations are discarded only due to capping.
     - The test is performed and some configurations are discarded.
     = The test is performed but no configuration is discarded.
     ! The test is performed and configurations could be discarded but elite configurations are preserved.
     . All alive configurations are elite and nothing is discarded.

+-+-----------+-----------+-----------+----------------+-----------+--------+-----+----+------+
| |   Instance|      Alive|       Best|       Mean best| Exp so far|  W time|  rho|KenW|  Qvar|
+-+-----------+-----------+-----------+----------------+-----------+--------+-----+----+------+
|x|         12|          9|         17|     158817.6000|          9|00:08:02|   NA|  NA|    NA|
|x|          3|          9|         17|     159247.3500|         14|00:08:01|+0.42|0.71|0.2958|
|x|          1|          9|         17|     155283.6900|         19|00:08:01|+0.53|0.69|0.3382|
|x|          4|          9|         17|     156701.9000|         24|00:08:01|+0.40|0.55|0.4880|
|-|          2|          5|         17|     158596.9640|         29|00:08:01|-0.05|0.16|0.8178|
|=|          8|          5|         17|     158597.4667|         30|00:08:00|-0.05|0.13|0.8423|
|=|         11|          5|         17|     159882.1829|         31|00:08:00|-0.05|0.10|0.8403|
|=|         10|          5|         17|     160547.6500|         32|00:08:00|-0.04|0.09|0.8476|
|=|          5|          5|         17|     160543.9311|         33|00:08:00|-0.01|0.11|0.8278|
|=|          9|          5|         17|     160563.6520|         34|00:08:00|+0.03|0.13|0.7938|
|=|          6|          5|         17|     160712.1027|         35|00:08:00|+0.05|0.14|0.7699|
|=|          7|          5|         17|     162650.2025|         36|00:08:00|+0.02|0.10|0.8024|
|=|         13|          5|         17|     162859.0254|         41|00:08:00|-0.02|0.06|0.8159|
+-+-----------+-----------+-----------+----------------+-----------+--------+-----+----+------+
Best-so-far configuration:          17    mean value:      162859.0254
Description of the best-so-far configuration:
   .ID. num_hormigas   alfa    rho    tau valor_limitador valor_sin_nuevas_visitas rho_sec .PARENT.
17   17           23 0.7712 0.1339 7.6116               3                        1  0.1914       13

# 2025-06-18 15:09:26 -04: Elite configurations (first number is the configuration ID; listed from best to worst according to the sum of ranks):
   num_hormigas   alfa    rho    tau valor_limitador valor_sin_nuevas_visitas rho_sec
17           23 0.7712 0.1339 7.6116               3                        1  0.1914
5             8 4.5229 0.0643 7.6076               2                        3  0.1109
13           27 0.2397 0.0707 5.5616               3                        1  0.1974
15           12 2.0062 0.1300 5.9454               2                        3  0.0663
# 2025-06-18 15:09:26 -04: Iteration 5 of 5
# experimentsUsed: 177
# remainingBudget: 23
# currentBudget: 23
# nbConfigurations: 5
# Markers:
     x No test is performed.
     c Configurations are discarded only due to capping.
     - The test is performed and some configurations are discarded.
     = The test is performed but no configuration is discarded.
     ! The test is performed and configurations could be discarded but elite configurations are preserved.
     . All alive configurations are elite and nothing is discarded.

+-+-----------+-----------+-----------+----------------+-----------+--------+-----+----+------+
| |   Instance|      Alive|       Best|       Mean best| Exp so far|  W time|  rho|KenW|  Qvar|
+-+-----------+-----------+-----------+----------------+-----------+--------+-----+----+------+
|x|         14|          5|         13|     160626.1100|          5|00:08:01|   NA|  NA|    NA|
|x|         10|          5|         15|     158943.5450|          6|00:08:00|-0.10|0.45|0.7119|
|x|          1|          5|         15|     162438.4567|          7|00:08:00|-0.33|0.11|1.0735|
|x|          9|          5|         15|     161708.9425|          8|00:08:00|-0.05|0.21|0.8641|
|=|          5|          5|         13|     162064.5920|          9|00:08:00|-0.07|0.14|0.8868|
|=|          3|          5|         15|     162799.8750|         10|00:08:00|-0.05|0.13|0.8380|
|=|          4|          5|         15|     164378.5371|         11|00:08:00|-0.11|0.05|0.8658|
|=|         11|          5|         17|     162732.2038|         12|00:08:00|-0.12|0.02|0.8824|
|=|          6|          5|          5|     163292.9444|         13|00:08:00|-0.09|0.03|0.8739|
|=|          8|          5|         17|     162265.4220|         14|00:08:00|-0.09|0.02|0.8656|
|=|         12|          5|         17|     161951.9836|         15|00:08:00|-0.07|0.03|0.8490|
|=|         13|          5|         17|     162236.3933|         16|00:08:00|-0.07|0.02|0.8335|
|=|          2|          5|         13|     164756.5769|         17|00:08:00|-0.07|0.02|0.8413|
|=|          7|          5|         13|     166028.2593|         18|00:08:00|-0.07|0.01|0.8506|
|=|         15|          5|         13|     165653.9207|         23|00:08:01|-0.06|0.01|0.8378|
+-+-----------+-----------+-----------+----------------+-----------+--------+-----+----+------+
Best-so-far configuration:          13    mean value:      165653.9207
Description of the best-so-far configuration:
   .ID. num_hormigas   alfa    rho    tau valor_limitador valor_sin_nuevas_visitas rho_sec .PARENT.
13   13           27 0.2397 0.0707 5.5616               3                        1  0.1974        2

# 2025-06-18 17:09:33 -04: Elite configurations (first number is the configuration ID; listed from best to worst according to the sum of ranks):
   num_hormigas   alfa    rho    tau valor_limitador valor_sin_nuevas_visitas rho_sec
13           27 0.2397 0.0707 5.5616               3                        1  0.1974
5             8 4.5229 0.0643 7.6076               2                        3  0.1109
17           23 0.7712 0.1339 7.6116               3                        1  0.1914
24           26 0.3943 0.1109 1.7790               3                        1  0.2271
# 2025-06-18 17:09:33 -04: Stopped because budget is exhausted
# Iteration: 6
# nbIterations: 5
# experimentsUsed: 200
# timeUsed: 0
# remainingBudget: 0
# currentBudget: 23
# number of elites: 4
# nbConfigurations: 5
# Total CPU user time: 94915.12, CPU sys time: 1124.757, Wall-clock time: 26445.53
# Best configurations (first number is the configuration ID; listed from best to worst according to the sum of ranks):
   num_hormigas   alfa    rho    tau valor_limitador valor_sin_nuevas_visitas rho_sec
13           27 0.2397 0.0707 5.5616               3                        1  0.1974
5             8 4.5229 0.0643 7.6076               2                        3  0.1109
17           23 0.7712 0.1339 7.6116               3                        1  0.1914
24           26 0.3943 0.1109 1.7790               3                        1  0.2271
# Best configurations as commandlines (first number is the configuration ID; listed from best to worst according to the sum of ranks):
13 --num-hormigas 27 --alfa 0.2397 --rho 0.0707 --tau-as 5.5616 --valor-limitador 3 --valor-sin-nuevas-visitas 1 --rho-sec 0.1974
5  --num-hormigas 8 --alfa 4.5229 --rho 0.0643 --tau-as 7.6076 --valor-limitador 2 --valor-sin-nuevas-visitas 3 --rho-sec 0.1109
17 --num-hormigas 23 --alfa 0.7712 --rho 0.1339 --tau-as 7.6116 --valor-limitador 3 --valor-sin-nuevas-visitas 1 --rho-sec 0.1914
24 --num-hormigas 26 --alfa 0.3943 --rho 0.1109 --tau-as 1.779 --valor-limitador 3 --valor-sin-nuevas-visitas 1 --rho-sec 0.2271


# Testing of elite configurations: 1 
# Testing iteration configurations: FALSE 
# 2025-06-18 17:09:33 -04: No test instances, skip testing
Warning message:
In readLines(con = file) :
  incomplete final line found on '/home/alazcano/RESCOL/Instancias/test_container/test_2000/experimentation/parametros.txt'
