nohup: ignoring input
#------------------------------------------------------------------------------
# irace: An implementation in R of (Elitist) Iterated Racing
# Version: 4.2.0.b50b134
# Copyright (C) 2010-2025
# Manuel Lopez-Ibanez     <manuel.lopez-ibanez@manchester.ac.uk>
# Jeremie Dubois-Lacoste
# Leslie Perez Caceres    <leslie.perez.caceres@ulb.ac.be>
#
# This is free software, and you are welcome to redistribute it under certain
# conditions.  See the GNU General Public License for details. There is NO
# WARRANTY; not even for MERCHANTABILITY or FITNESS FOR A PARTICULAR PURPOSE.
#
# irace builds upon previous code from the race package:
#     race: Racing methods for the selection of the best
#     Copyright (C) 2003 Mauro Birattari
#------------------------------------------------------------------------------
# installed at: /home/alazcano/R/x86_64-redhat-linux-gnu-library/4.0/irace
# called with: --scenario scenario.txt --parallel 40
# 2025-06-07 18:08:14 -04: Reading parameter file '/home/alazcano/RESCOL/Instancias/test_container/test_2000/experimentation/parametros.txt'.
# 2025-06-07 18:08:14 -04: Initialization
# Elitist race
# Elitist new instances: 1
# Elitist limit: 2
# nbIterations: 4
# minNbSurvival: 4
# nbParameters: 7
# seed: 1632205271
# confidence level: 0.95
# budget: 2000
# mu: 5
# deterministic: FALSE
# boundMax: 20

# 2025-06-07 18:08:14 -04: Iteration 1 of 4
# experimentsUsed: 0
# remainingBudget: 2000
# currentBudget: 500
# nbConfigurations: 83
# Markers:
     x No test is performed.
     c Configurations are discarded only due to capping.
     - The test is performed and some configurations are discarded.
     = The test is performed but no configuration is discarded.
     ! The test is performed and configurations could be discarded but elite configurations are preserved.
     . All alive configurations are elite and nothing is discarded.

+-+-----------+-----------+-----------+----------------+-----------+--------+-----+----+------+
| |   Instance|      Alive|       Best|       Mean best| Exp so far|  W time|  rho|KenW|  Qvar|
+-+-----------+-----------+-----------+----------------+-----------+--------+-----+----+------+
|x|          1|         83|         34|     2132848.820|         83|00:24:02|   NA|  NA|    NA|
|x|          2|         83|         34|     2151660.895|        166|00:24:01|+0.63|0.81|0.3382|
|x|          3|         83|         34|     2149025.653|        249|00:24:01|+0.68|0.79|0.2991|
|x|          4|         83|         34|     2171022.942|        332|00:24:01|+0.70|0.78|0.2936|
|-|          5|         16|         34|     2173282.186|        415|00:24:02|-0.01|0.19|0.9248|
|=|          6|         16|         34|     2172934.828|        431|00:08:01|+0.05|0.21|0.8810|
|=|          7|         16|         34|     2163859.261|        447|00:08:01|+0.07|0.20|0.8694|
+-+-----------+-----------+-----------+----------------+-----------+--------+-----+----+------+
Best-so-far configuration:          34    mean value:      2163859.261
Description of the best-so-far configuration:
   .ID. num_hormigas   alfa    rho  tau valor_limitador valor_sin_nuevas_visitas rho_sec .PARENT.
34   34            9 3.3192 0.0601 7.78               1                        1  0.0742       NA

# 2025-06-07 20:24:26 -04: Elite configurations (first number is the configuration ID; listed from best to worst according to the sum of ranks):
   num_hormigas   alfa    rho    tau valor_limitador valor_sin_nuevas_visitas rho_sec
34            9 3.3192 0.0601 7.7800               1                        1  0.0742
83            8 4.2159 0.0503 4.3347               3                        3  0.1386
12            7 4.8006 0.1499 1.1706               1                        1  0.1093
54           28 0.0445 0.0522 6.3737               2                        1  0.1445
# 2025-06-07 20:24:26 -04: Iteration 2 of 4
# experimentsUsed: 447
# remainingBudget: 1553
# currentBudget: 517
# nbConfigurations: 68
# Markers:
     x No test is performed.
     c Configurations are discarded only due to capping.
     - The test is performed and some configurations are discarded.
     = The test is performed but no configuration is discarded.
     ! The test is performed and configurations could be discarded but elite configurations are preserved.
     . All alive configurations are elite and nothing is discarded.

+-+-----------+-----------+-----------+----------------+-----------+--------+-----+----+------+
| |   Instance|      Alive|       Best|       Mean best| Exp so far|  W time|  rho|KenW|  Qvar|
+-+-----------+-----------+-----------+----------------+-----------+--------+-----+----+------+
|x|          8|         68|         90|     2056133.150|         68|00:16:02|   NA|  NA|    NA|
|x|          3|         68|         88|     2141701.125|        132|00:16:02|+0.69|0.84|0.3099|
|x|          1|         68|         88|     2140888.860|        196|00:16:02|+0.74|0.83|0.2770|
|x|          5|         68|        137|     2170473.710|        260|00:16:02|+0.69|0.77|0.3276|
|-|          4|         20|        137|     2148700.602|        324|00:16:02|-0.02|0.18|0.9384|
|=|          7|         20|        137|     2124787.495|        340|00:08:01|+0.02|0.18|0.8956|
|=|          2|         20|        137|     2134226.291|        356|00:08:01|+0.03|0.17|0.9000|
|=|          6|         20|        137|     2139235.694|        372|00:08:01|+0.06|0.18|0.8880|
|=|          9|         20|         88|     2158308.004|        392|00:08:01|+0.06|0.17|0.8855|
+-+-----------+-----------+-----------+----------------+-----------+--------+-----+----+------+
Best-so-far configuration:          88    mean value:      2158308.004
Description of the best-so-far configuration:
   .ID. num_hormigas   alfa    rho   tau valor_limitador valor_sin_nuevas_visitas rho_sec .PARENT.
88   88           17 4.4566 0.0848 8.449               4                        1  0.1277       34

# 2025-06-07 22:16:46 -04: Elite configurations (first number is the configuration ID; listed from best to worst according to the sum of ranks):
    num_hormigas   alfa    rho    tau valor_limitador valor_sin_nuevas_visitas rho_sec
88            17 4.4566 0.0848 8.4490               4                        1  0.1277
34             9 3.3192 0.0601 7.7800               1                        1  0.0742
137           11 3.3737 0.0796 7.1346               2                        1  0.0807
124           20 4.4927 0.0860 9.5727               1                        1  0.0921
# 2025-06-07 22:16:46 -04: Iteration 3 of 4
# experimentsUsed: 839
# remainingBudget: 1161
# currentBudget: 580
# nbConfigurations: 61
# Markers:
     x No test is performed.
     c Configurations are discarded only due to capping.
     - The test is performed and some configurations are discarded.
     = The test is performed but no configuration is discarded.
     ! The test is performed and configurations could be discarded but elite configurations are preserved.
     . All alive configurations are elite and nothing is discarded.

+-+-----------+-----------+-----------+----------------+-----------+--------+-----+----+------+
| |   Instance|      Alive|       Best|       Mean best| Exp so far|  W time|  rho|KenW|  Qvar|
+-+-----------+-----------+-----------+----------------+-----------+--------+-----+----+------+
|x|         10|         61|        202|     2053589.680|         61|00:16:02|   NA|  NA|    NA|
|x|          1|         61|        202|     2098708.235|        118|00:16:02|+0.58|0.79|0.2804|
|x|          3|         61|        160|     2087715.093|        175|00:16:02|+0.62|0.75|0.2521|
|x|          4|         61|        164|     2071786.823|        232|00:16:02|+0.61|0.71|0.2415|
|-|          2|         22|        164|     2084392.540|        289|00:16:02|-0.11|0.11|1.0389|
|=|          5|         22|        160|     2105281.795|        307|00:08:01|-0.08|0.10|0.9975|
|=|          6|         22|        160|     2105922.426|        325|00:08:01|-0.05|0.10|0.9860|
|=|          7|         22|        160|     2106417.306|        343|00:08:01|-0.01|0.12|0.9403|
|=|          9|         22|        160|     2110040.229|        361|00:08:01|+0.00|0.11|0.9362|
|=|          8|         22|        160|     2110524.387|        379|00:08:01|-0.01|0.09|0.9445|
|=|         11|         22|        160|     2114032.157|        401|00:08:01|-0.00|0.09|0.9438|
+-+-----------+-----------+-----------+----------------+-----------+--------+-----+----+------+
Best-so-far configuration:         160    mean value:      2114032.157
Description of the best-so-far configuration:
    .ID. num_hormigas   alfa    rho    tau valor_limitador valor_sin_nuevas_visitas rho_sec .PARENT.
160  160           16 4.5862 0.0793 7.8316               4                        1  0.0569      124

# 2025-06-08 00:25:06 -04: Elite configurations (first number is the configuration ID; listed from best to worst according to the sum of ranks):
    num_hormigas   alfa    rho    tau valor_limitador valor_sin_nuevas_visitas rho_sec
160           16 4.5862 0.0793 7.8316               4                        1  0.0569
183            9 4.6322 0.0666 7.7240               1                        1  0.0524
164           15 4.4705 0.0580 7.9484               2                        1  0.1129
175           21 4.2358 0.0738 8.1801               4                        1  0.0980
# 2025-06-08 00:25:06 -04: Iteration 4 of 4
# experimentsUsed: 1240
# remainingBudget: 760
# currentBudget: 760
# nbConfigurations: 67
# Markers:
     x No test is performed.
     c Configurations are discarded only due to capping.
     - The test is performed and some configurations are discarded.
     = The test is performed but no configuration is discarded.
     ! The test is performed and configurations could be discarded but elite configurations are preserved.
     . All alive configurations are elite and nothing is discarded.

+-+-----------+-----------+-----------+----------------+-----------+--------+-----+----+------+
| |   Instance|      Alive|       Best|       Mean best| Exp so far|  W time|  rho|KenW|  Qvar|
+-+-----------+-----------+-----------+----------------+-----------+--------+-----+----+------+
|x|         12|         67|        240|     1949438.750|         67|00:16:02|   NA|  NA|    NA|
|x|          3|         67|        233|     2064830.995|        130|00:16:02|+0.24|0.62|0.8355|
|x|          7|         67|        211|     2047285.357|        193|00:16:02|+0.15|0.43|0.8473|
|x|          1|         67|        211|     2056843.583|        256|00:16:02|+0.19|0.39|0.7875|
|-|         10|         31|        211|     2070447.134|        319|00:16:02|-0.06|0.15|1.0703|
|=|          5|         31|        211|     2057635.490|        346|00:08:01|-0.01|0.16|1.0184|
|=|         11|         31|        234|     2074690.526|        373|00:08:01|-0.01|0.14|0.9931|
|=|          2|         31|        234|     2071872.070|        400|00:08:01|+0.01|0.13|0.9808|
|=|          9|         31|        211|     2085576.844|        427|00:08:01|+0.00|0.11|0.9812|
|=|          8|         31|        211|     2095614.786|        454|00:08:01|-0.02|0.08|0.9980|
|=|          6|         31|        226|     2087567.246|        481|00:08:01|-0.03|0.07|0.9959|
|=|          4|         31|        226|     2093890.491|        508|00:08:01|-0.03|0.05|1.0044|
|=|         13|         31|        226|     2093400.710|        539|00:08:01|-0.04|0.04|1.0046|
+-+-----------+-----------+-----------+----------------+-----------+--------+-----+----+------+
Best-so-far configuration:         226    mean value:      2093400.710
Description of the best-so-far configuration:
    .ID. num_hormigas   alfa    rho    tau valor_limitador valor_sin_nuevas_visitas rho_sec .PARENT.
226  226           16 4.9594 0.0826 8.4368               4                        1  0.0683      160

# 2025-06-08 02:49:32 -04: Elite configurations (first number is the configuration ID; listed from best to worst according to the sum of ranks):
    num_hormigas   alfa    rho    tau valor_limitador valor_sin_nuevas_visitas rho_sec
226           16 4.9594 0.0826 8.4368               4                        1  0.0683
234           16 4.4276 0.0771 8.4558               1                        1  0.0980
211           11 4.4418 0.0593 6.4159               4                        1  0.0582
160           16 4.5862 0.0793 7.8316               4                        1  0.0569
# 2025-06-08 02:49:32 -04: Iteration 5 of 5
# experimentsUsed: 1779
# remainingBudget: 221
# currentBudget: 221
# nbConfigurations: 19
# Markers:
     x No test is performed.
     c Configurations are discarded only due to capping.
     - The test is performed and some configurations are discarded.
     = The test is performed but no configuration is discarded.
     ! The test is performed and configurations could be discarded but elite configurations are preserved.
     . All alive configurations are elite and nothing is discarded.

+-+-----------+-----------+-----------+----------------+-----------+--------+-----+----+------+
| |   Instance|      Alive|       Best|       Mean best| Exp so far|  W time|  rho|KenW|  Qvar|
+-+-----------+-----------+-----------+----------------+-----------+--------+-----+----+------+
|x|         14|         19|        211|     1861339.390|         19|00:08:01|   NA|  NA|    NA|
|x|         13|         19|        281|     2035386.470|         34|00:08:01|+0.08|0.54|0.9765|
|x|          7|         19|        211|     1992681.137|         49|00:08:01|+0.09|0.39|0.8881|
|x|          8|         19|        274|     2054919.740|         64|00:08:01|+0.17|0.38|0.8551|
|=|         11|         19|        226|     2112523.708|         79|00:08:01|+0.13|0.30|0.9104|
|=|          4|         19|        226|     2121010.787|         94|00:08:01|+0.03|0.19|0.9740|
|=|          1|         19|        226|     2111405.001|        109|00:08:01|+0.10|0.23|0.9077|
|=|         10|         19|        268|     2100440.801|        124|00:08:01|+0.09|0.20|0.9088|
|-|          6|         13|        226|     2095772.491|        139|00:08:01|-0.02|0.10|0.9650|
|=|          5|         13|        226|     2092587.723|        148|00:08:00|-0.00|0.10|0.9445|
|=|          3|         13|        274|     2095893.472|        157|00:08:01|+0.01|0.10|0.9304|
|=|         12|         13|        274|     2100864.024|        166|00:08:01|+0.03|0.11|0.9108|
|=|          2|         13|        274|     2098647.494|        175|00:08:01|+0.04|0.11|0.8980|
|=|          9|         13|        226|     2098342.987|        184|00:08:01|+0.04|0.10|0.9011|
|=|         15|         13|        226|     2099907.148|        197|00:08:01|+0.01|0.08|0.9150|
+-+-----------+-----------+-----------+----------------+-----------+--------+-----+----+------+
Best-so-far configuration:         226    mean value:      2099907.148
Description of the best-so-far configuration:
    .ID. num_hormigas   alfa    rho    tau valor_limitador valor_sin_nuevas_visitas rho_sec .PARENT.
226  226           16 4.9594 0.0826 8.4368               4                        1  0.0683      160

# 2025-06-08 04:49:50 -04: Elite configurations (first number is the configuration ID; listed from best to worst according to the sum of ranks):
    num_hormigas   alfa    rho    tau valor_limitador valor_sin_nuevas_visitas rho_sec
226           16 4.9594 0.0826 8.4368               4                        1  0.0683
234           16 4.4276 0.0771 8.4558               1                        1  0.0980
160           16 4.5862 0.0793 7.8316               4                        1  0.0569
274           17 4.8265 0.0778 8.4117               4                        1  0.0531
# 2025-06-08 04:49:50 -04: Iteration 6 of 6
# experimentsUsed: 1976
# remainingBudget: 24
# currentBudget: 24
# nbConfigurations: 5
# Markers:
     x No test is performed.
     c Configurations are discarded only due to capping.
     - The test is performed and some configurations are discarded.
     = The test is performed but no configuration is discarded.
     ! The test is performed and configurations could be discarded but elite configurations are preserved.
     . All alive configurations are elite and nothing is discarded.

+-+-----------+-----------+-----------+----------------+-----------+--------+-----+----+------+
| |   Instance|      Alive|       Best|       Mean best| Exp so far|  W time|  rho|KenW|  Qvar|
+-+-----------+-----------+-----------+----------------+-----------+--------+-----+----+------+
|x|         16|          5|        226|     2055911.980|          5|00:08:00|   NA|  NA|    NA|
|x|         15|          5|        226|     2088858.690|          6|00:08:00|-0.10|0.45|0.7198|
|x|         12|          5|        234|     2099222.377|          7|00:08:00|+0.07|0.38|0.7636|
|x|         14|          5|        160|     2080229.528|          8|00:08:00|-0.12|0.16|0.8803|
|=|          6|          5|        160|     2086136.864|          9|00:08:00|+0.03|0.22|0.7718|
|=|          1|          5|        160|     2076694.095|         10|00:08:00|+0.15|0.29|0.6719|
|=|         10|          5|        160|     2082856.547|         11|00:08:00|+0.11|0.24|0.7281|
|=|          4|          5|        234|     2098185.736|         12|00:08:00|+0.05|0.17|0.7755|
|=|          8|          5|        234|     2114289.916|         13|00:08:00|-0.03|0.08|0.8204|
|=|          3|          5|        234|     2109740.266|         14|00:08:00|-0.01|0.09|0.7989|
|=|          7|          5|        274|     2094069.237|         15|00:08:00|-0.05|0.04|0.8298|
|=|         11|          5|        234|     2103786.442|         16|00:08:00|-0.05|0.04|0.8367|
|=|          5|          5|        234|     2103436.593|         17|00:08:00|-0.03|0.05|0.8139|
|=|         13|          5|        234|     2104459.239|         18|00:08:00|-0.01|0.07|0.7857|
|=|          9|          5|        226|     2091825.391|         19|00:08:00|+0.02|0.08|0.7720|
|=|          2|          5|        234|     2106456.752|         20|00:08:00|+0.03|0.09|0.7660|
+-+-----------+-----------+-----------+----------------+-----------+--------+-----+----+------+
Best-so-far configuration:         234    mean value:      2106456.752
Description of the best-so-far configuration:
    .ID. num_hormigas   alfa    rho    tau valor_limitador valor_sin_nuevas_visitas rho_sec .PARENT.
234  234           16 4.4276 0.0771 8.4558               1                        1   0.098      164

# 2025-06-08 06:58:00 -04: Elite configurations (first number is the configuration ID; listed from best to worst according to the sum of ranks):
    num_hormigas   alfa    rho    tau valor_limitador valor_sin_nuevas_visitas rho_sec
234           16 4.4276 0.0771 8.4558               1                        1  0.0980
226           16 4.9594 0.0826 8.4368               4                        1  0.0683
160           16 4.5862 0.0793 7.8316               4                        1  0.0569
274           17 4.8265 0.0778 8.4117               4                        1  0.0531
# 2025-06-08 06:58:00 -04: Stopped because there is not enough budget left to race more than the minimum (4).
# You may either increase the budget or set 'minNbSurvival' to a lower value.
# Iteration: 7
# nbIterations: 7
# experimentsUsed: 1996
# timeUsed: 0
# remainingBudget: 4
# currentBudget: 4
# number of elites: 4
# nbConfigurations: 4
# Total CPU user time: 951181.4, CPU sys time: 5640.406, Wall-clock time: 46185.67
# 2025-06-08 06:58:00 -04: Starting post-selection:
# Configurations selected: 234, 226, 160, 274.
# Pending instances: 0, 0, 0, 0.
# 2025-06-08 06:58:00 -04: seed: 1632205271
# Configurations: 4
# Available experiments: 4
# minSurvival: 1
# Markers:
     x No test is performed.
     c Configurations are discarded only due to capping.
     - The test is performed and some configurations are discarded.
     = The test is performed but no configuration is discarded.
     ! The test is performed and configurations could be discarded but elite configurations are preserved.
     . All alive configurations are elite and nothing is discarded.

+-+-----------+-----------+-----------+----------------+-----------+--------+-----+----+------+
| |   Instance|      Alive|       Best|       Mean best| Exp so far|  W time|  rho|KenW|  Qvar|
+-+-----------+-----------+-----------+----------------+-----------+--------+-----+----+------+
|.|          3|          4|        274|     2054504.410|          0|00:00:00|   NA|  NA|    NA|
|.|         12|          4|        274|     2105022.255|          0|00:00:00|-0.40|0.30|0.6872|
|.|         10|          4|        274|     2050725.100|          0|00:00:00|-0.33|0.11|0.8313|
|.|          5|          4|        274|     2051652.772|          0|00:00:00|-0.07|0.20|0.7291|
|.|          2|          4|        274|     2055732.044|          0|00:00:00|-0.04|0.17|0.6982|
|.|         13|          4|        274|     2066798.020|          0|00:00:00|-0.15|0.04|0.8154|
|.|         11|          4|        274|     2110535.556|          0|00:00:00|-0.14|0.02|0.8427|
|.|          4|          4|        274|     2114407.264|          0|00:00:00|-0.08|0.06|0.8127|
|.|          9|          4|        274|     2125651.973|          0|00:00:00|-0.10|0.02|0.8320|
|.|          8|          4|        274|     2117678.857|          0|00:00:00|-0.10|0.01|0.8234|
|.|         14|          4|        274|     2107072.980|          0|00:00:00|-0.09|0.01|0.8084|
|.|         15|          4|        274|     2113627.265|          0|00:00:00|-0.08|0.01|0.8152|
|.|          1|          4|        274|     2114650.048|          0|00:00:00|-0.06|0.02|0.8086|
|.|         16|          4|        274|     2119903.143|          0|00:00:00|-0.05|0.03|0.7998|
|.|          6|          4|        274|     2121421.921|          0|00:00:00|-0.04|0.03|0.7910|
|.|          7|          4|        274|     2116996.553|          0|00:00:00|-0.05|0.01|0.7925|
|=|         17|          4|        226|     2103998.424|          4|00:08:00|-0.06|0.00|0.7928|
+-+-----------+-----------+-----------+----------------+-----------+--------+-----+----+------+
Best-so-far configuration:         226    mean value:      2103998.424
Description of the best-so-far configuration:
    .ID. num_hormigas   alfa    rho    tau valor_limitador valor_sin_nuevas_visitas rho_sec .PARENT.
226  226           16 4.9594 0.0826 8.4368               4                        1  0.0683      160

# 2025-06-08 07:06:00 -04: Elite configurations (first number is the configuration ID; listed from best to worst according to the sum of ranks):
    num_hormigas   alfa    rho    tau valor_limitador valor_sin_nuevas_visitas rho_sec
226           16 4.9594 0.0826 8.4368               4                        1  0.0683
234           16 4.4276 0.0771 8.4558               1                        1  0.0980
160           16 4.5862 0.0793 7.8316               4                        1  0.0569
274           17 4.8265 0.0778 8.4117               4                        1  0.0531
# Total CPU user time: 953090.6, CPU sys time: 5648.471, Wall-clock time: 46666.3
# Best configurations (first number is the configuration ID; listed from best to worst according to the sum of ranks):
    num_hormigas   alfa    rho    tau valor_limitador valor_sin_nuevas_visitas rho_sec
226           16 4.9594 0.0826 8.4368               4                        1  0.0683
234           16 4.4276 0.0771 8.4558               1                        1  0.0980
160           16 4.5862 0.0793 7.8316               4                        1  0.0569
274           17 4.8265 0.0778 8.4117               4                        1  0.0531
# Best configurations as commandlines (first number is the configuration ID; listed from best to worst according to the sum of ranks):
226 --num-hormigas 16 --alfa 4.9594 --rho 0.0826 --tau-as 8.4368 --valor-limitador 4 --valor-sin-nuevas-visitas 1 --rho-sec 0.0683
234 --num-hormigas 16 --alfa 4.4276 --rho 0.0771 --tau-as 8.4558 --valor-limitador 1 --valor-sin-nuevas-visitas 1 --rho-sec 0.098
160 --num-hormigas 16 --alfa 4.5862 --rho 0.0793 --tau-as 7.8316 --valor-limitador 4 --valor-sin-nuevas-visitas 1 --rho-sec 0.0569
274 --num-hormigas 17 --alfa 4.8265 --rho 0.0778 --tau-as 8.4117 --valor-limitador 4 --valor-sin-nuevas-visitas 1 --rho-sec 0.0531


# Testing of elite configurations: 1 
# Testing iteration configurations: FALSE 
# 2025-06-08 07:06:01 -04: No test instances, skip testing
Warning message:
In readLines(con = file) :
  incomplete final line found on '/home/alazcano/RESCOL/Instancias/test_container/test_2000/experimentation/parametros.txt'
