nohup: ignoring input
#------------------------------------------------------------------------------
# irace: An implementation in R of (Elitist) Iterated Racing
# Version: 4.2.0.b50b134
# Copyright (C) 2010-2025
# Manuel Lopez-Ibanez     <manuel.lopez-ibanez@manchester.ac.uk>
# Jeremie Dubois-Lacoste
# Leslie Perez Caceres    <leslie.perez.caceres@ulb.ac.be>
#
# This is free software, and you are welcome to redistribute it under certain
# conditions.  See the GNU General Public License for details. There is NO
# WARRANTY; not even for MERCHANTABILITY or FITNESS FOR A PARTICULAR PURPOSE.
#
# irace builds upon previous code from the race package:
#     race: Racing methods for the selection of the best
#     Copyright (C) 2003 Mauro Birattari
#------------------------------------------------------------------------------
# installed at: /home/alazcano/R/x86_64-redhat-linux-gnu-library/4.0/irace
# called with: --scenario scenario.txt --parallel 40
# 2025-06-16 18:59:29 -04: Reading parameter file '/home/alazcano/RESCOL/Instancias/test_container/test_2000/experimentation/parametros.txt'.
# 2025-06-16 18:59:29 -04: Initialization
# Elitist race
# Elitist new instances: 1
# Elitist limit: 2
# nbIterations: 4
# minNbSurvival: 4
# nbParameters: 7
# seed: 1787526232
# confidence level: 0.95
# budget: 500
# mu: 5
# deterministic: FALSE
# boundMax: 20

# 2025-06-16 18:59:29 -04: Iteration 1 of 4
# experimentsUsed: 0
# remainingBudget: 500
# currentBudget: 125
# nbConfigurations: 20
# Markers:
     x No test is performed.
     c Configurations are discarded only due to capping.
     - The test is performed and some configurations are discarded.
     = The test is performed but no configuration is discarded.
     ! The test is performed and configurations could be discarded but elite configurations are preserved.
     . All alive configurations are elite and nothing is discarded.

+-+-----------+-----------+-----------+----------------+-----------+--------+-----+----+------+
| |   Instance|      Alive|       Best|       Mean best| Exp so far|  W time|  rho|KenW|  Qvar|
+-+-----------+-----------+-----------+----------------+-----------+--------+-----+----+------+
|x|          1|         20|          9|     2060876.090|         20|00:08:01|   NA|  NA|    NA|
|x|          2|         20|          9|     2145145.975|         40|00:08:01|+0.53|0.76|0.4004|
|x|          3|         20|         13|     2271859.437|         60|00:08:01|+0.49|0.66|0.4474|
|x|          4|         20|         13|     2262335.370|         80|00:08:01|+0.52|0.64|0.4546|
|-|          5|          7|         18|     2240455.890|        100|00:08:01|-0.04|0.17|0.7992|
|=|          6|          7|         18|     2259849.707|        107|00:08:01|+0.01|0.17|0.7753|
|=|          7|          7|          6|     2230820.567|        114|00:08:01|+0.06|0.19|0.7488|
+-+-----------+-----------+-----------+----------------+-----------+--------+-----+----+------+
Best-so-far configuration:           6    mean value:      2230820.567
Description of the best-so-far configuration:
  .ID. num_hormigas   alfa    rho    tau valor_limitador valor_sin_nuevas_visitas rho_sec .PARENT.
6    6            2 3.1196 0.1001 7.1302               1                        1  0.0719       NA

# 2025-06-16 19:55:40 -04: Elite configurations (first number is the configuration ID; listed from best to worst according to the sum of ranks):
   num_hormigas   alfa    rho    tau valor_limitador valor_sin_nuevas_visitas rho_sec
6             2 3.1196 0.1001 7.1302               1                        1  0.0719
18           27 3.2755 0.0611 3.4739               3                        1  0.2672
13           15 0.3127 0.0532 2.0677               4                        1  0.2126
3            13 4.9908 0.1939 3.7552               2                        1  0.1657
# 2025-06-16 19:55:40 -04: Iteration 2 of 4
# experimentsUsed: 114
# remainingBudget: 386
# currentBudget: 128
# nbConfigurations: 19
# Markers:
     x No test is performed.
     c Configurations are discarded only due to capping.
     - The test is performed and some configurations are discarded.
     = The test is performed but no configuration is discarded.
     ! The test is performed and configurations could be discarded but elite configurations are preserved.
     . All alive configurations are elite and nothing is discarded.

+-+-----------+-----------+-----------+----------------+-----------+--------+-----+----+------+
| |   Instance|      Alive|       Best|       Mean best| Exp so far|  W time|  rho|KenW|  Qvar|
+-+-----------+-----------+-----------+----------------+-----------+--------+-----+----+------+
|x|          8|         19|         18|     2164118.310|         19|00:08:01|   NA|  NA|    NA|
|x|          5|         19|         18|     2165684.975|         34|00:08:01|+0.68|0.84|0.2868|
|x|          6|         19|         18|     2229396.247|         49|00:08:01|+0.58|0.72|0.3953|
|x|          2|         19|         18|     2234453.163|         64|00:08:01|+0.61|0.71|0.3717|
|-|          3|         11|         24|     2205630.240|         79|00:08:00|-0.08|0.14|1.0221|
|=|          4|         11|         18|     2222021.628|         86|00:08:01|-0.05|0.12|0.9688|
|=|          1|         11|         24|     2231812.769|         93|00:08:01|-0.04|0.11|0.9443|
|=|          7|         11|         35|     2235737.881|        100|00:08:01|-0.06|0.07|0.9578|
|=|          9|         11|          6|     2232188.320|        111|00:08:01|-0.03|0.08|0.9154|
+-+-----------+-----------+-----------+----------------+-----------+--------+-----+----+------+
Best-so-far configuration:           6    mean value:      2232188.320
Description of the best-so-far configuration:
  .ID. num_hormigas   alfa    rho    tau valor_limitador valor_sin_nuevas_visitas rho_sec .PARENT.
6    6            2 3.1196 0.1001 7.1302               1                        1  0.0719       NA

# 2025-06-16 21:07:52 -04: Elite configurations (first number is the configuration ID; listed from best to worst according to the sum of ranks):
   num_hormigas   alfa    rho    tau valor_limitador valor_sin_nuevas_visitas rho_sec
6             2 3.1196 0.1001 7.1302               1                        1  0.0719
24           22 1.8059 0.0852 2.0003               4                        1  0.1804
34           10 2.8914 0.1096 7.5236               1                        1  0.1517
18           27 3.2755 0.0611 3.4739               3                        1  0.2672
# 2025-06-16 21:07:52 -04: Iteration 3 of 4
# experimentsUsed: 225
# remainingBudget: 275
# currentBudget: 137
# nbConfigurations: 17
# Markers:
     x No test is performed.
     c Configurations are discarded only due to capping.
     - The test is performed and some configurations are discarded.
     = The test is performed but no configuration is discarded.
     ! The test is performed and configurations could be discarded but elite configurations are preserved.
     . All alive configurations are elite and nothing is discarded.

+-+-----------+-----------+-----------+----------------+-----------+--------+-----+----+------+
| |   Instance|      Alive|       Best|       Mean best| Exp so far|  W time|  rho|KenW|  Qvar|
+-+-----------+-----------+-----------+----------------+-----------+--------+-----+----+------+
|x|         10|         17|         41|     2168565.330|         17|00:08:01|   NA|  NA|    NA|
|x|          8|         17|         37|     2181262.540|         30|00:08:01|+0.33|0.66|0.3488|
|x|          2|         17|         37|     2156629.287|         43|00:08:01|+0.32|0.55|0.3551|
|x|          9|         17|         37|     2146189.742|         56|00:08:01|+0.29|0.46|0.4936|
|-|          7|         11|         37|     2164098.340|         69|00:08:01|+0.01|0.21|0.8772|
|=|          6|         11|         36|     2181156.720|         76|00:08:01|-0.04|0.13|0.9068|
|=|          5|         11|         37|     2175881.700|         83|00:08:01|-0.01|0.13|0.8782|
|=|          1|         11|         36|     2180457.249|         90|00:08:01|+0.05|0.17|0.8110|
|=|          3|         11|         36|     2181356.038|         97|00:08:01|+0.07|0.18|0.7997|
|=|          4|         11|         36|     2178436.304|        104|00:08:01|+0.06|0.16|0.8098|
|=|         11|         11|         36|     2178195.831|        115|00:08:01|+0.04|0.13|0.8336|
+-+-----------+-----------+-----------+----------------+-----------+--------+-----+----+------+
Best-so-far configuration:          36    mean value:      2178195.831
Description of the best-so-far configuration:
   .ID. num_hormigas   alfa    rho    tau valor_limitador valor_sin_nuevas_visitas rho_sec .PARENT.
36   36           28 3.2471 0.0889 3.5459               4                        1  0.0733       24

# 2025-06-16 22:36:09 -04: Elite configurations (first number is the configuration ID; listed from best to worst according to the sum of ranks):
   num_hormigas   alfa    rho    tau valor_limitador valor_sin_nuevas_visitas rho_sec
36           28 3.2471 0.0889 3.5459               4                        1  0.0733
45           15 3.4442 0.0821 9.7663               1                        1  0.1175
37           28 0.9428 0.1144 5.7513               2                        1  0.1475
41            7 3.1192 0.1287 5.3953               1                        1  0.1599
# 2025-06-16 22:36:09 -04: Iteration 4 of 4
# experimentsUsed: 340
# remainingBudget: 160
# currentBudget: 160
# nbConfigurations: 17
# Markers:
     x No test is performed.
     c Configurations are discarded only due to capping.
     - The test is performed and some configurations are discarded.
     = The test is performed but no configuration is discarded.
     ! The test is performed and configurations could be discarded but elite configurations are preserved.
     . All alive configurations are elite and nothing is discarded.

+-+-----------+-----------+-----------+----------------+-----------+--------+-----+----+------+
| |   Instance|      Alive|       Best|       Mean best| Exp so far|  W time|  rho|KenW|  Qvar|
+-+-----------+-----------+-----------+----------------+-----------+--------+-----+----+------+
|x|         12|         17|         57|     2061449.200|         17|00:08:01|   NA|  NA|    NA|
|x|         11|         17|         41|     2161060.100|         30|00:08:01|+0.19|0.59|0.6008|
|x|          2|         17|         41|     2154526.053|         43|00:08:01|+0.36|0.57|0.5187|
|x|          7|         17|         41|     2171944.340|         56|00:08:01|+0.40|0.55|0.4750|
|-|          1|         12|         45|     2193192.794|         69|00:08:01|-0.07|0.15|1.0140|
|=|          9|         12|         36|     2182246.648|         77|00:08:01|-0.00|0.16|0.9388|
|=|          5|         12|         36|     2189143.680|         85|00:08:01|+0.07|0.20|0.8773|
|-|         10|          8|         45|     2190392.367|         93|00:08:01|-0.03|0.10|0.9044|
|=|          4|          8|         36|     2187037.749|         97|00:08:01|-0.02|0.10|0.8763|
|=|          8|          8|         36|     2184982.095|        101|00:08:01|-0.01|0.09|0.8844|
|=|          3|          8|         36|     2185306.118|        105|00:08:01|+0.01|0.10|0.8641|
|=|          6|          8|         36|     2189429.305|        109|00:08:01|+0.03|0.11|0.8564|
|=|         13|          8|         45|     2182330.755|        117|00:08:01|+0.03|0.10|0.8550|
+-+-----------+-----------+-----------+----------------+-----------+--------+-----+----+------+
Best-so-far configuration:          45    mean value:      2182330.755
Description of the best-so-far configuration:
   .ID. num_hormigas   alfa    rho    tau valor_limitador valor_sin_nuevas_visitas rho_sec .PARENT.
45   45           15 3.4442 0.0821 9.7663               1                        1  0.1175       34

# 2025-06-17 00:20:28 -04: Elite configurations (first number is the configuration ID; listed from best to worst according to the sum of ranks):
   num_hormigas   alfa    rho    tau valor_limitador valor_sin_nuevas_visitas rho_sec
45           15 3.4442 0.0821 9.7663               1                        1  0.1175
36           28 3.2471 0.0889 3.5459               4                        1  0.0733
37           28 0.9428 0.1144 5.7513               2                        1  0.1475
53           25 3.2973 0.1221 4.6456               4                        1  0.0770
# 2025-06-17 00:20:28 -04: Iteration 5 of 5
# experimentsUsed: 457
# remainingBudget: 43
# currentBudget: 43
# nbConfigurations: 6
# Markers:
     x No test is performed.
     c Configurations are discarded only due to capping.
     - The test is performed and some configurations are discarded.
     = The test is performed but no configuration is discarded.
     ! The test is performed and configurations could be discarded but elite configurations are preserved.
     . All alive configurations are elite and nothing is discarded.

+-+-----------+-----------+-----------+----------------+-----------+--------+-----+----+------+
| |   Instance|      Alive|       Best|       Mean best| Exp so far|  W time|  rho|KenW|  Qvar|
+-+-----------+-----------+-----------+----------------+-----------+--------+-----+----+------+
|x|         14|          6|         45|     2113402.490|          6|00:08:01|   NA|  NA|    NA|
|x|          2|          6|         45|     2125221.895|          8|00:08:01|+0.09|0.54|0.7122|
|x|          4|          6|         45|     2146119.923|         10|00:08:01|+0.41|0.61|0.6081|
|x|          5|          6|         45|     2133372.370|         12|00:08:00|+0.40|0.55|0.5028|
|-|          3|          4|         45|     2123025.764|         14|00:08:01|+0.24|0.39|0.5245|
|.|         12|          4|         45|     2131612.255|         14|00:00:00|+0.25|0.38|0.4980|
|.|         10|          4|         45|     2140778.457|         14|00:00:00|+0.22|0.33|0.5120|
|.|          7|          4|         45|     2144893.589|         14|00:00:00|+0.23|0.33|0.4922|
|.|          8|          4|         45|     2157130.268|         14|00:00:00|+0.07|0.17|0.6530|
|.|          9|          4|         45|     2168044.200|         14|00:00:00|+0.02|0.12|0.6914|
|.|          1|          4|         45|     2171544.818|         14|00:00:00|+0.05|0.14|0.6804|
|.|          6|          4|         45|     2174130.567|         14|00:00:00|+0.04|0.12|0.7217|
|.|         11|          4|         45|     2181822.635|         14|00:00:00|+0.01|0.08|0.7416|
|.|         13|          4|         45|     2177407.307|         14|00:00:00|+0.00|0.08|0.7299|
+-+-----------+-----------+-----------+----------------+-----------+--------+-----+----+------+
Best-so-far configuration:          45    mean value:      2177407.307
Description of the best-so-far configuration:
   .ID. num_hormigas   alfa    rho    tau valor_limitador valor_sin_nuevas_visitas rho_sec .PARENT.
45   45           15 3.4442 0.0821 9.7663               1                        1  0.1175       34

# 2025-06-17 01:00:34 -04: Elite configurations (first number is the configuration ID; listed from best to worst according to the sum of ranks):
   num_hormigas   alfa    rho    tau valor_limitador valor_sin_nuevas_visitas rho_sec
45           15 3.4442 0.0821 9.7663               1                        1  0.1175
36           28 3.2471 0.0889 3.5459               4                        1  0.0733
53           25 3.2973 0.1221 4.6456               4                        1  0.0770
37           28 0.9428 0.1144 5.7513               2                        1  0.1475
# 2025-06-17 01:00:34 -04: Iteration 6 of 6
# experimentsUsed: 471
# remainingBudget: 29
# currentBudget: 29
# nbConfigurations: 5
# Markers:
     x No test is performed.
     c Configurations are discarded only due to capping.
     - The test is performed and some configurations are discarded.
     = The test is performed but no configuration is discarded.
     ! The test is performed and configurations could be discarded but elite configurations are preserved.
     . All alive configurations are elite and nothing is discarded.

+-+-----------+-----------+-----------+----------------+-----------+--------+-----+----+------+
| |   Instance|      Alive|       Best|       Mean best| Exp so far|  W time|  rho|KenW|  Qvar|
+-+-----------+-----------+-----------+----------------+-----------+--------+-----+----+------+
|x|         15|          5|         45|     2163197.710|          5|00:08:01|   NA|  NA|    NA|
|x|          7|          5|         45|     2168448.610|          6|00:08:00|+0.10|0.55|0.9714|
|x|          3|          5|         45|     2139512.187|          7|00:08:00|+0.50|0.67|0.5856|
|x|         14|          5|         45|     2132984.763|          8|00:08:00|+0.47|0.60|0.5011|
|-|          1|          4|         45|     2147698.010|          9|00:08:01|+0.66|0.73|0.3793|
|.|         10|          4|         45|     2155710.953|          9|00:00:00|+0.37|0.48|0.4754|
|.|         13|          4|         45|     2150610.537|          9|00:00:00|+0.30|0.40|0.4865|
|.|          2|          4|         45|     2148914.382|          9|00:00:00|+0.21|0.31|0.5450|
|.|          8|          4|         45|     2160704.307|          9|00:00:00|+0.06|0.17|0.6775|
|.|         11|          4|         45|     2172046.621|          9|00:00:00|-0.01|0.09|0.7202|
|.|          9|          4|         45|     2180612.345|          9|00:00:00|-0.03|0.06|0.7349|
|.|          5|          4|         45|     2173488.792|          9|00:00:00|-0.01|0.07|0.7236|
|.|          4|          4|         45|     2174598.576|          9|00:00:00|+0.02|0.10|0.6957|
|.|          6|          4|         45|     2176596.807|          9|00:00:00|+0.02|0.09|0.7190|
|.|         12|          4|         45|     2176460.001|          9|00:00:00|+0.03|0.10|0.7130|
+-+-----------+-----------+-----------+----------------+-----------+--------+-----+----+------+
Best-so-far configuration:          45    mean value:      2176460.001
Description of the best-so-far configuration:
   .ID. num_hormigas   alfa    rho    tau valor_limitador valor_sin_nuevas_visitas rho_sec .PARENT.
45   45           15 3.4442 0.0821 9.7663               1                        1  0.1175       34

# 2025-06-17 01:40:38 -04: Elite configurations (first number is the configuration ID; listed from best to worst according to the sum of ranks):
   num_hormigas   alfa    rho    tau valor_limitador valor_sin_nuevas_visitas rho_sec
45           15 3.4442 0.0821 9.7663               1                        1  0.1175
36           28 3.2471 0.0889 3.5459               4                        1  0.0733
53           25 3.2973 0.1221 4.6456               4                        1  0.0770
37           28 0.9428 0.1144 5.7513               2                        1  0.1475
# 2025-06-17 01:40:38 -04: Iteration 7 of 7
# experimentsUsed: 480
# remainingBudget: 20
# currentBudget: 20
# nbConfigurations: 5
# Markers:
     x No test is performed.
     c Configurations are discarded only due to capping.
     - The test is performed and some configurations are discarded.
     = The test is performed but no configuration is discarded.
     ! The test is performed and configurations could be discarded but elite configurations are preserved.
     . All alive configurations are elite and nothing is discarded.

+-+-----------+-----------+-----------+----------------+-----------+--------+-----+----+------+
| |   Instance|      Alive|       Best|       Mean best| Exp so far|  W time|  rho|KenW|  Qvar|
+-+-----------+-----------+-----------+----------------+-----------+--------+-----+----+------+
|x|         16|          5|         65|     2173201.310|          5|00:08:00|   NA|  NA|    NA|
|x|         10|          5|         65|     2170861.025|          6|00:08:00|+0.10|0.55|0.9062|
|x|         13|          5|         65|     2184811.427|          7|00:08:00|+0.17|0.44|0.7638|
|x|          6|          5|         65|     2176358.500|          8|00:08:00|+0.13|0.35|0.7817|
|=|         14|          5|         65|     2186229.060|          9|00:08:00|+0.23|0.38|0.6615|
|!|         15|          5|         65|     2170040.365|         10|00:08:01|+0.35|0.46|0.5741|
|!|         11|          5|         65|     2170756.010|         11|00:08:01|+0.27|0.38|0.6172|
|=|          9|          5|         65|     2178743.205|         12|00:08:00|+0.13|0.24|0.7342|
|=|          8|          5|         65|     2181608.718|         13|00:08:00|+0.06|0.17|0.7667|
|=|          4|          5|         65|     2179476.016|         14|00:08:01|+0.10|0.19|0.7313|
|=|         12|          5|         65|     2174496.144|         15|00:08:00|+0.12|0.20|0.7099|
|=|          5|          5|         65|     2174497.898|         16|00:08:00|+0.09|0.16|0.7342|
|=|          7|          5|         65|     2173278.196|         17|00:08:00|+0.10|0.17|0.7236|
|=|          2|          5|         65|     2173753.839|         18|00:08:00|+0.07|0.14|0.7411|
|=|          3|          5|         65|     2181589.376|         19|00:08:01|+0.06|0.13|0.7369|
|=|          1|          5|         65|     2189845.817|         20|00:08:00|+0.05|0.11|0.7542|
+-+-----------+-----------+-----------+----------------+-----------+--------+-----+----+------+
Best-so-far configuration:          65    mean value:      2189845.817
Description of the best-so-far configuration:
   .ID. num_hormigas   alfa    rho    tau valor_limitador valor_sin_nuevas_visitas rho_sec .PARENT.
65   65           26 1.5777 0.0955 4.2971               4                        1  0.0952       36

# 2025-06-17 03:48:50 -04: Elite configurations (first number is the configuration ID; listed from best to worst according to the sum of ranks):
   num_hormigas   alfa    rho    tau valor_limitador valor_sin_nuevas_visitas rho_sec
65           26 1.5777 0.0955 4.2971               4                        1  0.0952
45           15 3.4442 0.0821 9.7663               1                        1  0.1175
36           28 3.2471 0.0889 3.5459               4                        1  0.0733
53           25 3.2973 0.1221 4.6456               4                        1  0.0770
# 2025-06-17 03:48:50 -04: Stopped because budget is exhausted
# Iteration: 8
# nbIterations: 7
# experimentsUsed: 500
# timeUsed: 0
# remainingBudget: 0
# currentBudget: 20
# number of elites: 4
# nbConfigurations: 5
# Total CPU user time: 238315.3, CPU sys time: 1430.192, Wall-clock time: 31760.3
# Best configurations (first number is the configuration ID; listed from best to worst according to the sum of ranks):
   num_hormigas   alfa    rho    tau valor_limitador valor_sin_nuevas_visitas rho_sec
65           26 1.5777 0.0955 4.2971               4                        1  0.0952
45           15 3.4442 0.0821 9.7663               1                        1  0.1175
36           28 3.2471 0.0889 3.5459               4                        1  0.0733
53           25 3.2973 0.1221 4.6456               4                        1  0.0770
# Best configurations as commandlines (first number is the configuration ID; listed from best to worst according to the sum of ranks):
65 --num-hormigas 26 --alfa 1.5777 --rho 0.0955 --tau-as 4.2971 --valor-limitador 4 --valor-sin-nuevas-visitas 1 --rho-sec 0.0952
45 --num-hormigas 15 --alfa 3.4442 --rho 0.0821 --tau-as 9.7663 --valor-limitador 1 --valor-sin-nuevas-visitas 1 --rho-sec 0.1175
36 --num-hormigas 28 --alfa 3.2471 --rho 0.0889 --tau-as 3.5459 --valor-limitador 4 --valor-sin-nuevas-visitas 1 --rho-sec 0.0733
53 --num-hormigas 25 --alfa 3.2973 --rho 0.1221 --tau-as 4.6456 --valor-limitador 4 --valor-sin-nuevas-visitas 1 --rho-sec 0.077


# Testing of elite configurations: 1 
# Testing iteration configurations: FALSE 
# 2025-06-17 03:48:50 -04: No test instances, skip testing
Warning message:
In readLines(con = file) :
  incomplete final line found on '/home/alazcano/RESCOL/Instancias/test_container/test_2000/experimentation/parametros.txt'
