nohup: ignoring input
#------------------------------------------------------------------------------
# irace: An implementation in R of (Elitist) Iterated Racing
# Version: 4.2.0.b50b134
# Copyright (C) 2010-2025
# Manuel Lopez-Ibanez     <manuel.lopez-ibanez@manchester.ac.uk>
# Jeremie Dubois-Lacoste
# Leslie Perez Caceres    <leslie.perez.caceres@ulb.ac.be>
#
# This is free software, and you are welcome to redistribute it under certain
# conditions.  See the GNU General Public License for details. There is NO
# WARRANTY; not even for MERCHANTABILITY or FITNESS FOR A PARTICULAR PURPOSE.
#
# irace builds upon previous code from the race package:
#     race: Racing methods for the selection of the best
#     Copyright (C) 2003 Mauro Birattari
#------------------------------------------------------------------------------
# installed at: /home/alazcano/R/x86_64-redhat-linux-gnu-library/4.0/irace
# called with: --scenario scenario.txt --parallel 40
# 2025-06-17 23:18:04 -04: Reading parameter file '/home/alazcano/RESCOL/Instancias/test_container/test_2000/experimentation/parametros.txt'.
# 2025-06-17 23:18:04 -04: Initialization
# Elitist race
# Elitist new instances: 1
# Elitist limit: 2
# nbIterations: 4
# minNbSurvival: 4
# nbParameters: 7
# seed: 2007994139
# confidence level: 0.95
# budget: 700
# mu: 5
# deterministic: FALSE
# boundMax: 20

# 2025-06-17 23:18:04 -04: Iteration 1 of 4
# experimentsUsed: 0
# remainingBudget: 700
# currentBudget: 175
# nbConfigurations: 29
# Markers:
     x No test is performed.
     c Configurations are discarded only due to capping.
     - The test is performed and some configurations are discarded.
     = The test is performed but no configuration is discarded.
     ! The test is performed and configurations could be discarded but elite configurations are preserved.
     . All alive configurations are elite and nothing is discarded.

+-+-----------+-----------+-----------+----------------+-----------+--------+-----+----+------+
| |   Instance|      Alive|       Best|       Mean best| Exp so far|  W time|  rho|KenW|  Qvar|
+-+-----------+-----------+-----------+----------------+-----------+--------+-----+----+------+
|x|          1|         29|         18|     2099003.020|         29|00:08:01|   NA|  NA|    NA|
|x|          2|         29|          5|     2094304.280|         58|00:08:01|+0.70|0.85|0.2377|
|x|          3|         29|         18|     2122413.687|         87|00:08:01|+0.66|0.78|0.2718|
|x|          4|         29|         18|     2149403.708|        116|00:08:01|+0.68|0.76|0.2777|
|-|          5|          7|         18|     2147256.782|        145|00:08:02|+0.23|0.39|0.6322|
|-|          6|          4|         18|     2126745.390|        152|00:08:01|+0.08|0.23|0.5712|
+-+-----------+-----------+-----------+----------------+-----------+--------+-----+----+------+
Best-so-far configuration:          18    mean value:      2126745.390
Description of the best-so-far configuration:
   .ID. num_hormigas  alfa    rho    tau valor_limitador valor_sin_nuevas_visitas rho_sec .PARENT.
18   18           28 3.854 0.0684 9.5466               2                        1  0.1529       NA

# 2025-06-18 00:06:14 -04: Elite configurations (first number is the configuration ID; listed from best to worst according to the sum of ranks):
   num_hormigas   alfa    rho    tau valor_limitador valor_sin_nuevas_visitas rho_sec
18           28 3.8540 0.0684 9.5466               2                        1  0.1529
5             9 2.1387 0.0762 7.0153               1                        1  0.0669
21           17 3.2302 0.2247 1.6716               1                        1  0.0591
27           30 1.0471 0.1778 6.7341               4                        1  0.2310
# 2025-06-18 00:06:14 -04: Iteration 2 of 4
# experimentsUsed: 152
# remainingBudget: 548
# currentBudget: 182
# nbConfigurations: 29
# Markers:
     x No test is performed.
     c Configurations are discarded only due to capping.
     - The test is performed and some configurations are discarded.
     = The test is performed but no configuration is discarded.
     ! The test is performed and configurations could be discarded but elite configurations are preserved.
     . All alive configurations are elite and nothing is discarded.

+-+-----------+-----------+-----------+----------------+-----------+--------+-----+----+------+
| |   Instance|      Alive|       Best|       Mean best| Exp so far|  W time|  rho|KenW|  Qvar|
+-+-----------+-----------+-----------+----------------+-----------+--------+-----+----+------+
|x|          7|         29|         30|     1951726.780|         29|00:08:01|   NA|  NA|    NA|
|x|          1|         29|         46|     2141805.290|         54|00:08:01|+0.68|0.84|0.2734|
|x|          5|         29|         46|     2127436.627|         79|00:08:01|+0.56|0.71|0.3664|
|x|          4|         29|         46|     2141052.015|        104|00:08:01|+0.60|0.70|0.3449|
|-|          6|         15|         46|     2165051.420|        129|00:08:01|-0.08|0.13|0.9931|
|=|          2|         15|         46|     2167401.983|        140|00:08:01|-0.06|0.12|0.9787|
|=|          3|         15|         46|     2159370.121|        151|00:08:01|+0.03|0.17|0.8902|
|=|          8|         15|         46|     2151580.406|        166|00:08:01|+0.07|0.19|0.8576|
+-+-----------+-----------+-----------+----------------+-----------+--------+-----+----+------+
Best-so-far configuration:          46    mean value:      2151580.406
Description of the best-so-far configuration:
   .ID. num_hormigas   alfa    rho    tau valor_limitador valor_sin_nuevas_visitas rho_sec .PARENT.
46   46           23 3.1648 0.0515 6.1673               2                        1   0.095       18

# 2025-06-18 01:10:28 -04: Elite configurations (first number is the configuration ID; listed from best to worst according to the sum of ranks):
   num_hormigas   alfa    rho    tau valor_limitador valor_sin_nuevas_visitas rho_sec
46           23 3.1648 0.0515 6.1673               2                        1  0.0950
51           13 2.3008 0.0776 6.7954               4                        1  0.0539
18           28 3.8540 0.0684 9.5466               2                        1  0.1529
5             9 2.1387 0.0762 7.0153               1                        1  0.0669
# 2025-06-18 01:10:28 -04: Iteration 3 of 4
# experimentsUsed: 318
# remainingBudget: 382
# currentBudget: 191
# nbConfigurations: 24
# Markers:
     x No test is performed.
     c Configurations are discarded only due to capping.
     - The test is performed and some configurations are discarded.
     = The test is performed but no configuration is discarded.
     ! The test is performed and configurations could be discarded but elite configurations are preserved.
     . All alive configurations are elite and nothing is discarded.

+-+-----------+-----------+-----------+----------------+-----------+--------+-----+----+------+
| |   Instance|      Alive|       Best|       Mean best| Exp so far|  W time|  rho|KenW|  Qvar|
+-+-----------+-----------+-----------+----------------+-----------+--------+-----+----+------+
|x|          9|         24|         18|     2110184.880|         24|00:08:01|   NA|  NA|    NA|
|x|          5|         24|         18|     2124426.980|         44|00:08:01|+0.45|0.72|0.4899|
|x|          7|         24|         46|     2133496.937|         64|00:08:01|+0.37|0.58|0.4826|
|x|          2|         24|         69|     2147160.785|         84|00:08:01|+0.36|0.52|0.5518|
|-|          3|         13|         46|     2138164.912|        104|00:08:01|-0.08|0.14|0.9890|
|=|          1|         13|         46|     2137901.087|        113|00:08:01|-0.02|0.15|0.9407|
|=|          6|         13|         18|     2136429.586|        122|00:08:01|+0.01|0.15|0.9132|
|=|          4|         13|         51|     2152920.763|        131|00:08:01|+0.01|0.13|0.9421|
|=|          8|         13|         51|     2147749.867|        140|00:08:01|+0.03|0.14|0.9293|
|=|         10|         13|         51|     2149278.312|        153|00:08:01|+0.02|0.12|0.9253|
+-+-----------+-----------+-----------+----------------+-----------+--------+-----+----+------+
Best-so-far configuration:          51    mean value:      2149278.312
Description of the best-so-far configuration:
   .ID. num_hormigas   alfa    rho    tau valor_limitador valor_sin_nuevas_visitas rho_sec .PARENT.
51   51           13 2.3008 0.0776 6.7954               4                        1  0.0539        5

# 2025-06-18 02:30:41 -04: Elite configurations (first number is the configuration ID; listed from best to worst according to the sum of ranks):
   num_hormigas   alfa    rho    tau valor_limitador valor_sin_nuevas_visitas rho_sec
51           13 2.3008 0.0776 6.7954               4                        1  0.0539
46           23 3.1648 0.0515 6.1673               2                        1  0.0950
18           28 3.8540 0.0684 9.5466               2                        1  0.1529
69           22 4.8939 0.0732 6.7826               2                        1  0.0985
# 2025-06-18 02:30:41 -04: Iteration 4 of 4
# experimentsUsed: 471
# remainingBudget: 229
# currentBudget: 229
# nbConfigurations: 24
# Markers:
     x No test is performed.
     c Configurations are discarded only due to capping.
     - The test is performed and some configurations are discarded.
     = The test is performed but no configuration is discarded.
     ! The test is performed and configurations could be discarded but elite configurations are preserved.
     . All alive configurations are elite and nothing is discarded.

+-+-----------+-----------+-----------+----------------+-----------+--------+-----+----+------+
| |   Instance|      Alive|       Best|       Mean best| Exp so far|  W time|  rho|KenW|  Qvar|
+-+-----------+-----------+-----------+----------------+-----------+--------+-----+----+------+
|x|         11|         24|         77|     2070625.880|         24|00:08:01|   NA|  NA|    NA|
|x|          6|         24|         18|     2082177.525|         44|00:08:01|+0.30|0.65|0.6511|
|x|          9|         24|         18|     2091513.310|         64|00:08:01|+0.32|0.54|0.6659|
|x|          5|         24|         18|     2103302.252|         84|00:08:01|+0.27|0.46|0.6966|
|-|         10|         18|         77|     2133695.508|        104|00:08:01|-0.07|0.14|1.0263|
|=|          2|         18|         77|     2135981.820|        118|00:08:01|-0.07|0.11|1.0203|
|=|          7|         18|         77|     2144140.719|        132|00:08:01|-0.08|0.07|1.0300|
|=|          8|         18|         77|     2124396.436|        146|00:08:01|-0.03|0.09|0.9858|
|=|          1|         18|         77|     2116892.736|        160|00:08:01|-0.00|0.11|0.9523|
|=|          4|         18|         77|     2114368.589|        174|00:08:01|+0.02|0.11|0.9287|
|=|          3|         18|         77|     2106929.622|        188|00:08:01|+0.03|0.12|0.9198|
|=|         12|         18|         77|     2109618.316|        206|00:08:01|+0.04|0.12|0.9147|
+-+-----------+-----------+-----------+----------------+-----------+--------+-----+----+------+
Best-so-far configuration:          77    mean value:      2109618.316
Description of the best-so-far configuration:
   .ID. num_hormigas  alfa    rho    tau valor_limitador valor_sin_nuevas_visitas rho_sec .PARENT.
77   77           13 3.017 0.0764 7.1087               2                        1  0.0702       51

# 2025-06-18 04:07:00 -04: Elite configurations (first number is the configuration ID; listed from best to worst according to the sum of ranks):
   num_hormigas   alfa    rho    tau valor_limitador valor_sin_nuevas_visitas rho_sec
77           13 3.0170 0.0764 7.1087               2                        1  0.0702
91           20 4.9754 0.0709 6.3945               2                        1  0.0956
85           16 2.8498 0.0775 5.3514               2                        1  0.0815
87           22 4.4604 0.0592 4.5293               2                        1  0.1195
# 2025-06-18 04:07:00 -04: Iteration 5 of 5
# experimentsUsed: 677
# remainingBudget: 23
# currentBudget: 23
# nbConfigurations: 5
# Markers:
     x No test is performed.
     c Configurations are discarded only due to capping.
     - The test is performed and some configurations are discarded.
     = The test is performed but no configuration is discarded.
     ! The test is performed and configurations could be discarded but elite configurations are preserved.
     . All alive configurations are elite and nothing is discarded.

+-+-----------+-----------+-----------+----------------+-----------+--------+-----+----+------+
| |   Instance|      Alive|       Best|       Mean best| Exp so far|  W time|  rho|KenW|  Qvar|
+-+-----------+-----------+-----------+----------------+-----------+--------+-----+----+------+
|x|         13|          5|         95|     2131455.160|          5|00:08:00|   NA|  NA|    NA|
|x|          9|          5|         95|     2120298.685|          6|00:08:00|-0.10|0.45|1.0445|
|x|          5|          5|         95|     2112170.540|          7|00:08:00|+0.17|0.44|0.6624|
|x|          8|          5|         95|     2089618.598|          8|00:08:00|+0.12|0.34|0.7482|
|=|          7|          5|         95|     2089456.306|          9|00:08:00|-0.05|0.16|0.8551|
|=|         12|          5|         95|     2103210.242|         10|00:08:00|-0.09|0.09|0.8772|
|=|          1|          5|         77|     2117997.743|         11|00:08:00|+0.02|0.16|0.8087|
|=|          3|          5|         77|     2107315.519|         12|00:08:00|+0.10|0.21|0.7589|
|=|          4|          5|         77|     2105575.047|         13|00:08:00|+0.02|0.13|0.7851|
|=|         10|          5|         77|     2109098.135|         14|00:08:00|-0.02|0.08|0.8295|
|=|          2|          5|         77|     2112581.339|         15|00:08:00|-0.01|0.08|0.8285|
|=|          6|          5|         77|     2115151.152|         16|00:08:00|+0.02|0.11|0.7981|
|=|         11|          5|         77|     2111726.132|         17|00:08:00|+0.06|0.13|0.7754|
|=|         14|          5|         77|     2114300.986|         22|00:08:01|+0.02|0.09|0.7934|
+-+-----------+-----------+-----------+----------------+-----------+--------+-----+----+------+
Best-so-far configuration:          77    mean value:      2114300.986
Description of the best-so-far configuration:
   .ID. num_hormigas  alfa    rho    tau valor_limitador valor_sin_nuevas_visitas rho_sec .PARENT.
77   77           13 3.017 0.0764 7.1087               2                        1  0.0702       51

# 2025-06-18 05:59:09 -04: Elite configurations (first number is the configuration ID; listed from best to worst according to the sum of ranks):
   num_hormigas   alfa    rho    tau valor_limitador valor_sin_nuevas_visitas rho_sec
77           13 3.0170 0.0764 7.1087               2                        1  0.0702
95           19 4.6528 0.0925 5.5395               2                        1  0.1508
85           16 2.8498 0.0775 5.3514               2                        1  0.0815
91           20 4.9754 0.0709 6.3945               2                        1  0.0956
# 2025-06-18 05:59:09 -04: Stopped because there is not enough budget left to race more than the minimum (4).
# You may either increase the budget or set 'minNbSurvival' to a lower value.
# Iteration: 6
# nbIterations: 6
# experimentsUsed: 699
# timeUsed: 0
# remainingBudget: 1
# currentBudget: 1
# number of elites: 4
# nbConfigurations: 4
# Total CPU user time: 333068.4, CPU sys time: 2075.365, Wall-clock time: 24065.73
# Best configurations (first number is the configuration ID; listed from best to worst according to the sum of ranks):
   num_hormigas   alfa    rho    tau valor_limitador valor_sin_nuevas_visitas rho_sec
77           13 3.0170 0.0764 7.1087               2                        1  0.0702
95           19 4.6528 0.0925 5.5395               2                        1  0.1508
85           16 2.8498 0.0775 5.3514               2                        1  0.0815
91           20 4.9754 0.0709 6.3945               2                        1  0.0956
# Best configurations as commandlines (first number is the configuration ID; listed from best to worst according to the sum of ranks):
77 --num-hormigas 13 --alfa 3.017 --rho 0.0764 --tau-as 7.1087 --valor-limitador 2 --valor-sin-nuevas-visitas 1 --rho-sec 0.0702
95 --num-hormigas 19 --alfa 4.6528 --rho 0.0925 --tau-as 5.5395 --valor-limitador 2 --valor-sin-nuevas-visitas 1 --rho-sec 0.1508
85 --num-hormigas 16 --alfa 2.8498 --rho 0.0775 --tau-as 5.3514 --valor-limitador 2 --valor-sin-nuevas-visitas 1 --rho-sec 0.0815
91 --num-hormigas 20 --alfa 4.9754 --rho 0.0709 --tau-as 6.3945 --valor-limitador 2 --valor-sin-nuevas-visitas 1 --rho-sec 0.0956


# Testing of elite configurations: 1 
# Testing iteration configurations: FALSE 
# 2025-06-18 05:59:09 -04: No test instances, skip testing
Warning message:
In readLines(con = file) :
  incomplete final line found on '/home/alazcano/RESCOL/Instancias/test_container/test_2000/experimentation/parametros.txt'
