=== Semilla 1234567 ===
Instancia recibida: /home/alazcano/RESCOL/Instancias/CN/archivo_segmetación_Seg_0.txt

-----------------------------------------------------------------------------------------------------------------------------------------------------------------
Datos de debug 🪲: 

Nombre de la instancia: Seg_0
Comentario: 
Número de nodos: 87
Número de arcos obligatorios: 59
Número de arcos opcionales: 15
Número de nodos iniciales: 1
Número de nodos terminales: 1
Número de nodos terminales: 1
No hay restricciones

Datos: 
Nodos iniciales: 
909 

Nodos terminales: 
909 
-----------------------------------------------------------------------------------------------------------------------------------------------------------------

⌚Época 0
Tiempo de ejecución: 10.0469 segundos
-----------------------------------------------------------------------------------------------------------------------------------------------------------------
La solución es: 
Camion 1: 909 -> 906 -> 975 -> 973 -> 972 -> 974 -> 1015 -> 1014 -> 972 -> 934 -> 889 -> 898 -> 906 -> 909 -> 982 -> 1013 -> 1033 -> 1035 -> 1131 -> 1132 -> 1134 -> 1037 -> 1036 -> 1132 -> 1134 -> 1135 -> 1136 -> 1138 -> 1165 -> 1166 -> 1130 -> 1033 -> 1035 -> 1131 -> 1132 -> 1134 -> 1135 -> 1166 -> 1219 -> 1293 -> 1344 -> 1887 -> 1345 -> 1887 -> 1296 -> 1299 -> 1295 -> 1296 -> 1887 -> 1344 -> 1293 -> 1295 -> 1296 -> 1295 -> 1293 -> 1344 -> 1886 -> 1344 -> 1887 -> 1344 -> 1293 -> 1294 -> 1885 -> 1355 -> 1354 -> 1353 -> 1885 -> 1294 -> 1219 -> 1166 -> 1135 -> 1038 -> 1014 -> 1013 -> 1033 -> 1035 -> 1036 -> 1037 -> 1038 -> 1047 -> 1048 -> 1016 -> 1015 -> 1047 -> 1136 -> 1138 -> 1048 -> 1016 -> 983 -> 932 -> 933 -> 934 -> 972 -> 973 -> 975 -> 906 -> 898 -> 973 -> 975 -> 979 -> 909 -> 906 -> 975 -> 973 -> 972 -> 974 -> 983 -> 974 -> 933 -> 932 -> 857 -> 889 -> 934 -> 933 -> 974 -> 972 -> 973 -> 975 -> 979 -> 982 -> 1013 -> 1014 -> 1038 -> 1135 -> 1166 -> 1219 -> 1293 -> 1344 -> 1886 -> 1355

✨🏆 Mejor resultado 🏆✨

Mejor hormiga: 2 🐜🥇
Mejor costo: 6291.957 ⏩
Mejor longitud: 129.000 ⚡
--- Nodos recorridos (semilla 1234567) ---
Camion 1: 909 -> 906 -> 975 -> 973 -> 972 -> 974 -> 1015 -> 1014 -> 972 -> 934 -> 889 -> 898 -> 906 -> 909 -> 982 -> 1013 -> 1033 -> 1035 -> 1131 -> 1132 -> 1134 -> 1037 -> 1036 -> 1132 -> 1134 -> 1135 -> 1136 -> 1138 -> 1165 -> 1166 -> 1130 -> 1033 -> 1035 -> 1131 -> 1132 -> 1134 -> 1135 -> 1166 -> 1219 -> 1293 -> 1344 -> 1887 -> 1345 -> 1887 -> 1296 -> 1299 -> 1295 -> 1296 -> 1887 -> 1344 -> 1293 -> 1295 -> 1296 -> 1295 -> 1293 -> 1344 -> 1886 -> 1344 -> 1887 -> 1344 -> 1293 -> 1294 -> 1885 -> 1355 -> 1354 -> 1353 -> 1885 -> 1294 -> 1219 -> 1166 -> 1135 -> 1038 -> 1014 -> 1013 -> 1033 -> 1035 -> 1036 -> 1037 -> 1038 -> 1047 -> 1048 -> 1016 -> 1015 -> 1047 -> 1136 -> 1138 -> 1048 -> 1016 -> 983 -> 932 -> 933 -> 934 -> 972 -> 973 -> 975 -> 906 -> 898 -> 973 -> 975 -> 979 -> 909 -> 906 -> 975 -> 973 -> 972 -> 974 -> 983 -> 974 -> 933 -> 932 -> 857 -> 889 -> 934 -> 933 -> 974 -> 972 -> 973 -> 975 -> 979 -> 982 -> 1013 -> 1014 -> 1038 -> 1135 -> 1166 -> 1219 -> 1293 -> 1344 -> 1886 -> 1355

=== Semilla 1234568 ===
Instancia recibida: /home/alazcano/RESCOL/Instancias/CN/archivo_segmetación_Seg_0.txt

-----------------------------------------------------------------------------------------------------------------------------------------------------------------
Datos de debug 🪲: 

Nombre de la instancia: Seg_0
Comentario: 
Número de nodos: 87
Número de arcos obligatorios: 59
Número de arcos opcionales: 15
Número de nodos iniciales: 1
Número de nodos terminales: 1
Número de nodos terminales: 1
No hay restricciones

Datos: 
Nodos iniciales: 
909 

Nodos terminales: 
909 
-----------------------------------------------------------------------------------------------------------------------------------------------------------------

⌚Época 0
Tiempo de ejecución: 10.0363 segundos
-----------------------------------------------------------------------------------------------------------------------------------------------------------------
La solución es: 
Camion 1: 909 -> 906 -> 975 -> 973 -> 972 -> 974 -> 933 -> 932 -> 857 -> 889 -> 898 -> 906 -> 909 -> 982 -> 1013 -> 1033 -> 1035 -> 1036 -> 1037 -> 1134 -> 1135 -> 1136 -> 1047 -> 1048 -> 1016 -> 1015 -> 1014 -> 1013 -> 982 -> 979 -> 909 -> 982 -> 979 -> 975 -> 973 -> 972 -> 1014 -> 1038 -> 1047 -> 1136 -> 1138 -> 1165 -> 1166 -> 1130 -> 1033 -> 1035 -> 1131 -> 1132 -> 1134 -> 1135 -> 1166 -> 1219 -> 1293 -> 1344 -> 1887 -> 1345 -> 1887 -> 1296 -> 1299 -> 1295 -> 1293 -> 1294 -> 1219 -> 1166 -> 1135 -> 1038 -> 1037 -> 1036 -> 1132 -> 1134 -> 1135 -> 1166 -> 1219 -> 1293 -> 1344 -> 1886 -> 1344 -> 1293 -> 1295 -> 1296 -> 1887 -> 1344 -> 1886 -> 1355 -> 1885 -> 1355 -> 1354 -> 1353 -> 1885 -> 1294 -> 1219 -> 1166 -> 1135 -> 1038 -> 1047 -> 1015 -> 974 -> 933 -> 934 -> 889 -> 857 -> 932 -> 933 -> 974 -> 972 -> 934 -> 933 -> 932 -> 983 -> 974 -> 1015 -> 1016 -> 983 -> 932 -> 933 -> 934 -> 889 -> 898 -> 973 -> 975 -> 979 -> 982 -> 1013 -> 1014 -> 1038 -> 1047 -> 1136 -> 1138 -> 1048

✨🏆 Mejor resultado 🏆✨

Mejor hormiga: 13 🐜🥇
Mejor costo: 6451.965 ⏩
Mejor longitud: 128.000 ⚡
--- Nodos recorridos (semilla 1234568) ---
Camion 1: 909 -> 906 -> 975 -> 973 -> 972 -> 974 -> 933 -> 932 -> 857 -> 889 -> 898 -> 906 -> 909 -> 982 -> 1013 -> 1033 -> 1035 -> 1036 -> 1037 -> 1134 -> 1135 -> 1136 -> 1047 -> 1048 -> 1016 -> 1015 -> 1014 -> 1013 -> 982 -> 979 -> 909 -> 982 -> 979 -> 975 -> 973 -> 972 -> 1014 -> 1038 -> 1047 -> 1136 -> 1138 -> 1165 -> 1166 -> 1130 -> 1033 -> 1035 -> 1131 -> 1132 -> 1134 -> 1135 -> 1166 -> 1219 -> 1293 -> 1344 -> 1887 -> 1345 -> 1887 -> 1296 -> 1299 -> 1295 -> 1293 -> 1294 -> 1219 -> 1166 -> 1135 -> 1038 -> 1037 -> 1036 -> 1132 -> 1134 -> 1135 -> 1166 -> 1219 -> 1293 -> 1344 -> 1886 -> 1344 -> 1293 -> 1295 -> 1296 -> 1887 -> 1344 -> 1886 -> 1355 -> 1885 -> 1355 -> 1354 -> 1353 -> 1885 -> 1294 -> 1219 -> 1166 -> 1135 -> 1038 -> 1047 -> 1015 -> 974 -> 933 -> 934 -> 889 -> 857 -> 932 -> 933 -> 974 -> 972 -> 934 -> 933 -> 932 -> 983 -> 974 -> 1015 -> 1016 -> 983 -> 932 -> 933 -> 934 -> 889 -> 898 -> 973 -> 975 -> 979 -> 982 -> 1013 -> 1014 -> 1038 -> 1047 -> 1136 -> 1138 -> 1048

=== Semilla 1234569 ===
Instancia recibida: /home/alazcano/RESCOL/Instancias/CN/archivo_segmetación_Seg_0.txt

-----------------------------------------------------------------------------------------------------------------------------------------------------------------
Datos de debug 🪲: 

Nombre de la instancia: Seg_0
Comentario: 
Número de nodos: 87
Número de arcos obligatorios: 59
Número de arcos opcionales: 15
Número de nodos iniciales: 1
Número de nodos terminales: 1
Número de nodos terminales: 1
No hay restricciones

Datos: 
Nodos iniciales: 
909 

Nodos terminales: 
909 
-----------------------------------------------------------------------------------------------------------------------------------------------------------------

⌚Época 0
Tiempo de ejecución: 10.0319 segundos
-----------------------------------------------------------------------------------------------------------------------------------------------------------------
La solución es: 
Camion 1: 909 -> 906 -> 975 -> 979 -> 909 -> 982 -> 1013 -> 1033 -> 1035 -> 1036 -> 1037 -> 1134 -> 1135 -> 1136 -> 1138 -> 1048 -> 1016 -> 1015 -> 1014 -> 972 -> 973 -> 898 -> 906 -> 909 -> 979 -> 982 -> 1013 -> 1014 -> 1038 -> 1047 -> 1136 -> 1138 -> 1165 -> 1166 -> 1130 -> 1033 -> 1035 -> 1131 -> 1132 -> 1134 -> 1135 -> 1166 -> 1219 -> 1293 -> 1344 -> 1887 -> 1345 -> 1887 -> 1296 -> 1299 -> 1295 -> 1296 -> 1887 -> 1344 -> 1293 -> 1295 -> 1296 -> 1295 -> 1293 -> 1344 -> 1886 -> 1344 -> 1887 -> 1344 -> 1293 -> 1294 -> 1885 -> 1355 -> 1354 -> 1353 -> 1885 -> 1294 -> 1219 -> 1166 -> 1135 -> 1038 -> 1037 -> 1036 -> 1132 -> 1134 -> 1135 -> 1038 -> 1047 -> 1048 -> 1016 -> 983 -> 932 -> 933 -> 934 -> 889 -> 857 -> 932 -> 933 -> 934 -> 889 -> 898 -> 973 -> 975 -> 906 -> 898 -> 889 -> 934 -> 972 -> 974 -> 933 -> 932 -> 857 -> 889 -> 934 -> 972 -> 974 -> 983 -> 974 -> 1015 -> 1016 -> 983 -> 1016 -> 1015 -> 1047 -> 1038 -> 1135 -> 1166 -> 1219 -> 1293 -> 1344 -> 1886 -> 1355

✨🏆 Mejor resultado 🏆✨

Mejor hormiga: 12 🐜🥇
Mejor costo: 6461.318 ⏩
Mejor longitud: 126.000 ⚡
--- Nodos recorridos (semilla 1234569) ---
Camion 1: 909 -> 906 -> 975 -> 979 -> 909 -> 982 -> 1013 -> 1033 -> 1035 -> 1036 -> 1037 -> 1134 -> 1135 -> 1136 -> 1138 -> 1048 -> 1016 -> 1015 -> 1014 -> 972 -> 973 -> 898 -> 906 -> 909 -> 979 -> 982 -> 1013 -> 1014 -> 1038 -> 1047 -> 1136 -> 1138 -> 1165 -> 1166 -> 1130 -> 1033 -> 1035 -> 1131 -> 1132 -> 1134 -> 1135 -> 1166 -> 1219 -> 1293 -> 1344 -> 1887 -> 1345 -> 1887 -> 1296 -> 1299 -> 1295 -> 1296 -> 1887 -> 1344 -> 1293 -> 1295 -> 1296 -> 1295 -> 1293 -> 1344 -> 1886 -> 1344 -> 1887 -> 1344 -> 1293 -> 1294 -> 1885 -> 1355 -> 1354 -> 1353 -> 1885 -> 1294 -> 1219 -> 1166 -> 1135 -> 1038 -> 1037 -> 1036 -> 1132 -> 1134 -> 1135 -> 1038 -> 1047 -> 1048 -> 1016 -> 983 -> 932 -> 933 -> 934 -> 889 -> 857 -> 932 -> 933 -> 934 -> 889 -> 898 -> 973 -> 975 -> 906 -> 898 -> 889 -> 934 -> 972 -> 974 -> 933 -> 932 -> 857 -> 889 -> 934 -> 972 -> 974 -> 983 -> 974 -> 1015 -> 1016 -> 983 -> 1016 -> 1015 -> 1047 -> 1038 -> 1135 -> 1166 -> 1219 -> 1293 -> 1344 -> 1886 -> 1355

=== Semilla 1234570 ===
Instancia recibida: /home/alazcano/RESCOL/Instancias/CN/archivo_segmetación_Seg_0.txt

-----------------------------------------------------------------------------------------------------------------------------------------------------------------
Datos de debug 🪲: 

Nombre de la instancia: Seg_0
Comentario: 
Número de nodos: 87
Número de arcos obligatorios: 59
Número de arcos opcionales: 15
Número de nodos iniciales: 1
Número de nodos terminales: 1
Número de nodos terminales: 1
No hay restricciones

Datos: 
Nodos iniciales: 
909 

Nodos terminales: 
909 
-----------------------------------------------------------------------------------------------------------------------------------------------------------------

⌚Época 0
Tiempo de ejecución: 10.0185 segundos
-----------------------------------------------------------------------------------------------------------------------------------------------------------------
La solución es: 
Camion 1: 909 -> 982 -> 1013 -> 1033 -> 1035 -> 1131 -> 1132 -> 1134 -> 1135 -> 1136 -> 1138 -> 1048 -> 1016 -> 983 -> 974 -> 933 -> 934 -> 889 -> 857 -> 932 -> 933 -> 974 -> 1015 -> 1047 -> 1136 -> 1138 -> 1165 -> 1166 -> 1130 -> 1033 -> 1035 -> 1131 -> 1132 -> 1134 -> 1135 -> 1166 -> 1219 -> 1293 -> 1344 -> 1887 -> 1345 -> 1887 -> 1296 -> 1295 -> 1293 -> 1294 -> 1885 -> 1355 -> 1354 -> 1353 -> 1885 -> 1294 -> 1293 -> 1219 -> 1294 -> 1885 -> 1355 -> 1886 -> 1344 -> 1293 -> 1295 -> 1299 -> 1296 -> 1887 -> 1344 -> 1886 -> 1355 -> 1885 -> 1353 -> 1354 -> 1355 -> 1885 -> 1294 -> 1219 -> 1166 -> 1135 -> 1038 -> 1047 -> 1048 -> 1016 -> 1015 -> 1014 -> 972 -> 934 -> 889 -> 898 -> 906 -> 975 -> 979 -> 982 -> 1013 -> 1033 -> 1035 -> 1036 -> 1037 -> 1134 -> 1135 -> 1038 -> 1037 -> 1036 -> 1132 -> 1134 -> 1135 -> 1038 -> 1014 -> 1013 -> 982 -> 979 -> 909 -> 906 -> 898 -> 973 -> 972 -> 974 -> 983 -> 1016 -> 1015 -> 1016 -> 983 -> 932 -> 857 -> 889 -> 934 -> 972 -> 973 -> 975

✨🏆 Mejor resultado 🏆✨

Mejor hormiga: 11 🐜🥇
Mejor costo: 6723.462 ⏩
Mejor longitud: 125.000 ⚡
--- Nodos recorridos (semilla 1234570) ---
Camion 1: 909 -> 982 -> 1013 -> 1033 -> 1035 -> 1131 -> 1132 -> 1134 -> 1135 -> 1136 -> 1138 -> 1048 -> 1016 -> 983 -> 974 -> 933 -> 934 -> 889 -> 857 -> 932 -> 933 -> 974 -> 1015 -> 1047 -> 1136 -> 1138 -> 1165 -> 1166 -> 1130 -> 1033 -> 1035 -> 1131 -> 1132 -> 1134 -> 1135 -> 1166 -> 1219 -> 1293 -> 1344 -> 1887 -> 1345 -> 1887 -> 1296 -> 1295 -> 1293 -> 1294 -> 1885 -> 1355 -> 1354 -> 1353 -> 1885 -> 1294 -> 1293 -> 1219 -> 1294 -> 1885 -> 1355 -> 1886 -> 1344 -> 1293 -> 1295 -> 1299 -> 1296 -> 1887 -> 1344 -> 1886 -> 1355 -> 1885 -> 1353 -> 1354 -> 1355 -> 1885 -> 1294 -> 1219 -> 1166 -> 1135 -> 1038 -> 1047 -> 1048 -> 1016 -> 1015 -> 1014 -> 972 -> 934 -> 889 -> 898 -> 906 -> 975 -> 979 -> 982 -> 1013 -> 1033 -> 1035 -> 1036 -> 1037 -> 1134 -> 1135 -> 1038 -> 1037 -> 1036 -> 1132 -> 1134 -> 1135 -> 1038 -> 1014 -> 1013 -> 982 -> 979 -> 909 -> 906 -> 898 -> 973 -> 972 -> 974 -> 983 -> 1016 -> 1015 -> 1016 -> 983 -> 932 -> 857 -> 889 -> 934 -> 972 -> 973 -> 975

=== Semilla 1234571 ===
Instancia recibida: /home/alazcano/RESCOL/Instancias/CN/archivo_segmetación_Seg_0.txt

-----------------------------------------------------------------------------------------------------------------------------------------------------------------
Datos de debug 🪲: 

Nombre de la instancia: Seg_0
Comentario: 
Número de nodos: 87
Número de arcos obligatorios: 59
Número de arcos opcionales: 15
Número de nodos iniciales: 1
Número de nodos terminales: 1
Número de nodos terminales: 1
No hay restricciones

Datos: 
Nodos iniciales: 
909 

Nodos terminales: 
909 
-----------------------------------------------------------------------------------------------------------------------------------------------------------------

⌚Época 0
Tiempo de ejecución: 10.0366 segundos
-----------------------------------------------------------------------------------------------------------------------------------------------------------------
La solución es: 
Camion 1: 909 -> 982 -> 1013 -> 1033 -> 1035 -> 1131 -> 1132 -> 1134 -> 1135 -> 1136 -> 1138 -> 1048 -> 1016 -> 983 -> 974 -> 1015 -> 1047 -> 1136 -> 1138 -> 1165 -> 1166 -> 1130 -> 1033 -> 1035 -> 1131 -> 1132 -> 1134 -> 1135 -> 1166 -> 1219 -> 1293 -> 1344 -> 1887 -> 1345 -> 1887 -> 1296 -> 1299 -> 1295 -> 1296 -> 1887 -> 1344 -> 1293 -> 1295 -> 1296 -> 1295 -> 1293 -> 1344 -> 1886 -> 1344 -> 1293 -> 1294 -> 1885 -> 1355 -> 1354 -> 1353 -> 1885 -> 1294 -> 1219 -> 1166 -> 1135 -> 1038 -> 1014 -> 1013 -> 1033 -> 1035 -> 1036 -> 1037 -> 1038 -> 1047 -> 1048 -> 1016 -> 983 -> 932 -> 933 -> 934 -> 889 -> 898 -> 973 -> 972 -> 974 -> 933 -> 932 -> 857 -> 889 -> 934 -> 933 -> 974 -> 983 -> 1016 -> 1015 -> 1014 -> 972 -> 934 -> 933 -> 974 -> 1015 -> 1047 -> 1038 -> 1037 -> 1036 -> 1132 -> 1134 -> 1135 -> 1038 -> 1014 -> 972 -> 973 -> 975 -> 979 -> 909 -> 906 -> 975 -> 973 -> 898 -> 906 -> 909 -> 979 -> 982 -> 1013 -> 1033 -> 1035 -> 1131 -> 1132 -> 1134 -> 1037 -> 1036 -> 1132 -> 1134 -> 1135 -> 1166 -> 1219 -> 1293 -> 1344 -> 1886 -> 1355

✨🏆 Mejor resultado 🏆✨

Mejor hormiga: 21 🐜🥇
Mejor costo: 6116.195 ⏩
Mejor longitud: 134.000 ⚡
--- Nodos recorridos (semilla 1234571) ---
Camion 1: 909 -> 982 -> 1013 -> 1033 -> 1035 -> 1131 -> 1132 -> 1134 -> 1135 -> 1136 -> 1138 -> 1048 -> 1016 -> 983 -> 974 -> 1015 -> 1047 -> 1136 -> 1138 -> 1165 -> 1166 -> 1130 -> 1033 -> 1035 -> 1131 -> 1132 -> 1134 -> 1135 -> 1166 -> 1219 -> 1293 -> 1344 -> 1887 -> 1345 -> 1887 -> 1296 -> 1299 -> 1295 -> 1296 -> 1887 -> 1344 -> 1293 -> 1295 -> 1296 -> 1295 -> 1293 -> 1344 -> 1886 -> 1344 -> 1293 -> 1294 -> 1885 -> 1355 -> 1354 -> 1353 -> 1885 -> 1294 -> 1219 -> 1166 -> 1135 -> 1038 -> 1014 -> 1013 -> 1033 -> 1035 -> 1036 -> 1037 -> 1038 -> 1047 -> 1048 -> 1016 -> 983 -> 932 -> 933 -> 934 -> 889 -> 898 -> 973 -> 972 -> 974 -> 933 -> 932 -> 857 -> 889 -> 934 -> 933 -> 974 -> 983 -> 1016 -> 1015 -> 1014 -> 972 -> 934 -> 933 -> 974 -> 1015 -> 1047 -> 1038 -> 1037 -> 1036 -> 1132 -> 1134 -> 1135 -> 1038 -> 1014 -> 972 -> 973 -> 975 -> 979 -> 909 -> 906 -> 975 -> 973 -> 898 -> 906 -> 909 -> 979 -> 982 -> 1013 -> 1033 -> 1035 -> 1131 -> 1132 -> 1134 -> 1037 -> 1036 -> 1132 -> 1134 -> 1135 -> 1166 -> 1219 -> 1293 -> 1344 -> 1886 -> 1355

=== Semilla 1234572 ===
Instancia recibida: /home/alazcano/RESCOL/Instancias/CN/archivo_segmetación_Seg_0.txt

-----------------------------------------------------------------------------------------------------------------------------------------------------------------
Datos de debug 🪲: 

Nombre de la instancia: Seg_0
Comentario: 
Número de nodos: 87
Número de arcos obligatorios: 59
Número de arcos opcionales: 15
Número de nodos iniciales: 1
Número de nodos terminales: 1
Número de nodos terminales: 1
No hay restricciones

Datos: 
Nodos iniciales: 
909 

Nodos terminales: 
909 
-----------------------------------------------------------------------------------------------------------------------------------------------------------------

⌚Época 0
Tiempo de ejecución: 10.0493 segundos
-----------------------------------------------------------------------------------------------------------------------------------------------------------------
La solución es: 
Camion 1: 909 -> 906 -> 975 -> 973 -> 898 -> 889 -> 934 -> 933 -> 974 -> 1015 -> 1016 -> 983 -> 932 -> 933 -> 934 -> 889 -> 898 -> 906 -> 909 -> 982 -> 1013 -> 1033 -> 1035 -> 1036 -> 1132 -> 1134 -> 1135 -> 1136 -> 1138 -> 1048 -> 1016 -> 1015 -> 1014 -> 972 -> 973 -> 975 -> 979 -> 982 -> 1013 -> 1014 -> 1038 -> 1047 -> 1136 -> 1138 -> 1165 -> 1166 -> 1130 -> 1033 -> 1035 -> 1131 -> 1132 -> 1134 -> 1135 -> 1166 -> 1219 -> 1293 -> 1344 -> 1887 -> 1345 -> 1887 -> 1344 -> 1886 -> 1355 -> 1885 -> 1353 -> 1354 -> 1355 -> 1885 -> 1294 -> 1293 -> 1344 -> 1887 -> 1296 -> 1299 -> 1295 -> 1296 -> 1887 -> 1345 -> 1887 -> 1344 -> 1293 -> 1219 -> 1166 -> 1135 -> 1038 -> 1047 -> 1048 -> 1016 -> 1015 -> 1047 -> 1038 -> 1037 -> 1036 -> 1037 -> 1134 -> 1135 -> 1038 -> 1047 -> 1015 -> 1016 -> 983 -> 974 -> 933 -> 932 -> 857 -> 889 -> 934 -> 972 -> 973 -> 975 -> 979 -> 909 -> 982 -> 979 -> 975 -> 973 -> 972 -> 1014 -> 1038 -> 1135 -> 1166 -> 1219 -> 1293 -> 1295 -> 1293 -> 1294 -> 1219 -> 1166 -> 1135 -> 1038 -> 1014 -> 972 -> 974

✨🏆 Mejor resultado 🏆✨

Mejor hormiga: 6 🐜🥇
Mejor costo: 6228.358 ⏩
Mejor longitud: 132.000 ⚡
--- Nodos recorridos (semilla 1234572) ---
Camion 1: 909 -> 906 -> 975 -> 973 -> 898 -> 889 -> 934 -> 933 -> 974 -> 1015 -> 1016 -> 983 -> 932 -> 933 -> 934 -> 889 -> 898 -> 906 -> 909 -> 982 -> 1013 -> 1033 -> 1035 -> 1036 -> 1132 -> 1134 -> 1135 -> 1136 -> 1138 -> 1048 -> 1016 -> 1015 -> 1014 -> 972 -> 973 -> 975 -> 979 -> 982 -> 1013 -> 1014 -> 1038 -> 1047 -> 1136 -> 1138 -> 1165 -> 1166 -> 1130 -> 1033 -> 1035 -> 1131 -> 1132 -> 1134 -> 1135 -> 1166 -> 1219 -> 1293 -> 1344 -> 1887 -> 1345 -> 1887 -> 1344 -> 1886 -> 1355 -> 1885 -> 1353 -> 1354 -> 1355 -> 1885 -> 1294 -> 1293 -> 1344 -> 1887 -> 1296 -> 1299 -> 1295 -> 1296 -> 1887 -> 1345 -> 1887 -> 1344 -> 1293 -> 1219 -> 1166 -> 1135 -> 1038 -> 1047 -> 1048 -> 1016 -> 1015 -> 1047 -> 1038 -> 1037 -> 1036 -> 1037 -> 1134 -> 1135 -> 1038 -> 1047 -> 1015 -> 1016 -> 983 -> 974 -> 933 -> 932 -> 857 -> 889 -> 934 -> 972 -> 973 -> 975 -> 979 -> 909 -> 982 -> 979 -> 975 -> 973 -> 972 -> 1014 -> 1038 -> 1135 -> 1166 -> 1219 -> 1293 -> 1295 -> 1293 -> 1294 -> 1219 -> 1166 -> 1135 -> 1038 -> 1014 -> 972 -> 974

=== Semilla 1234573 ===
Instancia recibida: /home/alazcano/RESCOL/Instancias/CN/archivo_segmetación_Seg_0.txt

-----------------------------------------------------------------------------------------------------------------------------------------------------------------
Datos de debug 🪲: 

Nombre de la instancia: Seg_0
Comentario: 
Número de nodos: 87
Número de arcos obligatorios: 59
Número de arcos opcionales: 15
Número de nodos iniciales: 1
Número de nodos terminales: 1
Número de nodos terminales: 1
No hay restricciones

Datos: 
Nodos iniciales: 
909 

Nodos terminales: 
909 
-----------------------------------------------------------------------------------------------------------------------------------------------------------------

⌚Época 0
Tiempo de ejecución: 10.0234 segundos
-----------------------------------------------------------------------------------------------------------------------------------------------------------------
La solución es: 
Camion 1: 909 -> 982 -> 1013 -> 1033 -> 1035 -> 1036 -> 1132 -> 1134 -> 1135 -> 1136 -> 1138 -> 1048 -> 1016 -> 983 -> 932 -> 857 -> 889 -> 898 -> 906 -> 909 -> 979 -> 982 -> 1013 -> 1014 -> 1038 -> 1047 -> 1136 -> 1138 -> 1165 -> 1166 -> 1130 -> 1033 -> 1035 -> 1131 -> 1132 -> 1134 -> 1135 -> 1166 -> 1219 -> 1293 -> 1344 -> 1887 -> 1345 -> 1887 -> 1296 -> 1299 -> 1295 -> 1296 -> 1887 -> 1344 -> 1293 -> 1295 -> 1296 -> 1295 -> 1293 -> 1344 -> 1886 -> 1344 -> 1293 -> 1294 -> 1885 -> 1355 -> 1354 -> 1353 -> 1885 -> 1294 -> 1219 -> 1166 -> 1135 -> 1038 -> 1014 -> 972 -> 934 -> 933 -> 932 -> 857 -> 932 -> 933 -> 974 -> 1015 -> 1047 -> 1048 -> 1016 -> 1015 -> 1014 -> 972 -> 934 -> 889 -> 934 -> 972 -> 974 -> 933 -> 934 -> 889 -> 934 -> 972 -> 1014 -> 1038 -> 1037 -> 1036 -> 1037 -> 1134 -> 1135 -> 1038 -> 1014 -> 972 -> 973 -> 975 -> 979 -> 909 -> 906 -> 975 -> 973 -> 898 -> 889 -> 857 -> 932 -> 983 -> 974 -> 972 -> 973 -> 972 -> 1014 -> 1038 -> 1135 -> 1166 -> 1219 -> 1293 -> 1344 -> 1886 -> 1355

✨🏆 Mejor resultado 🏆✨

Mejor hormiga: 8 🐜🥇
Mejor costo: 6381.148 ⏩
Mejor longitud: 130.000 ⚡
--- Nodos recorridos (semilla 1234573) ---
Camion 1: 909 -> 982 -> 1013 -> 1033 -> 1035 -> 1036 -> 1132 -> 1134 -> 1135 -> 1136 -> 1138 -> 1048 -> 1016 -> 983 -> 932 -> 857 -> 889 -> 898 -> 906 -> 909 -> 979 -> 982 -> 1013 -> 1014 -> 1038 -> 1047 -> 1136 -> 1138 -> 1165 -> 1166 -> 1130 -> 1033 -> 1035 -> 1131 -> 1132 -> 1134 -> 1135 -> 1166 -> 1219 -> 1293 -> 1344 -> 1887 -> 1345 -> 1887 -> 1296 -> 1299 -> 1295 -> 1296 -> 1887 -> 1344 -> 1293 -> 1295 -> 1296 -> 1295 -> 1293 -> 1344 -> 1886 -> 1344 -> 1293 -> 1294 -> 1885 -> 1355 -> 1354 -> 1353 -> 1885 -> 1294 -> 1219 -> 1166 -> 1135 -> 1038 -> 1014 -> 972 -> 934 -> 933 -> 932 -> 857 -> 932 -> 933 -> 974 -> 1015 -> 1047 -> 1048 -> 1016 -> 1015 -> 1014 -> 972 -> 934 -> 889 -> 934 -> 972 -> 974 -> 933 -> 934 -> 889 -> 934 -> 972 -> 1014 -> 1038 -> 1037 -> 1036 -> 1037 -> 1134 -> 1135 -> 1038 -> 1014 -> 972 -> 973 -> 975 -> 979 -> 909 -> 906 -> 975 -> 973 -> 898 -> 889 -> 857 -> 932 -> 983 -> 974 -> 972 -> 973 -> 972 -> 1014 -> 1038 -> 1135 -> 1166 -> 1219 -> 1293 -> 1344 -> 1886 -> 1355

=== Semilla 1234574 ===
Instancia recibida: /home/alazcano/RESCOL/Instancias/CN/archivo_segmetación_Seg_0.txt

-----------------------------------------------------------------------------------------------------------------------------------------------------------------
Datos de debug 🪲: 

Nombre de la instancia: Seg_0
Comentario: 
Número de nodos: 87
Número de arcos obligatorios: 59
Número de arcos opcionales: 15
Número de nodos iniciales: 1
Número de nodos terminales: 1
Número de nodos terminales: 1
No hay restricciones

Datos: 
Nodos iniciales: 
909 

Nodos terminales: 
909 
-----------------------------------------------------------------------------------------------------------------------------------------------------------------

⌚Época 0
Tiempo de ejecución: 10.0539 segundos
-----------------------------------------------------------------------------------------------------------------------------------------------------------------
La solución es: 
Camion 1: 909 -> 982 -> 1013 -> 1033 -> 1035 -> 1036 -> 1037 -> 1134 -> 1135 -> 1136 -> 1138 -> 1048 -> 1016 -> 983 -> 974 -> 933 -> 932 -> 857 -> 889 -> 898 -> 973 -> 975 -> 979 -> 982 -> 1013 -> 1014 -> 1038 -> 1047 -> 1136 -> 1138 -> 1165 -> 1166 -> 1130 -> 1033 -> 1035 -> 1131 -> 1132 -> 1134 -> 1135 -> 1166 -> 1219 -> 1293 -> 1344 -> 1887 -> 1345 -> 1887 -> 1296 -> 1299 -> 1295 -> 1293 -> 1294 -> 1219 -> 1166 -> 1135 -> 1038 -> 1014 -> 972 -> 973 -> 898 -> 906 -> 909 -> 979 -> 975 -> 906 -> 898 -> 889 -> 934 -> 972 -> 974 -> 983 -> 1016 -> 1015 -> 1014 -> 1013 -> 1033 -> 1035 -> 1131 -> 1132 -> 1134 -> 1135 -> 1166 -> 1219 -> 1293 -> 1344 -> 1886 -> 1344 -> 1293 -> 1295 -> 1296 -> 1887 -> 1344 -> 1886 -> 1355 -> 1885 -> 1355 -> 1354 -> 1353 -> 1885 -> 1294 -> 1219 -> 1166 -> 1135 -> 1038 -> 1047 -> 1048 -> 1016 -> 983 -> 932 -> 933 -> 934 -> 889 -> 857 -> 932 -> 933 -> 974 -> 1015 -> 1047 -> 1038 -> 1037 -> 1036 -> 1132

✨🏆 Mejor resultado 🏆✨

Mejor hormiga: 24 🐜🥇
Mejor costo: 6335.843 ⏩
Mejor longitud: 120.000 ⚡
--- Nodos recorridos (semilla 1234574) ---
Camion 1: 909 -> 982 -> 1013 -> 1033 -> 1035 -> 1036 -> 1037 -> 1134 -> 1135 -> 1136 -> 1138 -> 1048 -> 1016 -> 983 -> 974 -> 933 -> 932 -> 857 -> 889 -> 898 -> 973 -> 975 -> 979 -> 982 -> 1013 -> 1014 -> 1038 -> 1047 -> 1136 -> 1138 -> 1165 -> 1166 -> 1130 -> 1033 -> 1035 -> 1131 -> 1132 -> 1134 -> 1135 -> 1166 -> 1219 -> 1293 -> 1344 -> 1887 -> 1345 -> 1887 -> 1296 -> 1299 -> 1295 -> 1293 -> 1294 -> 1219 -> 1166 -> 1135 -> 1038 -> 1014 -> 972 -> 973 -> 898 -> 906 -> 909 -> 979 -> 975 -> 906 -> 898 -> 889 -> 934 -> 972 -> 974 -> 983 -> 1016 -> 1015 -> 1014 -> 1013 -> 1033 -> 1035 -> 1131 -> 1132 -> 1134 -> 1135 -> 1166 -> 1219 -> 1293 -> 1344 -> 1886 -> 1344 -> 1293 -> 1295 -> 1296 -> 1887 -> 1344 -> 1886 -> 1355 -> 1885 -> 1355 -> 1354 -> 1353 -> 1885 -> 1294 -> 1219 -> 1166 -> 1135 -> 1038 -> 1047 -> 1048 -> 1016 -> 983 -> 932 -> 933 -> 934 -> 889 -> 857 -> 932 -> 933 -> 974 -> 1015 -> 1047 -> 1038 -> 1037 -> 1036 -> 1132

=== Semilla 1234575 ===
Instancia recibida: /home/alazcano/RESCOL/Instancias/CN/archivo_segmetación_Seg_0.txt

-----------------------------------------------------------------------------------------------------------------------------------------------------------------
Datos de debug 🪲: 

Nombre de la instancia: Seg_0
Comentario: 
Número de nodos: 87
Número de arcos obligatorios: 59
Número de arcos opcionales: 15
Número de nodos iniciales: 1
Número de nodos terminales: 1
Número de nodos terminales: 1
No hay restricciones

Datos: 
Nodos iniciales: 
909 

Nodos terminales: 
909 
-----------------------------------------------------------------------------------------------------------------------------------------------------------------

⌚Época 0
Tiempo de ejecución: 10.0494 segundos
-----------------------------------------------------------------------------------------------------------------------------------------------------------------
La solución es: 
Camion 1: 909 -> 982 -> 1013 -> 1033 -> 1035 -> 1036 -> 1132 -> 1134 -> 1135 -> 1136 -> 1138 -> 1048 -> 1016 -> 1015 -> 1047 -> 1136 -> 1138 -> 1165 -> 1166 -> 1130 -> 1033 -> 1035 -> 1131 -> 1132 -> 1134 -> 1135 -> 1166 -> 1219 -> 1293 -> 1344 -> 1887 -> 1345 -> 1887 -> 1344 -> 1886 -> 1355 -> 1354 -> 1353 -> 1885 -> 1294 -> 1219 -> 1166 -> 1135 -> 1038 -> 1014 -> 1013 -> 982 -> 979 -> 975 -> 973 -> 898 -> 906 -> 975 -> 979 -> 909 -> 906 -> 898 -> 973 -> 975 -> 906 -> 909 -> 979 -> 982 -> 1013 -> 1014 -> 1038 -> 1135 -> 1166 -> 1219 -> 1293 -> 1344 -> 1887 -> 1296 -> 1299 -> 1295 -> 1293 -> 1294 -> 1885 -> 1355 -> 1354 -> 1355 -> 1886 -> 1344 -> 1293 -> 1219 -> 1166 -> 1135 -> 1038 -> 1047 -> 1048 -> 1016 -> 983 -> 932 -> 933 -> 934 -> 889 -> 898 -> 973 -> 972 -> 1014 -> 1038 -> 1037 -> 1036 -> 1037 -> 1134 -> 1135 -> 1166 -> 1219 -> 1293 -> 1295 -> 1296 -> 1295 -> 1293 -> 1219 -> 1166 -> 1135 -> 1038 -> 1047 -> 1015 -> 1016 -> 983 -> 974 -> 933 -> 932 -> 857 -> 889 -> 934 -> 972 -> 974 -> 1015 -> 1014

✨🏆 Mejor resultado 🏆✨

Mejor hormiga: 11 🐜🥇
Mejor costo: 6411.771 ⏩
Mejor longitud: 130.000 ⚡
--- Nodos recorridos (semilla 1234575) ---
Camion 1: 909 -> 982 -> 1013 -> 1033 -> 1035 -> 1036 -> 1132 -> 1134 -> 1135 -> 1136 -> 1138 -> 1048 -> 1016 -> 1015 -> 1047 -> 1136 -> 1138 -> 1165 -> 1166 -> 1130 -> 1033 -> 1035 -> 1131 -> 1132 -> 1134 -> 1135 -> 1166 -> 1219 -> 1293 -> 1344 -> 1887 -> 1345 -> 1887 -> 1344 -> 1886 -> 1355 -> 1354 -> 1353 -> 1885 -> 1294 -> 1219 -> 1166 -> 1135 -> 1038 -> 1014 -> 1013 -> 982 -> 979 -> 975 -> 973 -> 898 -> 906 -> 975 -> 979 -> 909 -> 906 -> 898 -> 973 -> 975 -> 906 -> 909 -> 979 -> 982 -> 1013 -> 1014 -> 1038 -> 1135 -> 1166 -> 1219 -> 1293 -> 1344 -> 1887 -> 1296 -> 1299 -> 1295 -> 1293 -> 1294 -> 1885 -> 1355 -> 1354 -> 1355 -> 1886 -> 1344 -> 1293 -> 1219 -> 1166 -> 1135 -> 1038 -> 1047 -> 1048 -> 1016 -> 983 -> 932 -> 933 -> 934 -> 889 -> 898 -> 973 -> 972 -> 1014 -> 1038 -> 1037 -> 1036 -> 1037 -> 1134 -> 1135 -> 1166 -> 1219 -> 1293 -> 1295 -> 1296 -> 1295 -> 1293 -> 1219 -> 1166 -> 1135 -> 1038 -> 1047 -> 1015 -> 1016 -> 983 -> 974 -> 933 -> 932 -> 857 -> 889 -> 934 -> 972 -> 974 -> 1015 -> 1014

=== Semilla 1234576 ===
Instancia recibida: /home/alazcano/RESCOL/Instancias/CN/archivo_segmetación_Seg_0.txt

-----------------------------------------------------------------------------------------------------------------------------------------------------------------
Datos de debug 🪲: 

Nombre de la instancia: Seg_0
Comentario: 
Número de nodos: 87
Número de arcos obligatorios: 59
Número de arcos opcionales: 15
Número de nodos iniciales: 1
Número de nodos terminales: 1
Número de nodos terminales: 1
No hay restricciones

Datos: 
Nodos iniciales: 
909 

Nodos terminales: 
909 
-----------------------------------------------------------------------------------------------------------------------------------------------------------------

⌚Época 0
Tiempo de ejecución: 10.0484 segundos
-----------------------------------------------------------------------------------------------------------------------------------------------------------------
La solución es: 
Camion 1: 909 -> 982 -> 1013 -> 1033 -> 1035 -> 1036 -> 1132 -> 1134 -> 1135 -> 1136 -> 1138 -> 1048 -> 1016 -> 1015 -> 1014 -> 1038 -> 1037 -> 1134 -> 1135 -> 1136 -> 1138 -> 1165 -> 1166 -> 1130 -> 1033 -> 1035 -> 1131 -> 1132 -> 1134 -> 1135 -> 1166 -> 1219 -> 1293 -> 1344 -> 1887 -> 1345 -> 1887 -> 1344 -> 1886 -> 1355 -> 1885 -> 1353 -> 1354 -> 1355 -> 1885 -> 1294 -> 1293 -> 1344 -> 1887 -> 1296 -> 1299 -> 1295 -> 1293 -> 1294 -> 1219 -> 1166 -> 1135 -> 1038 -> 1014 -> 1013 -> 1033 -> 1035 -> 1036 -> 1037 -> 1038 -> 1047 -> 1048 -> 1016 -> 983 -> 932 -> 933 -> 934 -> 889 -> 898 -> 906 -> 909 -> 979 -> 982 -> 1013 -> 1014 -> 1038 -> 1135 -> 1166 -> 1219 -> 1293 -> 1295 -> 1296 -> 1295 -> 1293 -> 1219 -> 1166 -> 1135 -> 1038 -> 1014 -> 972 -> 973 -> 975 -> 979 -> 909 -> 906 -> 975 -> 973 -> 898 -> 889 -> 857 -> 932 -> 933 -> 974 -> 1015 -> 1047 -> 1136 -> 1047 -> 1038 -> 1037 -> 1038 -> 1047 -> 1015 -> 1016 -> 983 -> 974 -> 972 -> 934

✨🏆 Mejor resultado 🏆✨

Mejor hormiga: 12 🐜🥇
Mejor costo: 6058.684 ⏩
Mejor longitud: 121.000 ⚡
--- Nodos recorridos (semilla 1234576) ---
Camion 1: 909 -> 982 -> 1013 -> 1033 -> 1035 -> 1036 -> 1132 -> 1134 -> 1135 -> 1136 -> 1138 -> 1048 -> 1016 -> 1015 -> 1014 -> 1038 -> 1037 -> 1134 -> 1135 -> 1136 -> 1138 -> 1165 -> 1166 -> 1130 -> 1033 -> 1035 -> 1131 -> 1132 -> 1134 -> 1135 -> 1166 -> 1219 -> 1293 -> 1344 -> 1887 -> 1345 -> 1887 -> 1344 -> 1886 -> 1355 -> 1885 -> 1353 -> 1354 -> 1355 -> 1885 -> 1294 -> 1293 -> 1344 -> 1887 -> 1296 -> 1299 -> 1295 -> 1293 -> 1294 -> 1219 -> 1166 -> 1135 -> 1038 -> 1014 -> 1013 -> 1033 -> 1035 -> 1036 -> 1037 -> 1038 -> 1047 -> 1048 -> 1016 -> 983 -> 932 -> 933 -> 934 -> 889 -> 898 -> 906 -> 909 -> 979 -> 982 -> 1013 -> 1014 -> 1038 -> 1135 -> 1166 -> 1219 -> 1293 -> 1295 -> 1296 -> 1295 -> 1293 -> 1219 -> 1166 -> 1135 -> 1038 -> 1014 -> 972 -> 973 -> 975 -> 979 -> 909 -> 906 -> 975 -> 973 -> 898 -> 889 -> 857 -> 932 -> 933 -> 974 -> 1015 -> 1047 -> 1136 -> 1047 -> 1038 -> 1037 -> 1038 -> 1047 -> 1015 -> 1016 -> 983 -> 974 -> 972 -> 934

=== Semilla 1234577 ===
Instancia recibida: /home/alazcano/RESCOL/Instancias/CN/archivo_segmetación_Seg_0.txt

-----------------------------------------------------------------------------------------------------------------------------------------------------------------
Datos de debug 🪲: 

Nombre de la instancia: Seg_0
Comentario: 
Número de nodos: 87
Número de arcos obligatorios: 59
Número de arcos opcionales: 15
Número de nodos iniciales: 1
Número de nodos terminales: 1
Número de nodos terminales: 1
No hay restricciones

Datos: 
Nodos iniciales: 
909 

Nodos terminales: 
909 
-----------------------------------------------------------------------------------------------------------------------------------------------------------------

⌚Época 0
Tiempo de ejecución: 10.0537 segundos
-----------------------------------------------------------------------------------------------------------------------------------------------------------------
La solución es: 
Camion 1: 909 -> 982 -> 1013 -> 1033 -> 1035 -> 1036 -> 1037 -> 1134 -> 1135 -> 1136 -> 1138 -> 1048 -> 1016 -> 1015 -> 1014 -> 1013 -> 1033 -> 1035 -> 1131 -> 1132 -> 1134 -> 1135 -> 1136 -> 1138 -> 1165 -> 1166 -> 1135 -> 1038 -> 1037 -> 1036 -> 1132 -> 1134 -> 1135 -> 1166 -> 1219 -> 1293 -> 1344 -> 1887 -> 1345 -> 1887 -> 1296 -> 1299 -> 1295 -> 1293 -> 1294 -> 1885 -> 1353 -> 1354 -> 1355 -> 1885 -> 1294 -> 1219 -> 1166 -> 1130 -> 1033 -> 1013 -> 982 -> 979 -> 909 -> 906 -> 975 -> 979 -> 982 -> 1013 -> 1014 -> 1038 -> 1135 -> 1166 -> 1219 -> 1293 -> 1344 -> 1886 -> 1344 -> 1293 -> 1295 -> 1296 -> 1887 -> 1344 -> 1886 -> 1344 -> 1293 -> 1219 -> 1166 -> 1135 -> 1038 -> 1047 -> 1048 -> 1016 -> 983 -> 932 -> 933 -> 934 -> 889 -> 898 -> 973 -> 975 -> 906 -> 898 -> 889 -> 934 -> 972 -> 974 -> 1015 -> 1047 -> 1136 -> 1138 -> 1048 -> 1016 -> 983 -> 974 -> 933 -> 932 -> 857 -> 889 -> 898 -> 973 -> 972 -> 1014 -> 1038 -> 1135 -> 1166 -> 1219 -> 1293 -> 1344 -> 1886 -> 1355

✨🏆 Mejor resultado 🏆✨

Mejor hormiga: 7 🐜🥇
Mejor costo: 5966.939 ⏩
Mejor longitud: 125.000 ⚡
--- Nodos recorridos (semilla 1234577) ---
Camion 1: 909 -> 982 -> 1013 -> 1033 -> 1035 -> 1036 -> 1037 -> 1134 -> 1135 -> 1136 -> 1138 -> 1048 -> 1016 -> 1015 -> 1014 -> 1013 -> 1033 -> 1035 -> 1131 -> 1132 -> 1134 -> 1135 -> 1136 -> 1138 -> 1165 -> 1166 -> 1135 -> 1038 -> 1037 -> 1036 -> 1132 -> 1134 -> 1135 -> 1166 -> 1219 -> 1293 -> 1344 -> 1887 -> 1345 -> 1887 -> 1296 -> 1299 -> 1295 -> 1293 -> 1294 -> 1885 -> 1353 -> 1354 -> 1355 -> 1885 -> 1294 -> 1219 -> 1166 -> 1130 -> 1033 -> 1013 -> 982 -> 979 -> 909 -> 906 -> 975 -> 979 -> 982 -> 1013 -> 1014 -> 1038 -> 1135 -> 1166 -> 1219 -> 1293 -> 1344 -> 1886 -> 1344 -> 1293 -> 1295 -> 1296 -> 1887 -> 1344 -> 1886 -> 1344 -> 1293 -> 1219 -> 1166 -> 1135 -> 1038 -> 1047 -> 1048 -> 1016 -> 983 -> 932 -> 933 -> 934 -> 889 -> 898 -> 973 -> 975 -> 906 -> 898 -> 889 -> 934 -> 972 -> 974 -> 1015 -> 1047 -> 1136 -> 1138 -> 1048 -> 1016 -> 983 -> 974 -> 933 -> 932 -> 857 -> 889 -> 898 -> 973 -> 972 -> 1014 -> 1038 -> 1135 -> 1166 -> 1219 -> 1293 -> 1344 -> 1886 -> 1355

=== Semilla 1234578 ===
Instancia recibida: /home/alazcano/RESCOL/Instancias/CN/archivo_segmetación_Seg_0.txt

-----------------------------------------------------------------------------------------------------------------------------------------------------------------
Datos de debug 🪲: 

Nombre de la instancia: Seg_0
Comentario: 
Número de nodos: 87
Número de arcos obligatorios: 59
Número de arcos opcionales: 15
Número de nodos iniciales: 1
Número de nodos terminales: 1
Número de nodos terminales: 1
No hay restricciones

Datos: 
Nodos iniciales: 
909 

Nodos terminales: 
909 
-----------------------------------------------------------------------------------------------------------------------------------------------------------------

⌚Época 0
Tiempo de ejecución: 10.0158 segundos
-----------------------------------------------------------------------------------------------------------------------------------------------------------------
La solución es: 
Camion 1: 909 -> 906 -> 898 -> 973 -> 975 -> 979 -> 982 -> 1013 -> 1033 -> 1035 -> 1036 -> 1132 -> 1134 -> 1135 -> 1038 -> 1037 -> 1134 -> 1135 -> 1136 -> 1138 -> 1165 -> 1166 -> 1130 -> 1033 -> 1035 -> 1131 -> 1132 -> 1134 -> 1135 -> 1166 -> 1219 -> 1293 -> 1344 -> 1887 -> 1345 -> 1887 -> 1296 -> 1295 -> 1293 -> 1294 -> 1885 -> 1355 -> 1354 -> 1353 -> 1885 -> 1294 -> 1219 -> 1166 -> 1135 -> 1038 -> 1135 -> 1166 -> 1219 -> 1293 -> 1344 -> 1886 -> 1344 -> 1293 -> 1295 -> 1296 -> 1299 -> 1295 -> 1293 -> 1219 -> 1166 -> 1135 -> 1038 -> 1047 -> 1048 -> 1016 -> 1015 -> 1047 -> 1136 -> 1138 -> 1048 -> 1016 -> 983 -> 932 -> 933 -> 934 -> 972 -> 974 -> 983 -> 1016 -> 1015 -> 1014 -> 972 -> 934 -> 889 -> 934 -> 933 -> 932 -> 857 -> 889 -> 898 -> 906 -> 975 -> 973 -> 972 -> 934 -> 972 -> 1014 -> 1038 -> 1037 -> 1036 -> 1037 -> 1038 -> 1014 -> 1013 -> 982 -> 979 -> 909 -> 982 -> 1013 -> 982 -> 979 -> 975 -> 973 -> 972 -> 974 -> 1015 -> 1016 -> 983 -> 974 -> 933 -> 934 -> 972 -> 1014 -> 1038 -> 1135 -> 1166 -> 1219 -> 1293 -> 1344 -> 1886 -> 1355

✨🏆 Mejor resultado 🏆✨

Mejor hormiga: 23 🐜🥇
Mejor costo: 6158.910 ⏩
Mejor longitud: 135.000 ⚡
--- Nodos recorridos (semilla 1234578) ---
Camion 1: 909 -> 906 -> 898 -> 973 -> 975 -> 979 -> 982 -> 1013 -> 1033 -> 1035 -> 1036 -> 1132 -> 1134 -> 1135 -> 1038 -> 1037 -> 1134 -> 1135 -> 1136 -> 1138 -> 1165 -> 1166 -> 1130 -> 1033 -> 1035 -> 1131 -> 1132 -> 1134 -> 1135 -> 1166 -> 1219 -> 1293 -> 1344 -> 1887 -> 1345 -> 1887 -> 1296 -> 1295 -> 1293 -> 1294 -> 1885 -> 1355 -> 1354 -> 1353 -> 1885 -> 1294 -> 1219 -> 1166 -> 1135 -> 1038 -> 1135 -> 1166 -> 1219 -> 1293 -> 1344 -> 1886 -> 1344 -> 1293 -> 1295 -> 1296 -> 1299 -> 1295 -> 1293 -> 1219 -> 1166 -> 1135 -> 1038 -> 1047 -> 1048 -> 1016 -> 1015 -> 1047 -> 1136 -> 1138 -> 1048 -> 1016 -> 983 -> 932 -> 933 -> 934 -> 972 -> 974 -> 983 -> 1016 -> 1015 -> 1014 -> 972 -> 934 -> 889 -> 934 -> 933 -> 932 -> 857 -> 889 -> 898 -> 906 -> 975 -> 973 -> 972 -> 934 -> 972 -> 1014 -> 1038 -> 1037 -> 1036 -> 1037 -> 1038 -> 1014 -> 1013 -> 982 -> 979 -> 909 -> 982 -> 1013 -> 982 -> 979 -> 975 -> 973 -> 972 -> 974 -> 1015 -> 1016 -> 983 -> 974 -> 933 -> 934 -> 972 -> 1014 -> 1038 -> 1135 -> 1166 -> 1219 -> 1293 -> 1344 -> 1886 -> 1355

=== Semilla 1234579 ===
Instancia recibida: /home/alazcano/RESCOL/Instancias/CN/archivo_segmetación_Seg_0.txt

-----------------------------------------------------------------------------------------------------------------------------------------------------------------
Datos de debug 🪲: 

Nombre de la instancia: Seg_0
Comentario: 
Número de nodos: 87
Número de arcos obligatorios: 59
Número de arcos opcionales: 15
Número de nodos iniciales: 1
Número de nodos terminales: 1
Número de nodos terminales: 1
No hay restricciones

Datos: 
Nodos iniciales: 
909 

Nodos terminales: 
909 
-----------------------------------------------------------------------------------------------------------------------------------------------------------------

⌚Época 0
Tiempo de ejecución: 10.0398 segundos
-----------------------------------------------------------------------------------------------------------------------------------------------------------------
La solución es: 
Camion 1: 909 -> 982 -> 1013 -> 1033 -> 1035 -> 1036 -> 1037 -> 1134 -> 1135 -> 1136 -> 1047 -> 1048 -> 1016 -> 1015 -> 1014 -> 972 -> 934 -> 933 -> 974 -> 972 -> 973 -> 975 -> 979 -> 909 -> 906 -> 975 -> 973 -> 898 -> 889 -> 857 -> 932 -> 933 -> 934 -> 889 -> 898 -> 906 -> 909 -> 979 -> 982 -> 1013 -> 1014 -> 1038 -> 1047 -> 1136 -> 1138 -> 1165 -> 1166 -> 1130 -> 1033 -> 1035 -> 1131 -> 1132 -> 1134 -> 1135 -> 1166 -> 1219 -> 1293 -> 1344 -> 1887 -> 1345 -> 1887 -> 1296 -> 1299 -> 1295 -> 1293 -> 1294 -> 1219 -> 1166 -> 1135 -> 1038 -> 1037 -> 1036 -> 1132 -> 1134 -> 1135 -> 1166 -> 1219 -> 1293 -> 1344 -> 1886 -> 1344 -> 1293 -> 1295 -> 1296 -> 1887 -> 1344 -> 1886 -> 1355 -> 1885 -> 1355 -> 1354 -> 1353 -> 1885 -> 1294 -> 1219 -> 1166 -> 1135 -> 1038 -> 1047 -> 1015 -> 1016 -> 983 -> 974 -> 1015 -> 1047 -> 1038 -> 1135 -> 1136 -> 1138 -> 1048 -> 1047 -> 1136 -> 1047 -> 1015 -> 1016 -> 983 -> 932

✨🏆 Mejor resultado 🏆✨

Mejor hormiga: 20 🐜🥇
Mejor costo: 6068.070 ⏩
Mejor longitud: 116.000 ⚡
--- Nodos recorridos (semilla 1234579) ---
Camion 1: 909 -> 982 -> 1013 -> 1033 -> 1035 -> 1036 -> 1037 -> 1134 -> 1135 -> 1136 -> 1047 -> 1048 -> 1016 -> 1015 -> 1014 -> 972 -> 934 -> 933 -> 974 -> 972 -> 973 -> 975 -> 979 -> 909 -> 906 -> 975 -> 973 -> 898 -> 889 -> 857 -> 932 -> 933 -> 934 -> 889 -> 898 -> 906 -> 909 -> 979 -> 982 -> 1013 -> 1014 -> 1038 -> 1047 -> 1136 -> 1138 -> 1165 -> 1166 -> 1130 -> 1033 -> 1035 -> 1131 -> 1132 -> 1134 -> 1135 -> 1166 -> 1219 -> 1293 -> 1344 -> 1887 -> 1345 -> 1887 -> 1296 -> 1299 -> 1295 -> 1293 -> 1294 -> 1219 -> 1166 -> 1135 -> 1038 -> 1037 -> 1036 -> 1132 -> 1134 -> 1135 -> 1166 -> 1219 -> 1293 -> 1344 -> 1886 -> 1344 -> 1293 -> 1295 -> 1296 -> 1887 -> 1344 -> 1886 -> 1355 -> 1885 -> 1355 -> 1354 -> 1353 -> 1885 -> 1294 -> 1219 -> 1166 -> 1135 -> 1038 -> 1047 -> 1015 -> 1016 -> 983 -> 974 -> 1015 -> 1047 -> 1038 -> 1135 -> 1136 -> 1138 -> 1048 -> 1047 -> 1136 -> 1047 -> 1015 -> 1016 -> 983 -> 932

=== Semilla 1234580 ===
Instancia recibida: /home/alazcano/RESCOL/Instancias/CN/archivo_segmetación_Seg_0.txt

-----------------------------------------------------------------------------------------------------------------------------------------------------------------
Datos de debug 🪲: 

Nombre de la instancia: Seg_0
Comentario: 
Número de nodos: 87
Número de arcos obligatorios: 59
Número de arcos opcionales: 15
Número de nodos iniciales: 1
Número de nodos terminales: 1
Número de nodos terminales: 1
No hay restricciones

Datos: 
Nodos iniciales: 
909 

Nodos terminales: 
909 
-----------------------------------------------------------------------------------------------------------------------------------------------------------------

⌚Época 0
Tiempo de ejecución: 10.0425 segundos
-----------------------------------------------------------------------------------------------------------------------------------------------------------------
La solución es: 
Camion 1: 909 -> 982 -> 1013 -> 1033 -> 1035 -> 1036 -> 1132 -> 1134 -> 1135 -> 1136 -> 1138 -> 1048 -> 1016 -> 983 -> 932 -> 933 -> 934 -> 889 -> 898 -> 906 -> 975 -> 979 -> 982 -> 1013 -> 1014 -> 1038 -> 1047 -> 1136 -> 1138 -> 1165 -> 1166 -> 1130 -> 1033 -> 1035 -> 1131 -> 1132 -> 1134 -> 1135 -> 1166 -> 1219 -> 1293 -> 1344 -> 1887 -> 1345 -> 1887 -> 1296 -> 1299 -> 1295 -> 1293 -> 1294 -> 1885 -> 1355 -> 1354 -> 1353 -> 1885 -> 1294 -> 1219 -> 1166 -> 1135 -> 1038 -> 1037 -> 1134 -> 1135 -> 1166 -> 1219 -> 1293 -> 1344 -> 1886 -> 1344 -> 1293 -> 1295 -> 1296 -> 1887 -> 1344 -> 1293 -> 1219 -> 1166 -> 1135 -> 1038 -> 1047 -> 1048 -> 1016 -> 1015 -> 1047 -> 1038 -> 1037 -> 1036 -> 1037 -> 1038 -> 1014 -> 1013 -> 982 -> 979 -> 909 -> 906 -> 898 -> 889 -> 934 -> 933 -> 932 -> 857 -> 889 -> 898 -> 973 -> 972 -> 974 -> 983 -> 974 -> 972 -> 934 -> 933 -> 974 -> 1015 -> 1014 -> 972 -> 973 -> 898 -> 906 -> 975 -> 973 -> 972 -> 1014 -> 1038 -> 1135 -> 1166 -> 1219 -> 1293 -> 1344 -> 1886 -> 1355

✨🏆 Mejor resultado 🏆✨

Mejor hormiga: 20 🐜🥇
Mejor costo: 6461.600 ⏩
Mejor longitud: 129.000 ⚡
--- Nodos recorridos (semilla 1234580) ---
Camion 1: 909 -> 982 -> 1013 -> 1033 -> 1035 -> 1036 -> 1132 -> 1134 -> 1135 -> 1136 -> 1138 -> 1048 -> 1016 -> 983 -> 932 -> 933 -> 934 -> 889 -> 898 -> 906 -> 975 -> 979 -> 982 -> 1013 -> 1014 -> 1038 -> 1047 -> 1136 -> 1138 -> 1165 -> 1166 -> 1130 -> 1033 -> 1035 -> 1131 -> 1132 -> 1134 -> 1135 -> 1166 -> 1219 -> 1293 -> 1344 -> 1887 -> 1345 -> 1887 -> 1296 -> 1299 -> 1295 -> 1293 -> 1294 -> 1885 -> 1355 -> 1354 -> 1353 -> 1885 -> 1294 -> 1219 -> 1166 -> 1135 -> 1038 -> 1037 -> 1134 -> 1135 -> 1166 -> 1219 -> 1293 -> 1344 -> 1886 -> 1344 -> 1293 -> 1295 -> 1296 -> 1887 -> 1344 -> 1293 -> 1219 -> 1166 -> 1135 -> 1038 -> 1047 -> 1048 -> 1016 -> 1015 -> 1047 -> 1038 -> 1037 -> 1036 -> 1037 -> 1038 -> 1014 -> 1013 -> 982 -> 979 -> 909 -> 906 -> 898 -> 889 -> 934 -> 933 -> 932 -> 857 -> 889 -> 898 -> 973 -> 972 -> 974 -> 983 -> 974 -> 972 -> 934 -> 933 -> 974 -> 1015 -> 1014 -> 972 -> 973 -> 898 -> 906 -> 975 -> 973 -> 972 -> 1014 -> 1038 -> 1135 -> 1166 -> 1219 -> 1293 -> 1344 -> 1886 -> 1355

=== Semilla 1234581 ===
Instancia recibida: /home/alazcano/RESCOL/Instancias/CN/archivo_segmetación_Seg_0.txt

-----------------------------------------------------------------------------------------------------------------------------------------------------------------
Datos de debug 🪲: 

Nombre de la instancia: Seg_0
Comentario: 
Número de nodos: 87
Número de arcos obligatorios: 59
Número de arcos opcionales: 15
Número de nodos iniciales: 1
Número de nodos terminales: 1
Número de nodos terminales: 1
No hay restricciones

Datos: 
Nodos iniciales: 
909 

Nodos terminales: 
909 
-----------------------------------------------------------------------------------------------------------------------------------------------------------------

⌚Época 0
Tiempo de ejecución: 10.0641 segundos
-----------------------------------------------------------------------------------------------------------------------------------------------------------------
La solución es: 
Camion 1: 909 -> 982 -> 1013 -> 1033 -> 1130 -> 1131 -> 1132 -> 1134 -> 1037 -> 1036 -> 1035 -> 1131 -> 1132 -> 1134 -> 1135 -> 1136 -> 1138 -> 1165 -> 1166 -> 1130 -> 1033 -> 1035 -> 1036 -> 1132 -> 1134 -> 1135 -> 1166 -> 1219 -> 1293 -> 1344 -> 1887 -> 1345 -> 1887 -> 1296 -> 1295 -> 1293 -> 1294 -> 1885 -> 1353 -> 1354 -> 1355 -> 1885 -> 1294 -> 1293 -> 1219 -> 1294 -> 1885 -> 1355 -> 1886 -> 1344 -> 1293 -> 1295 -> 1296 -> 1299 -> 1295 -> 1296 -> 1295 -> 1293 -> 1219 -> 1166 -> 1135 -> 1038 -> 1047 -> 1048 -> 1138 -> 1165 -> 1138 -> 1048 -> 1016 -> 983 -> 932 -> 933 -> 934 -> 889 -> 857 -> 932 -> 933 -> 934 -> 889 -> 898 -> 973 -> 972 -> 934 -> 933 -> 932 -> 857 -> 889 -> 934 -> 972 -> 973 -> 898 -> 906 -> 975 -> 979 -> 982 -> 1013 -> 1014 -> 1038 -> 1047 -> 1136 -> 1047 -> 1038 -> 1037 -> 1134 -> 1135 -> 1038 -> 1047 -> 1015 -> 1016 -> 983 -> 974 -> 1015 -> 1014 -> 972 -> 974 -> 983 -> 932 -> 933 -> 974 -> 972 -> 973 -> 975 -> 979 -> 909 -> 906

✨🏆 Mejor resultado 🏆✨

Mejor hormiga: 23 🐜🥇
Mejor costo: 6719.553 ⏩
Mejor longitud: 124.000 ⚡
--- Nodos recorridos (semilla 1234581) ---
Camion 1: 909 -> 982 -> 1013 -> 1033 -> 1130 -> 1131 -> 1132 -> 1134 -> 1037 -> 1036 -> 1035 -> 1131 -> 1132 -> 1134 -> 1135 -> 1136 -> 1138 -> 1165 -> 1166 -> 1130 -> 1033 -> 1035 -> 1036 -> 1132 -> 1134 -> 1135 -> 1166 -> 1219 -> 1293 -> 1344 -> 1887 -> 1345 -> 1887 -> 1296 -> 1295 -> 1293 -> 1294 -> 1885 -> 1353 -> 1354 -> 1355 -> 1885 -> 1294 -> 1293 -> 1219 -> 1294 -> 1885 -> 1355 -> 1886 -> 1344 -> 1293 -> 1295 -> 1296 -> 1299 -> 1295 -> 1296 -> 1295 -> 1293 -> 1219 -> 1166 -> 1135 -> 1038 -> 1047 -> 1048 -> 1138 -> 1165 -> 1138 -> 1048 -> 1016 -> 983 -> 932 -> 933 -> 934 -> 889 -> 857 -> 932 -> 933 -> 934 -> 889 -> 898 -> 973 -> 972 -> 934 -> 933 -> 932 -> 857 -> 889 -> 934 -> 972 -> 973 -> 898 -> 906 -> 975 -> 979 -> 982 -> 1013 -> 1014 -> 1038 -> 1047 -> 1136 -> 1047 -> 1038 -> 1037 -> 1134 -> 1135 -> 1038 -> 1047 -> 1015 -> 1016 -> 983 -> 974 -> 1015 -> 1014 -> 972 -> 974 -> 983 -> 932 -> 933 -> 974 -> 972 -> 973 -> 975 -> 979 -> 909 -> 906

=== Semilla 1234582 ===
Instancia recibida: /home/alazcano/RESCOL/Instancias/CN/archivo_segmetación_Seg_0.txt

-----------------------------------------------------------------------------------------------------------------------------------------------------------------
Datos de debug 🪲: 

Nombre de la instancia: Seg_0
Comentario: 
Número de nodos: 87
Número de arcos obligatorios: 59
Número de arcos opcionales: 15
Número de nodos iniciales: 1
Número de nodos terminales: 1
Número de nodos terminales: 1
No hay restricciones

Datos: 
Nodos iniciales: 
909 

Nodos terminales: 
909 
-----------------------------------------------------------------------------------------------------------------------------------------------------------------

⌚Época 0
Tiempo de ejecución: 10.0617 segundos
-----------------------------------------------------------------------------------------------------------------------------------------------------------------
La solución es: 
Camion 1: 909 -> 982 -> 979 -> 909 -> 906 -> 975 -> 979 -> 982 -> 1013 -> 1033 -> 1035 -> 1036 -> 1037 -> 1134 -> 1135 -> 1136 -> 1138 -> 1048 -> 1016 -> 1015 -> 1014 -> 1013 -> 982 -> 979 -> 975 -> 973 -> 972 -> 1014 -> 1038 -> 1047 -> 1136 -> 1138 -> 1165 -> 1166 -> 1130 -> 1033 -> 1035 -> 1131 -> 1132 -> 1134 -> 1135 -> 1166 -> 1219 -> 1293 -> 1344 -> 1887 -> 1345 -> 1887 -> 1296 -> 1299 -> 1295 -> 1293 -> 1294 -> 1219 -> 1166 -> 1135 -> 1038 -> 1037 -> 1036 -> 1132 -> 1134 -> 1135 -> 1166 -> 1219 -> 1293 -> 1344 -> 1886 -> 1344 -> 1293 -> 1295 -> 1296 -> 1887 -> 1344 -> 1293 -> 1294 -> 1885 -> 1355 -> 1354 -> 1353 -> 1885 -> 1294 -> 1293 -> 1219 -> 1294 -> 1885 -> 1294 -> 1219 -> 1166 -> 1135 -> 1038 -> 1047 -> 1048 -> 1138 -> 1165 -> 1138 -> 1048 -> 1016 -> 983 -> 932 -> 933 -> 934 -> 889 -> 898 -> 973 -> 975 -> 906 -> 898 -> 889 -> 857 -> 932 -> 933 -> 932 -> 983 -> 974 -> 933 -> 934 -> 972 -> 974 -> 1015 -> 1047 -> 1038 -> 1135 -> 1136 -> 1047 -> 1038 -> 1135 -> 1166 -> 1219 -> 1293 -> 1344 -> 1886 -> 1355

✨🏆 Mejor resultado 🏆✨

Mejor hormiga: 5 🐜🥇
Mejor costo: 6302.423 ⏩
Mejor longitud: 131.000 ⚡
--- Nodos recorridos (semilla 1234582) ---
Camion 1: 909 -> 982 -> 979 -> 909 -> 906 -> 975 -> 979 -> 982 -> 1013 -> 1033 -> 1035 -> 1036 -> 1037 -> 1134 -> 1135 -> 1136 -> 1138 -> 1048 -> 1016 -> 1015 -> 1014 -> 1013 -> 982 -> 979 -> 975 -> 973 -> 972 -> 1014 -> 1038 -> 1047 -> 1136 -> 1138 -> 1165 -> 1166 -> 1130 -> 1033 -> 1035 -> 1131 -> 1132 -> 1134 -> 1135 -> 1166 -> 1219 -> 1293 -> 1344 -> 1887 -> 1345 -> 1887 -> 1296 -> 1299 -> 1295 -> 1293 -> 1294 -> 1219 -> 1166 -> 1135 -> 1038 -> 1037 -> 1036 -> 1132 -> 1134 -> 1135 -> 1166 -> 1219 -> 1293 -> 1344 -> 1886 -> 1344 -> 1293 -> 1295 -> 1296 -> 1887 -> 1344 -> 1293 -> 1294 -> 1885 -> 1355 -> 1354 -> 1353 -> 1885 -> 1294 -> 1293 -> 1219 -> 1294 -> 1885 -> 1294 -> 1219 -> 1166 -> 1135 -> 1038 -> 1047 -> 1048 -> 1138 -> 1165 -> 1138 -> 1048 -> 1016 -> 983 -> 932 -> 933 -> 934 -> 889 -> 898 -> 973 -> 975 -> 906 -> 898 -> 889 -> 857 -> 932 -> 933 -> 932 -> 983 -> 974 -> 933 -> 934 -> 972 -> 974 -> 1015 -> 1047 -> 1038 -> 1135 -> 1136 -> 1047 -> 1038 -> 1135 -> 1166 -> 1219 -> 1293 -> 1344 -> 1886 -> 1355

=== Semilla 1234583 ===
Instancia recibida: /home/alazcano/RESCOL/Instancias/CN/archivo_segmetación_Seg_0.txt

-----------------------------------------------------------------------------------------------------------------------------------------------------------------
Datos de debug 🪲: 

Nombre de la instancia: Seg_0
Comentario: 
Número de nodos: 87
Número de arcos obligatorios: 59
Número de arcos opcionales: 15
Número de nodos iniciales: 1
Número de nodos terminales: 1
Número de nodos terminales: 1
No hay restricciones

Datos: 
Nodos iniciales: 
909 

Nodos terminales: 
909 
-----------------------------------------------------------------------------------------------------------------------------------------------------------------

⌚Época 0
Tiempo de ejecución: 10.0529 segundos
-----------------------------------------------------------------------------------------------------------------------------------------------------------------
La solución es: 
Camion 1: 909 -> 982 -> 979 -> 909 -> 906 -> 898 -> 973 -> 975 -> 979 -> 982 -> 1013 -> 1033 -> 1130 -> 1131 -> 1132 -> 1036 -> 1035 -> 1131 -> 1132 -> 1134 -> 1135 -> 1136 -> 1138 -> 1165 -> 1166 -> 1130 -> 1033 -> 1035 -> 1036 -> 1037 -> 1134 -> 1135 -> 1166 -> 1219 -> 1293 -> 1344 -> 1887 -> 1345 -> 1887 -> 1296 -> 1299 -> 1295 -> 1293 -> 1294 -> 1885 -> 1355 -> 1354 -> 1353 -> 1885 -> 1294 -> 1293 -> 1295 -> 1296 -> 1887 -> 1344 -> 1886 -> 1355 -> 1885 -> 1353 -> 1354 -> 1355 -> 1885 -> 1294 -> 1219 -> 1166 -> 1135 -> 1038 -> 1047 -> 1048 -> 1138 -> 1165 -> 1138 -> 1048 -> 1016 -> 983 -> 932 -> 933 -> 934 -> 889 -> 898 -> 906 -> 975 -> 973 -> 898 -> 889 -> 934 -> 933 -> 932 -> 857 -> 889 -> 898 -> 973 -> 972 -> 1014 -> 1038 -> 1047 -> 1136 -> 1047 -> 1038 -> 1135 -> 1136 -> 1047 -> 1015 -> 1016 -> 983 -> 974 -> 933 -> 934 -> 972 -> 974 -> 1015 -> 1014 -> 1013 -> 1033 -> 1035 -> 1036 -> 1037 -> 1038 -> 1037

✨🏆 Mejor resultado 🏆✨

Mejor hormiga: 7 🐜🥇
Mejor costo: 6580.367 ⏩
Mejor longitud: 118.000 ⚡
--- Nodos recorridos (semilla 1234583) ---
Camion 1: 909 -> 982 -> 979 -> 909 -> 906 -> 898 -> 973 -> 975 -> 979 -> 982 -> 1013 -> 1033 -> 1130 -> 1131 -> 1132 -> 1036 -> 1035 -> 1131 -> 1132 -> 1134 -> 1135 -> 1136 -> 1138 -> 1165 -> 1166 -> 1130 -> 1033 -> 1035 -> 1036 -> 1037 -> 1134 -> 1135 -> 1166 -> 1219 -> 1293 -> 1344 -> 1887 -> 1345 -> 1887 -> 1296 -> 1299 -> 1295 -> 1293 -> 1294 -> 1885 -> 1355 -> 1354 -> 1353 -> 1885 -> 1294 -> 1293 -> 1295 -> 1296 -> 1887 -> 1344 -> 1886 -> 1355 -> 1885 -> 1353 -> 1354 -> 1355 -> 1885 -> 1294 -> 1219 -> 1166 -> 1135 -> 1038 -> 1047 -> 1048 -> 1138 -> 1165 -> 1138 -> 1048 -> 1016 -> 983 -> 932 -> 933 -> 934 -> 889 -> 898 -> 906 -> 975 -> 973 -> 898 -> 889 -> 934 -> 933 -> 932 -> 857 -> 889 -> 898 -> 973 -> 972 -> 1014 -> 1038 -> 1047 -> 1136 -> 1047 -> 1038 -> 1135 -> 1136 -> 1047 -> 1015 -> 1016 -> 983 -> 974 -> 933 -> 934 -> 972 -> 974 -> 1015 -> 1014 -> 1013 -> 1033 -> 1035 -> 1036 -> 1037 -> 1038 -> 1037

=== Semilla 1234584 ===
Instancia recibida: /home/alazcano/RESCOL/Instancias/CN/archivo_segmetación_Seg_0.txt

-----------------------------------------------------------------------------------------------------------------------------------------------------------------
Datos de debug 🪲: 

Nombre de la instancia: Seg_0
Comentario: 
Número de nodos: 87
Número de arcos obligatorios: 59
Número de arcos opcionales: 15
Número de nodos iniciales: 1
Número de nodos terminales: 1
Número de nodos terminales: 1
No hay restricciones

Datos: 
Nodos iniciales: 
909 

Nodos terminales: 
909 
-----------------------------------------------------------------------------------------------------------------------------------------------------------------

⌚Época 0
Tiempo de ejecución: 10.0271 segundos
-----------------------------------------------------------------------------------------------------------------------------------------------------------------
La solución es: 
Camion 1: 909 -> 982 -> 1013 -> 1033 -> 1035 -> 1036 -> 1037 -> 1134 -> 1135 -> 1136 -> 1138 -> 1048 -> 1016 -> 983 -> 932 -> 933 -> 934 -> 889 -> 898 -> 973 -> 975 -> 979 -> 909 -> 906 -> 975 -> 973 -> 898 -> 906 -> 909 -> 979 -> 982 -> 1013 -> 1014 -> 1038 -> 1047 -> 1136 -> 1138 -> 1165 -> 1166 -> 1130 -> 1033 -> 1035 -> 1131 -> 1132 -> 1134 -> 1135 -> 1166 -> 1219 -> 1293 -> 1344 -> 1887 -> 1345 -> 1887 -> 1296 -> 1299 -> 1295 -> 1296 -> 1887 -> 1344 -> 1886 -> 1355 -> 1885 -> 1353 -> 1354 -> 1355 -> 1885 -> 1294 -> 1885 -> 1355 -> 1354 -> 1353 -> 1885 -> 1294 -> 1219 -> 1166 -> 1135 -> 1038 -> 1047 -> 1048 -> 1016 -> 1015 -> 1047 -> 1038 -> 1037 -> 1036 -> 1132 -> 1134 -> 1135 -> 1166 -> 1219 -> 1293 -> 1294 -> 1885 -> 1294 -> 1219 -> 1166 -> 1135 -> 1038 -> 1047 -> 1015 -> 1016 -> 983 -> 974 -> 933 -> 932 -> 857 -> 889 -> 934 -> 972 -> 974 -> 1015 -> 1014 -> 972 -> 973 -> 975 -> 973 -> 972 -> 1014 -> 1038 -> 1135 -> 1166 -> 1219 -> 1293 -> 1295 -> 1293

✨🏆 Mejor resultado 🏆✨

Mejor hormiga: 21 🐜🥇
Mejor costo: 6280.770 ⏩
Mejor longitud: 124.000 ⚡
--- Nodos recorridos (semilla 1234584) ---
Camion 1: 909 -> 982 -> 1013 -> 1033 -> 1035 -> 1036 -> 1037 -> 1134 -> 1135 -> 1136 -> 1138 -> 1048 -> 1016 -> 983 -> 932 -> 933 -> 934 -> 889 -> 898 -> 973 -> 975 -> 979 -> 909 -> 906 -> 975 -> 973 -> 898 -> 906 -> 909 -> 979 -> 982 -> 1013 -> 1014 -> 1038 -> 1047 -> 1136 -> 1138 -> 1165 -> 1166 -> 1130 -> 1033 -> 1035 -> 1131 -> 1132 -> 1134 -> 1135 -> 1166 -> 1219 -> 1293 -> 1344 -> 1887 -> 1345 -> 1887 -> 1296 -> 1299 -> 1295 -> 1296 -> 1887 -> 1344 -> 1886 -> 1355 -> 1885 -> 1353 -> 1354 -> 1355 -> 1885 -> 1294 -> 1885 -> 1355 -> 1354 -> 1353 -> 1885 -> 1294 -> 1219 -> 1166 -> 1135 -> 1038 -> 1047 -> 1048 -> 1016 -> 1015 -> 1047 -> 1038 -> 1037 -> 1036 -> 1132 -> 1134 -> 1135 -> 1166 -> 1219 -> 1293 -> 1294 -> 1885 -> 1294 -> 1219 -> 1166 -> 1135 -> 1038 -> 1047 -> 1015 -> 1016 -> 983 -> 974 -> 933 -> 932 -> 857 -> 889 -> 934 -> 972 -> 974 -> 1015 -> 1014 -> 972 -> 973 -> 975 -> 973 -> 972 -> 1014 -> 1038 -> 1135 -> 1166 -> 1219 -> 1293 -> 1295 -> 1293

=== Semilla 1234585 ===
Instancia recibida: /home/alazcano/RESCOL/Instancias/CN/archivo_segmetación_Seg_0.txt

-----------------------------------------------------------------------------------------------------------------------------------------------------------------
Datos de debug 🪲: 

Nombre de la instancia: Seg_0
Comentario: 
Número de nodos: 87
Número de arcos obligatorios: 59
Número de arcos opcionales: 15
Número de nodos iniciales: 1
Número de nodos terminales: 1
Número de nodos terminales: 1
No hay restricciones

Datos: 
Nodos iniciales: 
909 

Nodos terminales: 
909 
-----------------------------------------------------------------------------------------------------------------------------------------------------------------

⌚Época 0
Tiempo de ejecución: 10.0263 segundos
-----------------------------------------------------------------------------------------------------------------------------------------------------------------
La solución es: 
Camion 1: 909 -> 906 -> 898 -> 973 -> 972 -> 974 -> 983 -> 1016 -> 1015 -> 1014 -> 1013 -> 982 -> 979 -> 975 -> 973 -> 898 -> 889 -> 934 -> 933 -> 932 -> 857 -> 889 -> 898 -> 906 -> 975 -> 979 -> 909 -> 982 -> 1013 -> 1033 -> 1035 -> 1036 -> 1037 -> 1134 -> 1135 -> 1136 -> 1138 -> 1048 -> 1016 -> 983 -> 932 -> 933 -> 934 -> 889 -> 857 -> 932 -> 933 -> 932 -> 983 -> 1016 -> 1048 -> 1138 -> 1165 -> 1166 -> 1130 -> 1033 -> 1035 -> 1131 -> 1132 -> 1134 -> 1135 -> 1166 -> 1219 -> 1293 -> 1344 -> 1887 -> 1345 -> 1887 -> 1296 -> 1299 -> 1295 -> 1293 -> 1294 -> 1219 -> 1166 -> 1135 -> 1038 -> 1014 -> 972 -> 934 -> 933 -> 974 -> 1015 -> 1047 -> 1038 -> 1135 -> 1166 -> 1219 -> 1293 -> 1344 -> 1886 -> 1344 -> 1293 -> 1295 -> 1296 -> 1887 -> 1344 -> 1293 -> 1294 -> 1885 -> 1355 -> 1354 -> 1353 -> 1885 -> 1294 -> 1219 -> 1166 -> 1135 -> 1038 -> 1047 -> 1048 -> 1138 -> 1048 -> 1047 -> 1038 -> 1037 -> 1036 -> 1132 -> 1134 -> 1135 -> 1136 -> 1047 -> 1048 -> 1138 -> 1165 -> 1166 -> 1219 -> 1293 -> 1344 -> 1886 -> 1355

✨🏆 Mejor resultado 🏆✨

Mejor hormiga: 20 🐜🥇
Mejor costo: 6470.498 ⏩
Mejor longitud: 130.000 ⚡
--- Nodos recorridos (semilla 1234585) ---
Camion 1: 909 -> 906 -> 898 -> 973 -> 972 -> 974 -> 983 -> 1016 -> 1015 -> 1014 -> 1013 -> 982 -> 979 -> 975 -> 973 -> 898 -> 889 -> 934 -> 933 -> 932 -> 857 -> 889 -> 898 -> 906 -> 975 -> 979 -> 909 -> 982 -> 1013 -> 1033 -> 1035 -> 1036 -> 1037 -> 1134 -> 1135 -> 1136 -> 1138 -> 1048 -> 1016 -> 983 -> 932 -> 933 -> 934 -> 889 -> 857 -> 932 -> 933 -> 932 -> 983 -> 1016 -> 1048 -> 1138 -> 1165 -> 1166 -> 1130 -> 1033 -> 1035 -> 1131 -> 1132 -> 1134 -> 1135 -> 1166 -> 1219 -> 1293 -> 1344 -> 1887 -> 1345 -> 1887 -> 1296 -> 1299 -> 1295 -> 1293 -> 1294 -> 1219 -> 1166 -> 1135 -> 1038 -> 1014 -> 972 -> 934 -> 933 -> 974 -> 1015 -> 1047 -> 1038 -> 1135 -> 1166 -> 1219 -> 1293 -> 1344 -> 1886 -> 1344 -> 1293 -> 1295 -> 1296 -> 1887 -> 1344 -> 1293 -> 1294 -> 1885 -> 1355 -> 1354 -> 1353 -> 1885 -> 1294 -> 1219 -> 1166 -> 1135 -> 1038 -> 1047 -> 1048 -> 1138 -> 1048 -> 1047 -> 1038 -> 1037 -> 1036 -> 1132 -> 1134 -> 1135 -> 1136 -> 1047 -> 1048 -> 1138 -> 1165 -> 1166 -> 1219 -> 1293 -> 1344 -> 1886 -> 1355

=== Semilla 1234586 ===
Instancia recibida: /home/alazcano/RESCOL/Instancias/CN/archivo_segmetación_Seg_0.txt

-----------------------------------------------------------------------------------------------------------------------------------------------------------------
Datos de debug 🪲: 

Nombre de la instancia: Seg_0
Comentario: 
Número de nodos: 87
Número de arcos obligatorios: 59
Número de arcos opcionales: 15
Número de nodos iniciales: 1
Número de nodos terminales: 1
Número de nodos terminales: 1
No hay restricciones

Datos: 
Nodos iniciales: 
909 

Nodos terminales: 
909 
-----------------------------------------------------------------------------------------------------------------------------------------------------------------

⌚Época 0
Tiempo de ejecución: 10.0389 segundos
-----------------------------------------------------------------------------------------------------------------------------------------------------------------
La solución es: 
Camion 1: 909 -> 906 -> 898 -> 973 -> 975 -> 906 -> 909 -> 982 -> 1013 -> 1033 -> 1035 -> 1036 -> 1132 -> 1134 -> 1135 -> 1136 -> 1138 -> 1048 -> 1016 -> 1015 -> 1014 -> 972 -> 974 -> 983 -> 932 -> 857 -> 889 -> 898 -> 906 -> 975 -> 979 -> 909 -> 982 -> 979 -> 975 -> 973 -> 972 -> 1014 -> 1038 -> 1047 -> 1136 -> 1138 -> 1165 -> 1166 -> 1130 -> 1033 -> 1035 -> 1131 -> 1132 -> 1134 -> 1135 -> 1166 -> 1219 -> 1293 -> 1344 -> 1887 -> 1345 -> 1887 -> 1344 -> 1886 -> 1355 -> 1885 -> 1353 -> 1354 -> 1355 -> 1885 -> 1294 -> 1293 -> 1344 -> 1887 -> 1296 -> 1299 -> 1295 -> 1293 -> 1294 -> 1219 -> 1166 -> 1135 -> 1038 -> 1037 -> 1134 -> 1135 -> 1038 -> 1047 -> 1048 -> 1016 -> 983 -> 932 -> 933 -> 934 -> 889 -> 857 -> 932 -> 933 -> 974 -> 1015 -> 1047 -> 1038 -> 1037 -> 1036 -> 1037 -> 1038 -> 1014 -> 1013 -> 1033 -> 1035 -> 1131 -> 1132 -> 1134 -> 1135 -> 1166 -> 1219 -> 1293 -> 1295 -> 1296 -> 1295 -> 1299 -> 1296 -> 1887 -> 1345 -> 1887 -> 1344 -> 1293 -> 1219 -> 1166 -> 1135 -> 1038 -> 1014 -> 972 -> 934

✨🏆 Mejor resultado 🏆✨

Mejor hormiga: 6 🐜🥇
Mejor costo: 6381.638 ⏩
Mejor longitud: 129.000 ⚡
--- Nodos recorridos (semilla 1234586) ---
Camion 1: 909 -> 906 -> 898 -> 973 -> 975 -> 906 -> 909 -> 982 -> 1013 -> 1033 -> 1035 -> 1036 -> 1132 -> 1134 -> 1135 -> 1136 -> 1138 -> 1048 -> 1016 -> 1015 -> 1014 -> 972 -> 974 -> 983 -> 932 -> 857 -> 889 -> 898 -> 906 -> 975 -> 979 -> 909 -> 982 -> 979 -> 975 -> 973 -> 972 -> 1014 -> 1038 -> 1047 -> 1136 -> 1138 -> 1165 -> 1166 -> 1130 -> 1033 -> 1035 -> 1131 -> 1132 -> 1134 -> 1135 -> 1166 -> 1219 -> 1293 -> 1344 -> 1887 -> 1345 -> 1887 -> 1344 -> 1886 -> 1355 -> 1885 -> 1353 -> 1354 -> 1355 -> 1885 -> 1294 -> 1293 -> 1344 -> 1887 -> 1296 -> 1299 -> 1295 -> 1293 -> 1294 -> 1219 -> 1166 -> 1135 -> 1038 -> 1037 -> 1134 -> 1135 -> 1038 -> 1047 -> 1048 -> 1016 -> 983 -> 932 -> 933 -> 934 -> 889 -> 857 -> 932 -> 933 -> 974 -> 1015 -> 1047 -> 1038 -> 1037 -> 1036 -> 1037 -> 1038 -> 1014 -> 1013 -> 1033 -> 1035 -> 1131 -> 1132 -> 1134 -> 1135 -> 1166 -> 1219 -> 1293 -> 1295 -> 1296 -> 1295 -> 1299 -> 1296 -> 1887 -> 1345 -> 1887 -> 1344 -> 1293 -> 1219 -> 1166 -> 1135 -> 1038 -> 1014 -> 972 -> 934

