=== Semilla 1234567 ===
Instancia recibida: /home/alazcano/RESCOL/Instancias/CN/Seg_CN.txt

-----------------------------------------------------------------------------------------------------------------------------------------------------------------
Datos de debug 🪲: 

Nombre de la instancia: Seg_0
Comentario: 
Número de nodos: 1888
Número de arcos obligatorios: 2687
No hay arcos opcionales
Número de nodos iniciales: 1
Número de nodos terminales: 1
Número de nodos terminales: 1
No hay restricciones

Datos: 
Nodos iniciales: 
0 

Nodos terminales: 
0 
-----------------------------------------------------------------------------------------------------------------------------------------------------------------

⌚Época 0
=== Semilla 1234568 ===
Instancia recibida: /home/alazcano/RESCOL/Instancias/CN/Seg_CN.txt

-----------------------------------------------------------------------------------------------------------------------------------------------------------------
Datos de debug 🪲: 

Nombre de la instancia: Seg_0
Comentario: 
Número de nodos: 1888
Número de arcos obligatorios: 2687
No hay arcos opcionales
Número de nodos iniciales: 1
Número de nodos terminales: 1
Número de nodos terminales: 1
No hay restricciones

Datos: 
Nodos iniciales: 
0 

Nodos terminales: 
0 
-----------------------------------------------------------------------------------------------------------------------------------------------------------------

⌚Época 0
=== Semilla 1234569 ===
Instancia recibida: /home/alazcano/RESCOL/Instancias/CN/Seg_CN.txt

-----------------------------------------------------------------------------------------------------------------------------------------------------------------
Datos de debug 🪲: 

Nombre de la instancia: Seg_0
Comentario: 
Número de nodos: 1888
Número de arcos obligatorios: 2687
No hay arcos opcionales
Número de nodos iniciales: 1
Número de nodos terminales: 1
Número de nodos terminales: 1
No hay restricciones

Datos: 
Nodos iniciales: 
0 

Nodos terminales: 
0 
-----------------------------------------------------------------------------------------------------------------------------------------------------------------

⌚Época 0
=== Semilla 1234570 ===
Instancia recibida: /home/alazcano/RESCOL/Instancias/CN/Seg_CN.txt

-----------------------------------------------------------------------------------------------------------------------------------------------------------------
Datos de debug 🪲: 

Nombre de la instancia: Seg_0
Comentario: 
Número de nodos: 1888
Número de arcos obligatorios: 2687
No hay arcos opcionales
Número de nodos iniciales: 1
Número de nodos terminales: 1
Número de nodos terminales: 1
No hay restricciones

Datos: 
Nodos iniciales: 
0 

Nodos terminales: 
0 
-----------------------------------------------------------------------------------------------------------------------------------------------------------------

⌚Época 0
=== Semilla 1234571 ===
Instancia recibida: /home/alazcano/RESCOL/Instancias/CN/Seg_CN.txt

-----------------------------------------------------------------------------------------------------------------------------------------------------------------
Datos de debug 🪲: 

Nombre de la instancia: Seg_0
Comentario: 
Número de nodos: 1888
Número de arcos obligatorios: 2687
No hay arcos opcionales
Número de nodos iniciales: 1
Número de nodos terminales: 1
Número de nodos terminales: 1
No hay restricciones

Datos: 
Nodos iniciales: 
0 

Nodos terminales: 
0 
-----------------------------------------------------------------------------------------------------------------------------------------------------------------

⌚Época 0
=== Semilla 1234572 ===
Instancia recibida: /home/alazcano/RESCOL/Instancias/CN/Seg_CN.txt

-----------------------------------------------------------------------------------------------------------------------------------------------------------------
Datos de debug 🪲: 

Nombre de la instancia: Seg_0
Comentario: 
Número de nodos: 1888
Número de arcos obligatorios: 2687
No hay arcos opcionales
Número de nodos iniciales: 1
Número de nodos terminales: 1
Número de nodos terminales: 1
No hay restricciones

Datos: 
Nodos iniciales: 
0 

Nodos terminales: 
0 
-----------------------------------------------------------------------------------------------------------------------------------------------------------------

⌚Época 0
=== Semilla 1234573 ===
Instancia recibida: /home/alazcano/RESCOL/Instancias/CN/Seg_CN.txt

-----------------------------------------------------------------------------------------------------------------------------------------------------------------
Datos de debug 🪲: 

Nombre de la instancia: Seg_0
Comentario: 
Número de nodos: 1888
Número de arcos obligatorios: 2687
No hay arcos opcionales
Número de nodos iniciales: 1
Número de nodos terminales: 1
Número de nodos terminales: 1
No hay restricciones

Datos: 
Nodos iniciales: 
0 

Nodos terminales: 
0 
-----------------------------------------------------------------------------------------------------------------------------------------------------------------

⌚Época 0
=== Semilla 1234574 ===
Instancia recibida: /home/alazcano/RESCOL/Instancias/CN/Seg_CN.txt

-----------------------------------------------------------------------------------------------------------------------------------------------------------------
Datos de debug 🪲: 

Nombre de la instancia: Seg_0
Comentario: 
Número de nodos: 1888
Número de arcos obligatorios: 2687
No hay arcos opcionales
Número de nodos iniciales: 1
Número de nodos terminales: 1
Número de nodos terminales: 1
No hay restricciones

Datos: 
Nodos iniciales: 
0 

Nodos terminales: 
0 
-----------------------------------------------------------------------------------------------------------------------------------------------------------------

⌚Época 0
=== Semilla 1234575 ===
Instancia recibida: /home/alazcano/RESCOL/Instancias/CN/Seg_CN.txt

-----------------------------------------------------------------------------------------------------------------------------------------------------------------
Datos de debug 🪲: 

Nombre de la instancia: Seg_0
Comentario: 
Número de nodos: 1888
Número de arcos obligatorios: 2687
No hay arcos opcionales
Número de nodos iniciales: 1
Número de nodos terminales: 1
Número de nodos terminales: 1
No hay restricciones

Datos: 
Nodos iniciales: 
0 

Nodos terminales: 
0 
-----------------------------------------------------------------------------------------------------------------------------------------------------------------

⌚Época 0
=== Semilla 1234576 ===
Instancia recibida: /home/alazcano/RESCOL/Instancias/CN/Seg_CN.txt

-----------------------------------------------------------------------------------------------------------------------------------------------------------------
Datos de debug 🪲: 

Nombre de la instancia: Seg_0
Comentario: 
Número de nodos: 1888
Número de arcos obligatorios: 2687
No hay arcos opcionales
Número de nodos iniciales: 1
Número de nodos terminales: 1
Número de nodos terminales: 1
No hay restricciones

Datos: 
Nodos iniciales: 
0 

Nodos terminales: 
0 
-----------------------------------------------------------------------------------------------------------------------------------------------------------------

⌚Época 0
=== Semilla 1234577 ===
Instancia recibida: /home/alazcano/RESCOL/Instancias/CN/Seg_CN.txt

-----------------------------------------------------------------------------------------------------------------------------------------------------------------
Datos de debug 🪲: 

Nombre de la instancia: Seg_0
Comentario: 
Número de nodos: 1888
Número de arcos obligatorios: 2687
No hay arcos opcionales
Número de nodos iniciales: 1
Número de nodos terminales: 1
Número de nodos terminales: 1
No hay restricciones

Datos: 
Nodos iniciales: 
0 

Nodos terminales: 
0 
-----------------------------------------------------------------------------------------------------------------------------------------------------------------

⌚Época 0
=== Semilla 1234578 ===
Instancia recibida: /home/alazcano/RESCOL/Instancias/CN/Seg_CN.txt

-----------------------------------------------------------------------------------------------------------------------------------------------------------------
Datos de debug 🪲: 

Nombre de la instancia: Seg_0
Comentario: 
Número de nodos: 1888
Número de arcos obligatorios: 2687
No hay arcos opcionales
Número de nodos iniciales: 1
Número de nodos terminales: 1
Número de nodos terminales: 1
No hay restricciones

Datos: 
Nodos iniciales: 
0 

Nodos terminales: 
0 
-----------------------------------------------------------------------------------------------------------------------------------------------------------------

⌚Época 0
=== Semilla 1234579 ===
Instancia recibida: /home/alazcano/RESCOL/Instancias/CN/Seg_CN.txt

-----------------------------------------------------------------------------------------------------------------------------------------------------------------
Datos de debug 🪲: 

Nombre de la instancia: Seg_0
Comentario: 
Número de nodos: 1888
Número de arcos obligatorios: 2687
No hay arcos opcionales
Número de nodos iniciales: 1
Número de nodos terminales: 1
Número de nodos terminales: 1
No hay restricciones

Datos: 
Nodos iniciales: 
0 

Nodos terminales: 
0 
-----------------------------------------------------------------------------------------------------------------------------------------------------------------

⌚Época 0
=== Semilla 1234580 ===
Instancia recibida: /home/alazcano/RESCOL/Instancias/CN/Seg_CN.txt

-----------------------------------------------------------------------------------------------------------------------------------------------------------------
Datos de debug 🪲: 

Nombre de la instancia: Seg_0
Comentario: 
Número de nodos: 1888
Número de arcos obligatorios: 2687
No hay arcos opcionales
Número de nodos iniciales: 1
Número de nodos terminales: 1
Número de nodos terminales: 1
No hay restricciones

Datos: 
Nodos iniciales: 
0 

Nodos terminales: 
0 
-----------------------------------------------------------------------------------------------------------------------------------------------------------------

⌚Época 0
=== Semilla 1234581 ===
Instancia recibida: /home/alazcano/RESCOL/Instancias/CN/Seg_CN.txt

-----------------------------------------------------------------------------------------------------------------------------------------------------------------
Datos de debug 🪲: 

Nombre de la instancia: Seg_0
Comentario: 
Número de nodos: 1888
Número de arcos obligatorios: 2687
No hay arcos opcionales
Número de nodos iniciales: 1
Número de nodos terminales: 1
Número de nodos terminales: 1
No hay restricciones

Datos: 
Nodos iniciales: 
0 

Nodos terminales: 
0 
-----------------------------------------------------------------------------------------------------------------------------------------------------------------

⌚Época 0
=== Semilla 1234582 ===
Instancia recibida: /home/alazcano/RESCOL/Instancias/CN/Seg_CN.txt

-----------------------------------------------------------------------------------------------------------------------------------------------------------------
Datos de debug 🪲: 

Nombre de la instancia: Seg_0
Comentario: 
Número de nodos: 1888
Número de arcos obligatorios: 2687
No hay arcos opcionales
Número de nodos iniciales: 1
Número de nodos terminales: 1
Número de nodos terminales: 1
No hay restricciones

Datos: 
Nodos iniciales: 
0 

Nodos terminales: 
0 
-----------------------------------------------------------------------------------------------------------------------------------------------------------------

⌚Época 0
=== Semilla 1234583 ===
Instancia recibida: /home/alazcano/RESCOL/Instancias/CN/Seg_CN.txt

-----------------------------------------------------------------------------------------------------------------------------------------------------------------
Datos de debug 🪲: 

Nombre de la instancia: Seg_0
Comentario: 
Número de nodos: 1888
Número de arcos obligatorios: 2687
No hay arcos opcionales
Número de nodos iniciales: 1
Número de nodos terminales: 1
Número de nodos terminales: 1
No hay restricciones

Datos: 
Nodos iniciales: 
0 

Nodos terminales: 
0 
-----------------------------------------------------------------------------------------------------------------------------------------------------------------

⌚Época 0
=== Semilla 1234584 ===
Instancia recibida: /home/alazcano/RESCOL/Instancias/CN/Seg_CN.txt

-----------------------------------------------------------------------------------------------------------------------------------------------------------------
Datos de debug 🪲: 

Nombre de la instancia: Seg_0
Comentario: 
Número de nodos: 1888
Número de arcos obligatorios: 2687
No hay arcos opcionales
Número de nodos iniciales: 1
Número de nodos terminales: 1
Número de nodos terminales: 1
No hay restricciones

Datos: 
Nodos iniciales: 
0 

Nodos terminales: 
0 
-----------------------------------------------------------------------------------------------------------------------------------------------------------------

⌚Época 0
=== Semilla 1234585 ===
Instancia recibida: /home/alazcano/RESCOL/Instancias/CN/Seg_CN.txt

-----------------------------------------------------------------------------------------------------------------------------------------------------------------
Datos de debug 🪲: 

Nombre de la instancia: Seg_0
Comentario: 
Número de nodos: 1888
Número de arcos obligatorios: 2687
No hay arcos opcionales
Número de nodos iniciales: 1
Número de nodos terminales: 1
Número de nodos terminales: 1
No hay restricciones

Datos: 
Nodos iniciales: 
0 

Nodos terminales: 
0 
-----------------------------------------------------------------------------------------------------------------------------------------------------------------

⌚Época 0
=== Semilla 1234586 ===
Instancia recibida: /home/alazcano/RESCOL/Instancias/CN/Seg_CN.txt

-----------------------------------------------------------------------------------------------------------------------------------------------------------------
Datos de debug 🪲: 

Nombre de la instancia: Seg_0
Comentario: 
Número de nodos: 1888
Número de arcos obligatorios: 2687
No hay arcos opcionales
Número de nodos iniciales: 1
Número de nodos terminales: 1
Número de nodos terminales: 1
No hay restricciones

Datos: 
Nodos iniciales: 
0 

Nodos terminales: 
0 
-----------------------------------------------------------------------------------------------------------------------------------------------------------------

⌚Época 0
