=== Semilla 1234567 ===
Instancia recibida: /home/alazcano/RESCOL/Instancias/CN/archivo_segmetación_Seg_9.txt

-----------------------------------------------------------------------------------------------------------------------------------------------------------------
Datos de debug 🪲: 

Nombre de la instancia: Seg_9
Comentario: 
Número de nodos: 81
Número de arcos obligatorios: 63
Número de arcos opcionales: 14
Número de nodos iniciales: 1
Número de nodos terminales: 1
Número de nodos terminales: 1
No hay restricciones

Datos: 
Nodos iniciales: 
1370 

Nodos terminales: 
1370 
-----------------------------------------------------------------------------------------------------------------------------------------------------------------

⌚Época 0
Tiempo de ejecución: 10.0339 segundos
-----------------------------------------------------------------------------------------------------------------------------------------------------------------
La solución es: 
Camion 1: 1370 -> 1426 -> 1358 -> 1356 -> 1312 -> 1250 -> 1251 -> 1314 -> 1312 -> 1356 -> 1358 -> 1359 -> 1443 -> 1426 -> 1370 -> 1426 -> 1358 -> 1359 -> 1315 -> 1252 -> 1214 -> 1208 -> 1207 -> 1177 -> 1143 -> 1071 -> 1070 -> 1071 -> 1072 -> 1073 -> 1074 -> 1145 -> 1151 -> 1080 -> 1083 -> 1085 -> 1082 -> 1081 -> 1078 -> 1024 -> 1025 -> 1084 -> 1133 -> 1128 -> 1127 -> 1081 -> 1078 -> 1081 -> 1082 -> 1085 -> 1083 -> 1080 -> 1077 -> 1076 -> 1074 -> 1145 -> 1178 -> 1208 -> 1251 -> 1250 -> 1207 -> 1208 -> 1214 -> 1252 -> 1256 -> 1316 -> 1315 -> 1359 -> 1358 -> 1314 -> 1315 -> 1316 -> 1256 -> 1210 -> 1209 -> 1213 -> 1328 -> 1463 -> 1455 -> 1325 -> 1328 -> 1213 -> 1209 -> 1325 -> 1324 -> 1316 -> 1315 -> 1252 -> 1214 -> 1210 -> 1180 -> 1155 -> 1127 -> 1128 -> 1133 -> 1084 -> 1078 -> 1128 -> 1127 -> 1155 -> 1151 -> 1179 -> 1214 -> 1208 -> 1251 -> 1252 -> 1315 -> 1316 -> 1324 -> 1360 -> 1359 -> 1315 -> 1252 -> 1214 -> 1179 -> 1178 -> 1145 -> 1143 -> 1177 -> 1178 -> 1179 -> 1151 -> 1155 -> 1180 -> 1179

✨🏆 Mejor resultado 🏆✨

Mejor hormiga: 4 🐜🥇
Mejor costo: 7395.463 ⏩
Mejor longitud: 124.000 ⚡
--- Nodos recorridos (semilla 1234567) ---
Camion 1: 1370 -> 1426 -> 1358 -> 1356 -> 1312 -> 1250 -> 1251 -> 1314 -> 1312 -> 1356 -> 1358 -> 1359 -> 1443 -> 1426 -> 1370 -> 1426 -> 1358 -> 1359 -> 1315 -> 1252 -> 1214 -> 1208 -> 1207 -> 1177 -> 1143 -> 1071 -> 1070 -> 1071 -> 1072 -> 1073 -> 1074 -> 1145 -> 1151 -> 1080 -> 1083 -> 1085 -> 1082 -> 1081 -> 1078 -> 1024 -> 1025 -> 1084 -> 1133 -> 1128 -> 1127 -> 1081 -> 1078 -> 1081 -> 1082 -> 1085 -> 1083 -> 1080 -> 1077 -> 1076 -> 1074 -> 1145 -> 1178 -> 1208 -> 1251 -> 1250 -> 1207 -> 1208 -> 1214 -> 1252 -> 1256 -> 1316 -> 1315 -> 1359 -> 1358 -> 1314 -> 1315 -> 1316 -> 1256 -> 1210 -> 1209 -> 1213 -> 1328 -> 1463 -> 1455 -> 1325 -> 1328 -> 1213 -> 1209 -> 1325 -> 1324 -> 1316 -> 1315 -> 1252 -> 1214 -> 1210 -> 1180 -> 1155 -> 1127 -> 1128 -> 1133 -> 1084 -> 1078 -> 1128 -> 1127 -> 1155 -> 1151 -> 1179 -> 1214 -> 1208 -> 1251 -> 1252 -> 1315 -> 1316 -> 1324 -> 1360 -> 1359 -> 1315 -> 1252 -> 1214 -> 1179 -> 1178 -> 1145 -> 1143 -> 1177 -> 1178 -> 1179 -> 1151 -> 1155 -> 1180 -> 1179

=== Semilla 1234568 ===
Instancia recibida: /home/alazcano/RESCOL/Instancias/CN/archivo_segmetación_Seg_9.txt

-----------------------------------------------------------------------------------------------------------------------------------------------------------------
Datos de debug 🪲: 

Nombre de la instancia: Seg_9
Comentario: 
Número de nodos: 81
Número de arcos obligatorios: 63
Número de arcos opcionales: 14
Número de nodos iniciales: 1
Número de nodos terminales: 1
Número de nodos terminales: 1
No hay restricciones

Datos: 
Nodos iniciales: 
1370 

Nodos terminales: 
1370 
-----------------------------------------------------------------------------------------------------------------------------------------------------------------

⌚Época 0
Tiempo de ejecución: 10.0369 segundos
-----------------------------------------------------------------------------------------------------------------------------------------------------------------
La solución es: 
Camion 1: 1370 -> 1426 -> 1358 -> 1356 -> 1312 -> 1250 -> 1207 -> 1177 -> 1178 -> 1179 -> 1180 -> 1210 -> 1209 -> 1213 -> 1328 -> 1463 -> 1455 -> 1325 -> 1328 -> 1213 -> 1209 -> 1325 -> 1324 -> 1360 -> 1359 -> 1443 -> 1426 -> 1370 -> 1426 -> 1358 -> 1359 -> 1315 -> 1252 -> 1214 -> 1210 -> 1180 -> 1155 -> 1127 -> 1128 -> 1133 -> 1084 -> 1078 -> 1024 -> 1025 -> 1084 -> 1133 -> 1128 -> 1127 -> 1081 -> 1078 -> 1128 -> 1133 -> 1128 -> 1127 -> 1155 -> 1180 -> 1210 -> 1214 -> 1252 -> 1251 -> 1250 -> 1251 -> 1314 -> 1315 -> 1316 -> 1256 -> 1252 -> 1315 -> 1314 -> 1312 -> 1356 -> 1358 -> 1314 -> 1251 -> 1208 -> 1178 -> 1145 -> 1151 -> 1080 -> 1083 -> 1085 -> 1082 -> 1081 -> 1127 -> 1128 -> 1127 -> 1155 -> 1151 -> 1179 -> 1214 -> 1208 -> 1207 -> 1250 -> 1312 -> 1314 -> 1251 -> 1208 -> 1178 -> 1145 -> 1074 -> 1145 -> 1143 -> 1071 -> 1070 -> 1071 -> 1072 -> 1073 -> 1074 -> 1076 -> 1077 -> 1080 -> 1151 -> 1145 -> 1143 -> 1177 -> 1178 -> 1208 -> 1251 -> 1252 -> 1256 -> 1210 -> 1180 -> 1210 -> 1256 -> 1316 -> 1324 -> 1316

✨🏆 Mejor resultado 🏆✨

Mejor hormiga: 3 🐜🥇
Mejor costo: 7494.853 ⏩
Mejor longitud: 126.000 ⚡
--- Nodos recorridos (semilla 1234568) ---
Camion 1: 1370 -> 1426 -> 1358 -> 1356 -> 1312 -> 1250 -> 1207 -> 1177 -> 1178 -> 1179 -> 1180 -> 1210 -> 1209 -> 1213 -> 1328 -> 1463 -> 1455 -> 1325 -> 1328 -> 1213 -> 1209 -> 1325 -> 1324 -> 1360 -> 1359 -> 1443 -> 1426 -> 1370 -> 1426 -> 1358 -> 1359 -> 1315 -> 1252 -> 1214 -> 1210 -> 1180 -> 1155 -> 1127 -> 1128 -> 1133 -> 1084 -> 1078 -> 1024 -> 1025 -> 1084 -> 1133 -> 1128 -> 1127 -> 1081 -> 1078 -> 1128 -> 1133 -> 1128 -> 1127 -> 1155 -> 1180 -> 1210 -> 1214 -> 1252 -> 1251 -> 1250 -> 1251 -> 1314 -> 1315 -> 1316 -> 1256 -> 1252 -> 1315 -> 1314 -> 1312 -> 1356 -> 1358 -> 1314 -> 1251 -> 1208 -> 1178 -> 1145 -> 1151 -> 1080 -> 1083 -> 1085 -> 1082 -> 1081 -> 1127 -> 1128 -> 1127 -> 1155 -> 1151 -> 1179 -> 1214 -> 1208 -> 1207 -> 1250 -> 1312 -> 1314 -> 1251 -> 1208 -> 1178 -> 1145 -> 1074 -> 1145 -> 1143 -> 1071 -> 1070 -> 1071 -> 1072 -> 1073 -> 1074 -> 1076 -> 1077 -> 1080 -> 1151 -> 1145 -> 1143 -> 1177 -> 1178 -> 1208 -> 1251 -> 1252 -> 1256 -> 1210 -> 1180 -> 1210 -> 1256 -> 1316 -> 1324 -> 1316

=== Semilla 1234569 ===
Instancia recibida: /home/alazcano/RESCOL/Instancias/CN/archivo_segmetación_Seg_9.txt

-----------------------------------------------------------------------------------------------------------------------------------------------------------------
Datos de debug 🪲: 

Nombre de la instancia: Seg_9
Comentario: 
Número de nodos: 81
Número de arcos obligatorios: 63
Número de arcos opcionales: 14
Número de nodos iniciales: 1
Número de nodos terminales: 1
Número de nodos terminales: 1
No hay restricciones

Datos: 
Nodos iniciales: 
1370 

Nodos terminales: 
1370 
-----------------------------------------------------------------------------------------------------------------------------------------------------------------

⌚Época 0
Tiempo de ejecución: 10.0244 segundos
-----------------------------------------------------------------------------------------------------------------------------------------------------------------
La solución es: 
Camion 1: 1370 -> 1426 -> 1358 -> 1314 -> 1251 -> 1208 -> 1178 -> 1145 -> 1074 -> 1076 -> 1077 -> 1080 -> 1083 -> 1085 -> 1082 -> 1081 -> 1127 -> 1128 -> 1133 -> 1084 -> 1078 -> 1081 -> 1127 -> 1155 -> 1180 -> 1210 -> 1214 -> 1252 -> 1214 -> 1210 -> 1209 -> 1325 -> 1455 -> 1463 -> 1328 -> 1213 -> 1209 -> 1210 -> 1256 -> 1252 -> 1251 -> 1314 -> 1312 -> 1250 -> 1251 -> 1252 -> 1256 -> 1316 -> 1315 -> 1314 -> 1251 -> 1208 -> 1178 -> 1179 -> 1214 -> 1208 -> 1207 -> 1177 -> 1143 -> 1071 -> 1070 -> 1071 -> 1072 -> 1073 -> 1074 -> 1145 -> 1143 -> 1177 -> 1178 -> 1145 -> 1151 -> 1155 -> 1180 -> 1210 -> 1256 -> 1316 -> 1324 -> 1360 -> 1359 -> 1315 -> 1316 -> 1256 -> 1210 -> 1180 -> 1179 -> 1178 -> 1177 -> 1207 -> 1250 -> 1312 -> 1356 -> 1358 -> 1359 -> 1443 -> 1426 -> 1370 -> 1426 -> 1358 -> 1359 -> 1315 -> 1252 -> 1214 -> 1179 -> 1151 -> 1080 -> 1083 -> 1085 -> 1082 -> 1081 -> 1078 -> 1024 -> 1025 -> 1084 -> 1078 -> 1128 -> 1127 -> 1155 -> 1180 -> 1210 -> 1209 -> 1325 -> 1324 -> 1316 -> 1315 -> 1316 -> 1324 -> 1325 -> 1328

✨🏆 Mejor resultado 🏆✨

Mejor hormiga: 15 🐜🥇
Mejor costo: 6878.054 ⏩
Mejor longitud: 127.000 ⚡
--- Nodos recorridos (semilla 1234569) ---
Camion 1: 1370 -> 1426 -> 1358 -> 1314 -> 1251 -> 1208 -> 1178 -> 1145 -> 1074 -> 1076 -> 1077 -> 1080 -> 1083 -> 1085 -> 1082 -> 1081 -> 1127 -> 1128 -> 1133 -> 1084 -> 1078 -> 1081 -> 1127 -> 1155 -> 1180 -> 1210 -> 1214 -> 1252 -> 1214 -> 1210 -> 1209 -> 1325 -> 1455 -> 1463 -> 1328 -> 1213 -> 1209 -> 1210 -> 1256 -> 1252 -> 1251 -> 1314 -> 1312 -> 1250 -> 1251 -> 1252 -> 1256 -> 1316 -> 1315 -> 1314 -> 1251 -> 1208 -> 1178 -> 1179 -> 1214 -> 1208 -> 1207 -> 1177 -> 1143 -> 1071 -> 1070 -> 1071 -> 1072 -> 1073 -> 1074 -> 1145 -> 1143 -> 1177 -> 1178 -> 1145 -> 1151 -> 1155 -> 1180 -> 1210 -> 1256 -> 1316 -> 1324 -> 1360 -> 1359 -> 1315 -> 1316 -> 1256 -> 1210 -> 1180 -> 1179 -> 1178 -> 1177 -> 1207 -> 1250 -> 1312 -> 1356 -> 1358 -> 1359 -> 1443 -> 1426 -> 1370 -> 1426 -> 1358 -> 1359 -> 1315 -> 1252 -> 1214 -> 1179 -> 1151 -> 1080 -> 1083 -> 1085 -> 1082 -> 1081 -> 1078 -> 1024 -> 1025 -> 1084 -> 1078 -> 1128 -> 1127 -> 1155 -> 1180 -> 1210 -> 1209 -> 1325 -> 1324 -> 1316 -> 1315 -> 1316 -> 1324 -> 1325 -> 1328

=== Semilla 1234570 ===
Instancia recibida: /home/alazcano/RESCOL/Instancias/CN/archivo_segmetación_Seg_9.txt

-----------------------------------------------------------------------------------------------------------------------------------------------------------------
Datos de debug 🪲: 

Nombre de la instancia: Seg_9
Comentario: 
Número de nodos: 81
Número de arcos obligatorios: 63
Número de arcos opcionales: 14
Número de nodos iniciales: 1
Número de nodos terminales: 1
Número de nodos terminales: 1
No hay restricciones

Datos: 
Nodos iniciales: 
1370 

Nodos terminales: 
1370 
-----------------------------------------------------------------------------------------------------------------------------------------------------------------

⌚Época 0
Tiempo de ejecución: 10.0141 segundos
-----------------------------------------------------------------------------------------------------------------------------------------------------------------
La solución es: 
Camion 1: 1370 -> 1426 -> 1358 -> 1356 -> 1312 -> 1314 -> 1315 -> 1359 -> 1443 -> 1426 -> 1370 -> 1426 -> 1358 -> 1359 -> 1315 -> 1252 -> 1214 -> 1210 -> 1180 -> 1179 -> 1214 -> 1208 -> 1178 -> 1177 -> 1143 -> 1071 -> 1070 -> 1071 -> 1072 -> 1073 -> 1074 -> 1145 -> 1151 -> 1155 -> 1180 -> 1210 -> 1209 -> 1325 -> 1324 -> 1360 -> 1359 -> 1358 -> 1314 -> 1251 -> 1252 -> 1256 -> 1210 -> 1214 -> 1179 -> 1178 -> 1145 -> 1143 -> 1177 -> 1178 -> 1179 -> 1151 -> 1080 -> 1083 -> 1085 -> 1082 -> 1081 -> 1127 -> 1128 -> 1133 -> 1084 -> 1078 -> 1128 -> 1127 -> 1081 -> 1078 -> 1024 -> 1025 -> 1084 -> 1078 -> 1081 -> 1082 -> 1085 -> 1083 -> 1080 -> 1077 -> 1076 -> 1074 -> 1145 -> 1178 -> 1208 -> 1251 -> 1250 -> 1251 -> 1314 -> 1312 -> 1250 -> 1207 -> 1177 -> 1178 -> 1208 -> 1207 -> 1208 -> 1214 -> 1252 -> 1315 -> 1314 -> 1312 -> 1314 -> 1315 -> 1316 -> 1324 -> 1325 -> 1455 -> 1325 -> 1328 -> 1463 -> 1455 -> 1325 -> 1328 -> 1213 -> 1209 -> 1210 -> 1256 -> 1316 -> 1315 -> 1252 -> 1214 -> 1210 -> 1180 -> 1155 -> 1127

✨🏆 Mejor resultado 🏆✨

Mejor hormiga: 3 🐜🥇
Mejor costo: 7633.660 ⏩
Mejor longitud: 125.000 ⚡
--- Nodos recorridos (semilla 1234570) ---
Camion 1: 1370 -> 1426 -> 1358 -> 1356 -> 1312 -> 1314 -> 1315 -> 1359 -> 1443 -> 1426 -> 1370 -> 1426 -> 1358 -> 1359 -> 1315 -> 1252 -> 1214 -> 1210 -> 1180 -> 1179 -> 1214 -> 1208 -> 1178 -> 1177 -> 1143 -> 1071 -> 1070 -> 1071 -> 1072 -> 1073 -> 1074 -> 1145 -> 1151 -> 1155 -> 1180 -> 1210 -> 1209 -> 1325 -> 1324 -> 1360 -> 1359 -> 1358 -> 1314 -> 1251 -> 1252 -> 1256 -> 1210 -> 1214 -> 1179 -> 1178 -> 1145 -> 1143 -> 1177 -> 1178 -> 1179 -> 1151 -> 1080 -> 1083 -> 1085 -> 1082 -> 1081 -> 1127 -> 1128 -> 1133 -> 1084 -> 1078 -> 1128 -> 1127 -> 1081 -> 1078 -> 1024 -> 1025 -> 1084 -> 1078 -> 1081 -> 1082 -> 1085 -> 1083 -> 1080 -> 1077 -> 1076 -> 1074 -> 1145 -> 1178 -> 1208 -> 1251 -> 1250 -> 1251 -> 1314 -> 1312 -> 1250 -> 1207 -> 1177 -> 1178 -> 1208 -> 1207 -> 1208 -> 1214 -> 1252 -> 1315 -> 1314 -> 1312 -> 1314 -> 1315 -> 1316 -> 1324 -> 1325 -> 1455 -> 1325 -> 1328 -> 1463 -> 1455 -> 1325 -> 1328 -> 1213 -> 1209 -> 1210 -> 1256 -> 1316 -> 1315 -> 1252 -> 1214 -> 1210 -> 1180 -> 1155 -> 1127

=== Semilla 1234571 ===
Instancia recibida: /home/alazcano/RESCOL/Instancias/CN/archivo_segmetación_Seg_9.txt

-----------------------------------------------------------------------------------------------------------------------------------------------------------------
Datos de debug 🪲: 

Nombre de la instancia: Seg_9
Comentario: 
Número de nodos: 81
Número de arcos obligatorios: 63
Número de arcos opcionales: 14
Número de nodos iniciales: 1
Número de nodos terminales: 1
Número de nodos terminales: 1
No hay restricciones

Datos: 
Nodos iniciales: 
1370 

Nodos terminales: 
1370 
-----------------------------------------------------------------------------------------------------------------------------------------------------------------

⌚Época 0
Tiempo de ejecución: 10.0472 segundos
-----------------------------------------------------------------------------------------------------------------------------------------------------------------
La solución es: 
Camion 1: 1370 -> 1426 -> 1358 -> 1356 -> 1312 -> 1250 -> 1251 -> 1314 -> 1312 -> 1356 -> 1358 -> 1314 -> 1251 -> 1252 -> 1256 -> 1316 -> 1315 -> 1314 -> 1251 -> 1252 -> 1214 -> 1210 -> 1180 -> 1179 -> 1214 -> 1252 -> 1315 -> 1359 -> 1443 -> 1426 -> 1370 -> 1426 -> 1358 -> 1314 -> 1251 -> 1208 -> 1251 -> 1250 -> 1207 -> 1208 -> 1178 -> 1145 -> 1143 -> 1071 -> 1070 -> 1071 -> 1072 -> 1073 -> 1074 -> 1145 -> 1151 -> 1080 -> 1083 -> 1085 -> 1082 -> 1081 -> 1127 -> 1128 -> 1078 -> 1024 -> 1025 -> 1084 -> 1133 -> 1128 -> 1127 -> 1081 -> 1078 -> 1084 -> 1133 -> 1128 -> 1127 -> 1155 -> 1180 -> 1210 -> 1214 -> 1208 -> 1207 -> 1177 -> 1178 -> 1179 -> 1151 -> 1155 -> 1127 -> 1081 -> 1127 -> 1155 -> 1180 -> 1210 -> 1256 -> 1316 -> 1324 -> 1360 -> 1359 -> 1358 -> 1356 -> 1358 -> 1359 -> 1360 -> 1324 -> 1325 -> 1455 -> 1325 -> 1324 -> 1316 -> 1256 -> 1210 -> 1209 -> 1325 -> 1328 -> 1463 -> 1455 -> 1325 -> 1328 -> 1213 -> 1209 -> 1210 -> 1214 -> 1208 -> 1178 -> 1177 -> 1143 -> 1145 -> 1074 -> 1076 -> 1077 -> 1080

✨🏆 Mejor resultado 🏆✨

Mejor hormiga: 0 🐜🥇
Mejor costo: 7149.351 ⏩
Mejor longitud: 125.000 ⚡
--- Nodos recorridos (semilla 1234571) ---
Camion 1: 1370 -> 1426 -> 1358 -> 1356 -> 1312 -> 1250 -> 1251 -> 1314 -> 1312 -> 1356 -> 1358 -> 1314 -> 1251 -> 1252 -> 1256 -> 1316 -> 1315 -> 1314 -> 1251 -> 1252 -> 1214 -> 1210 -> 1180 -> 1179 -> 1214 -> 1252 -> 1315 -> 1359 -> 1443 -> 1426 -> 1370 -> 1426 -> 1358 -> 1314 -> 1251 -> 1208 -> 1251 -> 1250 -> 1207 -> 1208 -> 1178 -> 1145 -> 1143 -> 1071 -> 1070 -> 1071 -> 1072 -> 1073 -> 1074 -> 1145 -> 1151 -> 1080 -> 1083 -> 1085 -> 1082 -> 1081 -> 1127 -> 1128 -> 1078 -> 1024 -> 1025 -> 1084 -> 1133 -> 1128 -> 1127 -> 1081 -> 1078 -> 1084 -> 1133 -> 1128 -> 1127 -> 1155 -> 1180 -> 1210 -> 1214 -> 1208 -> 1207 -> 1177 -> 1178 -> 1179 -> 1151 -> 1155 -> 1127 -> 1081 -> 1127 -> 1155 -> 1180 -> 1210 -> 1256 -> 1316 -> 1324 -> 1360 -> 1359 -> 1358 -> 1356 -> 1358 -> 1359 -> 1360 -> 1324 -> 1325 -> 1455 -> 1325 -> 1324 -> 1316 -> 1256 -> 1210 -> 1209 -> 1325 -> 1328 -> 1463 -> 1455 -> 1325 -> 1328 -> 1213 -> 1209 -> 1210 -> 1214 -> 1208 -> 1178 -> 1177 -> 1143 -> 1145 -> 1074 -> 1076 -> 1077 -> 1080

=== Semilla 1234572 ===
Instancia recibida: /home/alazcano/RESCOL/Instancias/CN/archivo_segmetación_Seg_9.txt

-----------------------------------------------------------------------------------------------------------------------------------------------------------------
Datos de debug 🪲: 

Nombre de la instancia: Seg_9
Comentario: 
Número de nodos: 81
Número de arcos obligatorios: 63
Número de arcos opcionales: 14
Número de nodos iniciales: 1
Número de nodos terminales: 1
Número de nodos terminales: 1
No hay restricciones

Datos: 
Nodos iniciales: 
1370 

Nodos terminales: 
1370 
-----------------------------------------------------------------------------------------------------------------------------------------------------------------

⌚Época 0
Tiempo de ejecución: 10.0661 segundos
-----------------------------------------------------------------------------------------------------------------------------------------------------------------
La solución es: 
Camion 1: 1370 -> 1426 -> 1358 -> 1314 -> 1315 -> 1359 -> 1360 -> 1324 -> 1316 -> 1256 -> 1210 -> 1214 -> 1208 -> 1207 -> 1250 -> 1312 -> 1356 -> 1358 -> 1359 -> 1443 -> 1426 -> 1370 -> 1426 -> 1358 -> 1359 -> 1315 -> 1252 -> 1214 -> 1210 -> 1209 -> 1325 -> 1324 -> 1360 -> 1359 -> 1358 -> 1356 -> 1312 -> 1250 -> 1207 -> 1177 -> 1178 -> 1145 -> 1143 -> 1071 -> 1070 -> 1071 -> 1072 -> 1073 -> 1074 -> 1076 -> 1077 -> 1080 -> 1151 -> 1155 -> 1127 -> 1128 -> 1133 -> 1084 -> 1078 -> 1128 -> 1127 -> 1081 -> 1078 -> 1024 -> 1025 -> 1084 -> 1078 -> 1081 -> 1082 -> 1085 -> 1083 -> 1080 -> 1077 -> 1076 -> 1074 -> 1145 -> 1178 -> 1208 -> 1251 -> 1250 -> 1251 -> 1208 -> 1178 -> 1177 -> 1143 -> 1145 -> 1151 -> 1179 -> 1214 -> 1252 -> 1251 -> 1314 -> 1312 -> 1356 -> 1312 -> 1314 -> 1315 -> 1316 -> 1256 -> 1210 -> 1180 -> 1179 -> 1178 -> 1145 -> 1151 -> 1155 -> 1180 -> 1210 -> 1209 -> 1325 -> 1455 -> 1325 -> 1328 -> 1463 -> 1455 -> 1325 -> 1324 -> 1316 -> 1315 -> 1252 -> 1256 -> 1316 -> 1315 -> 1316 -> 1324 -> 1325 -> 1328 -> 1213 -> 1209

✨🏆 Mejor resultado 🏆✨

Mejor hormiga: 14 🐜🥇
Mejor costo: 7398.193 ⏩
Mejor longitud: 128.000 ⚡
--- Nodos recorridos (semilla 1234572) ---
Camion 1: 1370 -> 1426 -> 1358 -> 1314 -> 1315 -> 1359 -> 1360 -> 1324 -> 1316 -> 1256 -> 1210 -> 1214 -> 1208 -> 1207 -> 1250 -> 1312 -> 1356 -> 1358 -> 1359 -> 1443 -> 1426 -> 1370 -> 1426 -> 1358 -> 1359 -> 1315 -> 1252 -> 1214 -> 1210 -> 1209 -> 1325 -> 1324 -> 1360 -> 1359 -> 1358 -> 1356 -> 1312 -> 1250 -> 1207 -> 1177 -> 1178 -> 1145 -> 1143 -> 1071 -> 1070 -> 1071 -> 1072 -> 1073 -> 1074 -> 1076 -> 1077 -> 1080 -> 1151 -> 1155 -> 1127 -> 1128 -> 1133 -> 1084 -> 1078 -> 1128 -> 1127 -> 1081 -> 1078 -> 1024 -> 1025 -> 1084 -> 1078 -> 1081 -> 1082 -> 1085 -> 1083 -> 1080 -> 1077 -> 1076 -> 1074 -> 1145 -> 1178 -> 1208 -> 1251 -> 1250 -> 1251 -> 1208 -> 1178 -> 1177 -> 1143 -> 1145 -> 1151 -> 1179 -> 1214 -> 1252 -> 1251 -> 1314 -> 1312 -> 1356 -> 1312 -> 1314 -> 1315 -> 1316 -> 1256 -> 1210 -> 1180 -> 1179 -> 1178 -> 1145 -> 1151 -> 1155 -> 1180 -> 1210 -> 1209 -> 1325 -> 1455 -> 1325 -> 1328 -> 1463 -> 1455 -> 1325 -> 1324 -> 1316 -> 1315 -> 1252 -> 1256 -> 1316 -> 1315 -> 1316 -> 1324 -> 1325 -> 1328 -> 1213 -> 1209

=== Semilla 1234573 ===
Instancia recibida: /home/alazcano/RESCOL/Instancias/CN/archivo_segmetación_Seg_9.txt

-----------------------------------------------------------------------------------------------------------------------------------------------------------------
Datos de debug 🪲: 

Nombre de la instancia: Seg_9
Comentario: 
Número de nodos: 81
Número de arcos obligatorios: 63
Número de arcos opcionales: 14
Número de nodos iniciales: 1
Número de nodos terminales: 1
Número de nodos terminales: 1
No hay restricciones

Datos: 
Nodos iniciales: 
1370 

Nodos terminales: 
1370 
-----------------------------------------------------------------------------------------------------------------------------------------------------------------

⌚Época 0
Tiempo de ejecución: 10.0544 segundos
-----------------------------------------------------------------------------------------------------------------------------------------------------------------
La solución es: 
Camion 1: 1370 -> 1426 -> 1358 -> 1356 -> 1312 -> 1314 -> 1251 -> 1250 -> 1207 -> 1208 -> 1251 -> 1252 -> 1256 -> 1316 -> 1315 -> 1314 -> 1312 -> 1250 -> 1251 -> 1314 -> 1315 -> 1359 -> 1443 -> 1426 -> 1370 -> 1426 -> 1358 -> 1359 -> 1315 -> 1252 -> 1214 -> 1210 -> 1209 -> 1213 -> 1328 -> 1463 -> 1455 -> 1325 -> 1328 -> 1213 -> 1209 -> 1325 -> 1324 -> 1316 -> 1256 -> 1252 -> 1315 -> 1316 -> 1256 -> 1210 -> 1180 -> 1179 -> 1214 -> 1208 -> 1207 -> 1177 -> 1143 -> 1145 -> 1151 -> 1155 -> 1127 -> 1081 -> 1078 -> 1128 -> 1133 -> 1084 -> 1078 -> 1024 -> 1025 -> 1084 -> 1133 -> 1128 -> 1078 -> 1084 -> 1133 -> 1128 -> 1127 -> 1155 -> 1180 -> 1210 -> 1256 -> 1316 -> 1324 -> 1360 -> 1359 -> 1358 -> 1314 -> 1315 -> 1252 -> 1251 -> 1208 -> 1178 -> 1145 -> 1074 -> 1145 -> 1143 -> 1071 -> 1070 -> 1071 -> 1072 -> 1073 -> 1074 -> 1076 -> 1077 -> 1080 -> 1083 -> 1085 -> 1082 -> 1081 -> 1127 -> 1128 -> 1078 -> 1081 -> 1082 -> 1085 -> 1083 -> 1080 -> 1151 -> 1179 -> 1178 -> 1177

✨🏆 Mejor resultado 🏆✨

Mejor hormiga: 13 🐜🥇
Mejor costo: 7599.857 ⏩
Mejor longitud: 120.000 ⚡
--- Nodos recorridos (semilla 1234573) ---
Camion 1: 1370 -> 1426 -> 1358 -> 1356 -> 1312 -> 1314 -> 1251 -> 1250 -> 1207 -> 1208 -> 1251 -> 1252 -> 1256 -> 1316 -> 1315 -> 1314 -> 1312 -> 1250 -> 1251 -> 1314 -> 1315 -> 1359 -> 1443 -> 1426 -> 1370 -> 1426 -> 1358 -> 1359 -> 1315 -> 1252 -> 1214 -> 1210 -> 1209 -> 1213 -> 1328 -> 1463 -> 1455 -> 1325 -> 1328 -> 1213 -> 1209 -> 1325 -> 1324 -> 1316 -> 1256 -> 1252 -> 1315 -> 1316 -> 1256 -> 1210 -> 1180 -> 1179 -> 1214 -> 1208 -> 1207 -> 1177 -> 1143 -> 1145 -> 1151 -> 1155 -> 1127 -> 1081 -> 1078 -> 1128 -> 1133 -> 1084 -> 1078 -> 1024 -> 1025 -> 1084 -> 1133 -> 1128 -> 1078 -> 1084 -> 1133 -> 1128 -> 1127 -> 1155 -> 1180 -> 1210 -> 1256 -> 1316 -> 1324 -> 1360 -> 1359 -> 1358 -> 1314 -> 1315 -> 1252 -> 1251 -> 1208 -> 1178 -> 1145 -> 1074 -> 1145 -> 1143 -> 1071 -> 1070 -> 1071 -> 1072 -> 1073 -> 1074 -> 1076 -> 1077 -> 1080 -> 1083 -> 1085 -> 1082 -> 1081 -> 1127 -> 1128 -> 1078 -> 1081 -> 1082 -> 1085 -> 1083 -> 1080 -> 1151 -> 1179 -> 1178 -> 1177

=== Semilla 1234574 ===
Instancia recibida: /home/alazcano/RESCOL/Instancias/CN/archivo_segmetación_Seg_9.txt

-----------------------------------------------------------------------------------------------------------------------------------------------------------------
Datos de debug 🪲: 

Nombre de la instancia: Seg_9
Comentario: 
Número de nodos: 81
Número de arcos obligatorios: 63
Número de arcos opcionales: 14
Número de nodos iniciales: 1
Número de nodos terminales: 1
Número de nodos terminales: 1
No hay restricciones

Datos: 
Nodos iniciales: 
1370 

Nodos terminales: 
1370 
-----------------------------------------------------------------------------------------------------------------------------------------------------------------

⌚Época 0
Tiempo de ejecución: 10.0189 segundos
-----------------------------------------------------------------------------------------------------------------------------------------------------------------
La solución es: 
Camion 1: 1370 -> 1426 -> 1358 -> 1314 -> 1315 -> 1252 -> 1214 -> 1210 -> 1180 -> 1179 -> 1214 -> 1208 -> 1207 -> 1177 -> 1143 -> 1071 -> 1070 -> 1071 -> 1072 -> 1073 -> 1074 -> 1145 -> 1151 -> 1155 -> 1180 -> 1210 -> 1209 -> 1325 -> 1328 -> 1463 -> 1455 -> 1325 -> 1324 -> 1316 -> 1315 -> 1359 -> 1358 -> 1356 -> 1312 -> 1250 -> 1251 -> 1208 -> 1214 -> 1252 -> 1256 -> 1210 -> 1214 -> 1179 -> 1151 -> 1080 -> 1083 -> 1085 -> 1082 -> 1081 -> 1078 -> 1024 -> 1025 -> 1084 -> 1133 -> 1128 -> 1078 -> 1084 -> 1133 -> 1128 -> 1127 -> 1155 -> 1180 -> 1210 -> 1256 -> 1316 -> 1324 -> 1360 -> 1359 -> 1443 -> 1426 -> 1370 -> 1426 -> 1358 -> 1314 -> 1312 -> 1356 -> 1358 -> 1359 -> 1315 -> 1314 -> 1251 -> 1250 -> 1312 -> 1314 -> 1251 -> 1208 -> 1178 -> 1145 -> 1074 -> 1076 -> 1077 -> 1080 -> 1083 -> 1085 -> 1082 -> 1081 -> 1127 -> 1128 -> 1133 -> 1084 -> 1078 -> 1081 -> 1127 -> 1155 -> 1151 -> 1179 -> 1178 -> 1177 -> 1207 -> 1250 -> 1251 -> 1252 -> 1315 -> 1316 -> 1324 -> 1325 -> 1328 -> 1213 -> 1209 -> 1210 -> 1214 -> 1208 -> 1178 -> 1177 -> 1143 -> 1145

✨🏆 Mejor resultado 🏆✨

Mejor hormiga: 24 🐜🥇
Mejor costo: 7472.191 ⏩
Mejor longitud: 130.000 ⚡
--- Nodos recorridos (semilla 1234574) ---
Camion 1: 1370 -> 1426 -> 1358 -> 1314 -> 1315 -> 1252 -> 1214 -> 1210 -> 1180 -> 1179 -> 1214 -> 1208 -> 1207 -> 1177 -> 1143 -> 1071 -> 1070 -> 1071 -> 1072 -> 1073 -> 1074 -> 1145 -> 1151 -> 1155 -> 1180 -> 1210 -> 1209 -> 1325 -> 1328 -> 1463 -> 1455 -> 1325 -> 1324 -> 1316 -> 1315 -> 1359 -> 1358 -> 1356 -> 1312 -> 1250 -> 1251 -> 1208 -> 1214 -> 1252 -> 1256 -> 1210 -> 1214 -> 1179 -> 1151 -> 1080 -> 1083 -> 1085 -> 1082 -> 1081 -> 1078 -> 1024 -> 1025 -> 1084 -> 1133 -> 1128 -> 1078 -> 1084 -> 1133 -> 1128 -> 1127 -> 1155 -> 1180 -> 1210 -> 1256 -> 1316 -> 1324 -> 1360 -> 1359 -> 1443 -> 1426 -> 1370 -> 1426 -> 1358 -> 1314 -> 1312 -> 1356 -> 1358 -> 1359 -> 1315 -> 1314 -> 1251 -> 1250 -> 1312 -> 1314 -> 1251 -> 1208 -> 1178 -> 1145 -> 1074 -> 1076 -> 1077 -> 1080 -> 1083 -> 1085 -> 1082 -> 1081 -> 1127 -> 1128 -> 1133 -> 1084 -> 1078 -> 1081 -> 1127 -> 1155 -> 1151 -> 1179 -> 1178 -> 1177 -> 1207 -> 1250 -> 1251 -> 1252 -> 1315 -> 1316 -> 1324 -> 1325 -> 1328 -> 1213 -> 1209 -> 1210 -> 1214 -> 1208 -> 1178 -> 1177 -> 1143 -> 1145

=== Semilla 1234575 ===
Instancia recibida: /home/alazcano/RESCOL/Instancias/CN/archivo_segmetación_Seg_9.txt

-----------------------------------------------------------------------------------------------------------------------------------------------------------------
Datos de debug 🪲: 

Nombre de la instancia: Seg_9
Comentario: 
Número de nodos: 81
Número de arcos obligatorios: 63
Número de arcos opcionales: 14
Número de nodos iniciales: 1
Número de nodos terminales: 1
Número de nodos terminales: 1
No hay restricciones

Datos: 
Nodos iniciales: 
1370 

Nodos terminales: 
1370 
-----------------------------------------------------------------------------------------------------------------------------------------------------------------

⌚Época 0
Tiempo de ejecución: 10.0502 segundos
-----------------------------------------------------------------------------------------------------------------------------------------------------------------
La solución es: 
Camion 1: 1370 -> 1426 -> 1358 -> 1314 -> 1312 -> 1250 -> 1207 -> 1177 -> 1178 -> 1145 -> 1143 -> 1071 -> 1070 -> 1071 -> 1072 -> 1073 -> 1074 -> 1076 -> 1077 -> 1080 -> 1083 -> 1085 -> 1082 -> 1081 -> 1127 -> 1128 -> 1133 -> 1084 -> 1078 -> 1024 -> 1025 -> 1084 -> 1133 -> 1128 -> 1127 -> 1081 -> 1078 -> 1128 -> 1133 -> 1128 -> 1127 -> 1155 -> 1180 -> 1210 -> 1214 -> 1252 -> 1214 -> 1208 -> 1207 -> 1250 -> 1312 -> 1356 -> 1358 -> 1359 -> 1443 -> 1426 -> 1370 -> 1426 -> 1358 -> 1356 -> 1312 -> 1250 -> 1251 -> 1208 -> 1178 -> 1179 -> 1214 -> 1210 -> 1209 -> 1325 -> 1455 -> 1463 -> 1328 -> 1213 -> 1209 -> 1210 -> 1256 -> 1316 -> 1315 -> 1359 -> 1360 -> 1324 -> 1325 -> 1328 -> 1463 -> 1455 -> 1325 -> 1324 -> 1316 -> 1256 -> 1252 -> 1315 -> 1316 -> 1256 -> 1316 -> 1315 -> 1314 -> 1251 -> 1252 -> 1256 -> 1210 -> 1180 -> 1179 -> 1151 -> 1155 -> 1127 -> 1081 -> 1082 -> 1085 -> 1083 -> 1080 -> 1077 -> 1076 -> 1074 -> 1145 -> 1151 -> 1080 -> 1083 -> 1080 -> 1077 -> 1076 -> 1074 -> 1145 -> 1143 -> 1177 -> 1143

✨🏆 Mejor resultado 🏆✨

Mejor hormiga: 4 🐜🥇
Mejor costo: 7205.579 ⏩
Mejor longitud: 125.000 ⚡
--- Nodos recorridos (semilla 1234575) ---
Camion 1: 1370 -> 1426 -> 1358 -> 1314 -> 1312 -> 1250 -> 1207 -> 1177 -> 1178 -> 1145 -> 1143 -> 1071 -> 1070 -> 1071 -> 1072 -> 1073 -> 1074 -> 1076 -> 1077 -> 1080 -> 1083 -> 1085 -> 1082 -> 1081 -> 1127 -> 1128 -> 1133 -> 1084 -> 1078 -> 1024 -> 1025 -> 1084 -> 1133 -> 1128 -> 1127 -> 1081 -> 1078 -> 1128 -> 1133 -> 1128 -> 1127 -> 1155 -> 1180 -> 1210 -> 1214 -> 1252 -> 1214 -> 1208 -> 1207 -> 1250 -> 1312 -> 1356 -> 1358 -> 1359 -> 1443 -> 1426 -> 1370 -> 1426 -> 1358 -> 1356 -> 1312 -> 1250 -> 1251 -> 1208 -> 1178 -> 1179 -> 1214 -> 1210 -> 1209 -> 1325 -> 1455 -> 1463 -> 1328 -> 1213 -> 1209 -> 1210 -> 1256 -> 1316 -> 1315 -> 1359 -> 1360 -> 1324 -> 1325 -> 1328 -> 1463 -> 1455 -> 1325 -> 1324 -> 1316 -> 1256 -> 1252 -> 1315 -> 1316 -> 1256 -> 1316 -> 1315 -> 1314 -> 1251 -> 1252 -> 1256 -> 1210 -> 1180 -> 1179 -> 1151 -> 1155 -> 1127 -> 1081 -> 1082 -> 1085 -> 1083 -> 1080 -> 1077 -> 1076 -> 1074 -> 1145 -> 1151 -> 1080 -> 1083 -> 1080 -> 1077 -> 1076 -> 1074 -> 1145 -> 1143 -> 1177 -> 1143

=== Semilla 1234576 ===
Instancia recibida: /home/alazcano/RESCOL/Instancias/CN/archivo_segmetación_Seg_9.txt

-----------------------------------------------------------------------------------------------------------------------------------------------------------------
Datos de debug 🪲: 

Nombre de la instancia: Seg_9
Comentario: 
Número de nodos: 81
Número de arcos obligatorios: 63
Número de arcos opcionales: 14
Número de nodos iniciales: 1
Número de nodos terminales: 1
Número de nodos terminales: 1
No hay restricciones

Datos: 
Nodos iniciales: 
1370 

Nodos terminales: 
1370 
-----------------------------------------------------------------------------------------------------------------------------------------------------------------

⌚Época 0
Tiempo de ejecución: 10.0437 segundos
-----------------------------------------------------------------------------------------------------------------------------------------------------------------
La solución es: 
Camion 1: 1370 -> 1426 -> 1358 -> 1356 -> 1312 -> 1250 -> 1207 -> 1177 -> 1178 -> 1208 -> 1251 -> 1250 -> 1312 -> 1314 -> 1251 -> 1252 -> 1256 -> 1316 -> 1315 -> 1252 -> 1214 -> 1179 -> 1178 -> 1145 -> 1143 -> 1071 -> 1070 -> 1071 -> 1072 -> 1073 -> 1074 -> 1145 -> 1151 -> 1155 -> 1180 -> 1179 -> 1214 -> 1208 -> 1178 -> 1177 -> 1143 -> 1145 -> 1074 -> 1076 -> 1077 -> 1080 -> 1083 -> 1085 -> 1082 -> 1081 -> 1078 -> 1024 -> 1025 -> 1084 -> 1133 -> 1128 -> 1127 -> 1081 -> 1078 -> 1081 -> 1082 -> 1085 -> 1083 -> 1080 -> 1151 -> 1179 -> 1214 -> 1210 -> 1209 -> 1325 -> 1328 -> 1463 -> 1455 -> 1325 -> 1324 -> 1360 -> 1359 -> 1443 -> 1426 -> 1370 -> 1426 -> 1358 -> 1359 -> 1315 -> 1316 -> 1256 -> 1210 -> 1180 -> 1155 -> 1127 -> 1128 -> 1133 -> 1084 -> 1078 -> 1128 -> 1133 -> 1128 -> 1127 -> 1155 -> 1180 -> 1210 -> 1214 -> 1208 -> 1207 -> 1208 -> 1214 -> 1252 -> 1251 -> 1314 -> 1312 -> 1356 -> 1358 -> 1314 -> 1315 -> 1359 -> 1358 -> 1314 -> 1315 -> 1316 -> 1324 -> 1325 -> 1328 -> 1213 -> 1209

✨🏆 Mejor resultado 🏆✨

Mejor hormiga: 1 🐜🥇
Mejor costo: 7557.370 ⏩
Mejor longitud: 123.000 ⚡
--- Nodos recorridos (semilla 1234576) ---
Camion 1: 1370 -> 1426 -> 1358 -> 1356 -> 1312 -> 1250 -> 1207 -> 1177 -> 1178 -> 1208 -> 1251 -> 1250 -> 1312 -> 1314 -> 1251 -> 1252 -> 1256 -> 1316 -> 1315 -> 1252 -> 1214 -> 1179 -> 1178 -> 1145 -> 1143 -> 1071 -> 1070 -> 1071 -> 1072 -> 1073 -> 1074 -> 1145 -> 1151 -> 1155 -> 1180 -> 1179 -> 1214 -> 1208 -> 1178 -> 1177 -> 1143 -> 1145 -> 1074 -> 1076 -> 1077 -> 1080 -> 1083 -> 1085 -> 1082 -> 1081 -> 1078 -> 1024 -> 1025 -> 1084 -> 1133 -> 1128 -> 1127 -> 1081 -> 1078 -> 1081 -> 1082 -> 1085 -> 1083 -> 1080 -> 1151 -> 1179 -> 1214 -> 1210 -> 1209 -> 1325 -> 1328 -> 1463 -> 1455 -> 1325 -> 1324 -> 1360 -> 1359 -> 1443 -> 1426 -> 1370 -> 1426 -> 1358 -> 1359 -> 1315 -> 1316 -> 1256 -> 1210 -> 1180 -> 1155 -> 1127 -> 1128 -> 1133 -> 1084 -> 1078 -> 1128 -> 1133 -> 1128 -> 1127 -> 1155 -> 1180 -> 1210 -> 1214 -> 1208 -> 1207 -> 1208 -> 1214 -> 1252 -> 1251 -> 1314 -> 1312 -> 1356 -> 1358 -> 1314 -> 1315 -> 1359 -> 1358 -> 1314 -> 1315 -> 1316 -> 1324 -> 1325 -> 1328 -> 1213 -> 1209

=== Semilla 1234577 ===
Instancia recibida: /home/alazcano/RESCOL/Instancias/CN/archivo_segmetación_Seg_9.txt

-----------------------------------------------------------------------------------------------------------------------------------------------------------------
Datos de debug 🪲: 

Nombre de la instancia: Seg_9
Comentario: 
Número de nodos: 81
Número de arcos obligatorios: 63
Número de arcos opcionales: 14
Número de nodos iniciales: 1
Número de nodos terminales: 1
Número de nodos terminales: 1
No hay restricciones

Datos: 
Nodos iniciales: 
1370 

Nodos terminales: 
1370 
-----------------------------------------------------------------------------------------------------------------------------------------------------------------

⌚Época 0
Tiempo de ejecución: 10.036 segundos
-----------------------------------------------------------------------------------------------------------------------------------------------------------------
La solución es: 
Camion 1: 1370 -> 1426 -> 1358 -> 1356 -> 1312 -> 1250 -> 1207 -> 1177 -> 1178 -> 1145 -> 1151 -> 1179 -> 1214 -> 1210 -> 1209 -> 1213 -> 1328 -> 1463 -> 1455 -> 1325 -> 1328 -> 1213 -> 1209 -> 1325 -> 1324 -> 1316 -> 1315 -> 1314 -> 1251 -> 1250 -> 1312 -> 1314 -> 1315 -> 1359 -> 1443 -> 1426 -> 1370 -> 1426 -> 1358 -> 1359 -> 1315 -> 1252 -> 1214 -> 1208 -> 1251 -> 1252 -> 1256 -> 1210 -> 1214 -> 1179 -> 1151 -> 1080 -> 1077 -> 1076 -> 1074 -> 1145 -> 1143 -> 1177 -> 1207 -> 1208 -> 1178 -> 1177 -> 1143 -> 1071 -> 1070 -> 1071 -> 1072 -> 1073 -> 1074 -> 1076 -> 1077 -> 1080 -> 1083 -> 1085 -> 1082 -> 1081 -> 1127 -> 1128 -> 1078 -> 1084 -> 1025 -> 1024 -> 1078 -> 1081 -> 1127 -> 1155 -> 1180 -> 1210 -> 1180 -> 1179 -> 1178 -> 1145 -> 1151 -> 1155 -> 1180 -> 1210 -> 1256 -> 1316 -> 1324 -> 1360 -> 1359 -> 1358 -> 1314 -> 1312 -> 1356 -> 1358 -> 1314 -> 1315 -> 1316 -> 1256 -> 1210 -> 1180 -> 1155 -> 1127 -> 1128 -> 1133 -> 1084

✨🏆 Mejor resultado 🏆✨

Mejor hormiga: 23 🐜🥇
Mejor costo: 7120.535 ⏩
Mejor longitud: 116.000 ⚡
--- Nodos recorridos (semilla 1234577) ---
Camion 1: 1370 -> 1426 -> 1358 -> 1356 -> 1312 -> 1250 -> 1207 -> 1177 -> 1178 -> 1145 -> 1151 -> 1179 -> 1214 -> 1210 -> 1209 -> 1213 -> 1328 -> 1463 -> 1455 -> 1325 -> 1328 -> 1213 -> 1209 -> 1325 -> 1324 -> 1316 -> 1315 -> 1314 -> 1251 -> 1250 -> 1312 -> 1314 -> 1315 -> 1359 -> 1443 -> 1426 -> 1370 -> 1426 -> 1358 -> 1359 -> 1315 -> 1252 -> 1214 -> 1208 -> 1251 -> 1252 -> 1256 -> 1210 -> 1214 -> 1179 -> 1151 -> 1080 -> 1077 -> 1076 -> 1074 -> 1145 -> 1143 -> 1177 -> 1207 -> 1208 -> 1178 -> 1177 -> 1143 -> 1071 -> 1070 -> 1071 -> 1072 -> 1073 -> 1074 -> 1076 -> 1077 -> 1080 -> 1083 -> 1085 -> 1082 -> 1081 -> 1127 -> 1128 -> 1078 -> 1084 -> 1025 -> 1024 -> 1078 -> 1081 -> 1127 -> 1155 -> 1180 -> 1210 -> 1180 -> 1179 -> 1178 -> 1145 -> 1151 -> 1155 -> 1180 -> 1210 -> 1256 -> 1316 -> 1324 -> 1360 -> 1359 -> 1358 -> 1314 -> 1312 -> 1356 -> 1358 -> 1314 -> 1315 -> 1316 -> 1256 -> 1210 -> 1180 -> 1155 -> 1127 -> 1128 -> 1133 -> 1084

=== Semilla 1234578 ===
Instancia recibida: /home/alazcano/RESCOL/Instancias/CN/archivo_segmetación_Seg_9.txt

-----------------------------------------------------------------------------------------------------------------------------------------------------------------
Datos de debug 🪲: 

Nombre de la instancia: Seg_9
Comentario: 
Número de nodos: 81
Número de arcos obligatorios: 63
Número de arcos opcionales: 14
Número de nodos iniciales: 1
Número de nodos terminales: 1
Número de nodos terminales: 1
No hay restricciones

Datos: 
Nodos iniciales: 
1370 

Nodos terminales: 
1370 
-----------------------------------------------------------------------------------------------------------------------------------------------------------------

⌚Época 0
Tiempo de ejecución: 10.0571 segundos
-----------------------------------------------------------------------------------------------------------------------------------------------------------------
La solución es: 
Camion 1: 1370 -> 1426 -> 1358 -> 1314 -> 1251 -> 1208 -> 1214 -> 1210 -> 1180 -> 1179 -> 1151 -> 1155 -> 1127 -> 1128 -> 1133 -> 1084 -> 1025 -> 1024 -> 1078 -> 1084 -> 1133 -> 1128 -> 1078 -> 1081 -> 1127 -> 1128 -> 1127 -> 1155 -> 1180 -> 1210 -> 1214 -> 1252 -> 1214 -> 1179 -> 1178 -> 1208 -> 1251 -> 1314 -> 1312 -> 1250 -> 1251 -> 1252 -> 1256 -> 1210 -> 1209 -> 1325 -> 1328 -> 1463 -> 1455 -> 1325 -> 1324 -> 1316 -> 1256 -> 1252 -> 1315 -> 1359 -> 1443 -> 1426 -> 1370 -> 1426 -> 1358 -> 1356 -> 1312 -> 1250 -> 1207 -> 1177 -> 1178 -> 1145 -> 1143 -> 1071 -> 1070 -> 1071 -> 1072 -> 1073 -> 1074 -> 1145 -> 1151 -> 1080 -> 1083 -> 1085 -> 1082 -> 1081 -> 1078 -> 1128 -> 1133 -> 1128 -> 1127 -> 1155 -> 1180 -> 1210 -> 1214 -> 1208 -> 1207 -> 1208 -> 1178 -> 1177 -> 1143 -> 1145 -> 1074 -> 1076 -> 1077 -> 1080 -> 1151 -> 1179 -> 1214 -> 1252 -> 1315 -> 1316 -> 1324 -> 1360 -> 1359 -> 1315 -> 1314 -> 1312 -> 1356 -> 1358 -> 1359 -> 1358 -> 1356 -> 1358 -> 1359 -> 1360 -> 1324 -> 1325 -> 1328 -> 1213 -> 1209

✨🏆 Mejor resultado 🏆✨

Mejor hormiga: 18 🐜🥇
Mejor costo: 7431.361 ⏩
Mejor longitud: 126.000 ⚡
--- Nodos recorridos (semilla 1234578) ---
Camion 1: 1370 -> 1426 -> 1358 -> 1314 -> 1251 -> 1208 -> 1214 -> 1210 -> 1180 -> 1179 -> 1151 -> 1155 -> 1127 -> 1128 -> 1133 -> 1084 -> 1025 -> 1024 -> 1078 -> 1084 -> 1133 -> 1128 -> 1078 -> 1081 -> 1127 -> 1128 -> 1127 -> 1155 -> 1180 -> 1210 -> 1214 -> 1252 -> 1214 -> 1179 -> 1178 -> 1208 -> 1251 -> 1314 -> 1312 -> 1250 -> 1251 -> 1252 -> 1256 -> 1210 -> 1209 -> 1325 -> 1328 -> 1463 -> 1455 -> 1325 -> 1324 -> 1316 -> 1256 -> 1252 -> 1315 -> 1359 -> 1443 -> 1426 -> 1370 -> 1426 -> 1358 -> 1356 -> 1312 -> 1250 -> 1207 -> 1177 -> 1178 -> 1145 -> 1143 -> 1071 -> 1070 -> 1071 -> 1072 -> 1073 -> 1074 -> 1145 -> 1151 -> 1080 -> 1083 -> 1085 -> 1082 -> 1081 -> 1078 -> 1128 -> 1133 -> 1128 -> 1127 -> 1155 -> 1180 -> 1210 -> 1214 -> 1208 -> 1207 -> 1208 -> 1178 -> 1177 -> 1143 -> 1145 -> 1074 -> 1076 -> 1077 -> 1080 -> 1151 -> 1179 -> 1214 -> 1252 -> 1315 -> 1316 -> 1324 -> 1360 -> 1359 -> 1315 -> 1314 -> 1312 -> 1356 -> 1358 -> 1359 -> 1358 -> 1356 -> 1358 -> 1359 -> 1360 -> 1324 -> 1325 -> 1328 -> 1213 -> 1209

=== Semilla 1234579 ===
Instancia recibida: /home/alazcano/RESCOL/Instancias/CN/archivo_segmetación_Seg_9.txt

-----------------------------------------------------------------------------------------------------------------------------------------------------------------
Datos de debug 🪲: 

Nombre de la instancia: Seg_9
Comentario: 
Número de nodos: 81
Número de arcos obligatorios: 63
Número de arcos opcionales: 14
Número de nodos iniciales: 1
Número de nodos terminales: 1
Número de nodos terminales: 1
No hay restricciones

Datos: 
Nodos iniciales: 
1370 

Nodos terminales: 
1370 
-----------------------------------------------------------------------------------------------------------------------------------------------------------------

⌚Época 0
Tiempo de ejecución: 10.0554 segundos
-----------------------------------------------------------------------------------------------------------------------------------------------------------------
La solución es: 
Camion 1: 1370 -> 1426 -> 1358 -> 1314 -> 1251 -> 1252 -> 1256 -> 1316 -> 1315 -> 1359 -> 1358 -> 1356 -> 1312 -> 1250 -> 1207 -> 1177 -> 1143 -> 1071 -> 1070 -> 1071 -> 1072 -> 1073 -> 1074 -> 1145 -> 1143 -> 1177 -> 1178 -> 1145 -> 1151 -> 1080 -> 1083 -> 1085 -> 1082 -> 1081 -> 1127 -> 1128 -> 1078 -> 1084 -> 1133 -> 1128 -> 1127 -> 1081 -> 1078 -> 1024 -> 1025 -> 1084 -> 1078 -> 1081 -> 1127 -> 1155 -> 1180 -> 1210 -> 1214 -> 1252 -> 1214 -> 1179 -> 1151 -> 1155 -> 1127 -> 1081 -> 1082 -> 1085 -> 1083 -> 1080 -> 1077 -> 1076 -> 1074 -> 1145 -> 1178 -> 1208 -> 1251 -> 1250 -> 1251 -> 1208 -> 1178 -> 1177 -> 1207 -> 1208 -> 1214 -> 1210 -> 1180 -> 1179 -> 1178 -> 1208 -> 1251 -> 1252 -> 1315 -> 1316 -> 1324 -> 1360 -> 1359 -> 1315 -> 1314 -> 1312 -> 1356 -> 1358 -> 1359 -> 1443 -> 1426 -> 1370 -> 1426 -> 1358 -> 1359 -> 1360 -> 1324 -> 1325 -> 1455 -> 1325 -> 1324 -> 1316 -> 1256 -> 1210 -> 1209 -> 1325 -> 1328 -> 1463 -> 1455 -> 1325 -> 1328 -> 1213 -> 1209

✨🏆 Mejor resultado 🏆✨

Mejor hormiga: 12 🐜🥇
Mejor costo: 7321.023 ⏩
Mejor longitud: 120.000 ⚡
--- Nodos recorridos (semilla 1234579) ---
Camion 1: 1370 -> 1426 -> 1358 -> 1314 -> 1251 -> 1252 -> 1256 -> 1316 -> 1315 -> 1359 -> 1358 -> 1356 -> 1312 -> 1250 -> 1207 -> 1177 -> 1143 -> 1071 -> 1070 -> 1071 -> 1072 -> 1073 -> 1074 -> 1145 -> 1143 -> 1177 -> 1178 -> 1145 -> 1151 -> 1080 -> 1083 -> 1085 -> 1082 -> 1081 -> 1127 -> 1128 -> 1078 -> 1084 -> 1133 -> 1128 -> 1127 -> 1081 -> 1078 -> 1024 -> 1025 -> 1084 -> 1078 -> 1081 -> 1127 -> 1155 -> 1180 -> 1210 -> 1214 -> 1252 -> 1214 -> 1179 -> 1151 -> 1155 -> 1127 -> 1081 -> 1082 -> 1085 -> 1083 -> 1080 -> 1077 -> 1076 -> 1074 -> 1145 -> 1178 -> 1208 -> 1251 -> 1250 -> 1251 -> 1208 -> 1178 -> 1177 -> 1207 -> 1208 -> 1214 -> 1210 -> 1180 -> 1179 -> 1178 -> 1208 -> 1251 -> 1252 -> 1315 -> 1316 -> 1324 -> 1360 -> 1359 -> 1315 -> 1314 -> 1312 -> 1356 -> 1358 -> 1359 -> 1443 -> 1426 -> 1370 -> 1426 -> 1358 -> 1359 -> 1360 -> 1324 -> 1325 -> 1455 -> 1325 -> 1324 -> 1316 -> 1256 -> 1210 -> 1209 -> 1325 -> 1328 -> 1463 -> 1455 -> 1325 -> 1328 -> 1213 -> 1209

=== Semilla 1234580 ===
Instancia recibida: /home/alazcano/RESCOL/Instancias/CN/archivo_segmetación_Seg_9.txt

-----------------------------------------------------------------------------------------------------------------------------------------------------------------
Datos de debug 🪲: 

Nombre de la instancia: Seg_9
Comentario: 
Número de nodos: 81
Número de arcos obligatorios: 63
Número de arcos opcionales: 14
Número de nodos iniciales: 1
Número de nodos terminales: 1
Número de nodos terminales: 1
No hay restricciones

Datos: 
Nodos iniciales: 
1370 

Nodos terminales: 
1370 
-----------------------------------------------------------------------------------------------------------------------------------------------------------------

⌚Época 0
Tiempo de ejecución: 10.0552 segundos
-----------------------------------------------------------------------------------------------------------------------------------------------------------------
La solución es: 
Camion 1: 1370 -> 1426 -> 1358 -> 1356 -> 1312 -> 1314 -> 1251 -> 1250 -> 1207 -> 1177 -> 1143 -> 1071 -> 1070 -> 1071 -> 1072 -> 1073 -> 1074 -> 1076 -> 1077 -> 1080 -> 1083 -> 1085 -> 1082 -> 1081 -> 1078 -> 1024 -> 1025 -> 1084 -> 1078 -> 1128 -> 1127 -> 1081 -> 1078 -> 1081 -> 1082 -> 1085 -> 1083 -> 1080 -> 1151 -> 1179 -> 1214 -> 1252 -> 1214 -> 1210 -> 1209 -> 1325 -> 1328 -> 1463 -> 1455 -> 1325 -> 1209 -> 1213 -> 1328 -> 1463 -> 1455 -> 1325 -> 1324 -> 1316 -> 1315 -> 1252 -> 1251 -> 1208 -> 1251 -> 1314 -> 1312 -> 1250 -> 1251 -> 1252 -> 1256 -> 1210 -> 1180 -> 1179 -> 1178 -> 1145 -> 1151 -> 1080 -> 1077 -> 1076 -> 1074 -> 1145 -> 1143 -> 1177 -> 1178 -> 1179 -> 1151 -> 1155 -> 1180 -> 1210 -> 1214 -> 1208 -> 1178 -> 1177 -> 1207 -> 1208 -> 1214 -> 1179 -> 1180 -> 1155 -> 1127 -> 1128 -> 1133 -> 1084 -> 1078 -> 1128 -> 1127 -> 1155 -> 1180 -> 1210 -> 1256 -> 1316 -> 1324 -> 1360 -> 1359 -> 1358 -> 1314 -> 1315 -> 1359 -> 1443 -> 1426

✨🏆 Mejor resultado 🏆✨

Mejor hormiga: 3 🐜🥇
Mejor costo: 7194.835 ⏩
Mejor longitud: 118.000 ⚡
--- Nodos recorridos (semilla 1234580) ---
Camion 1: 1370 -> 1426 -> 1358 -> 1356 -> 1312 -> 1314 -> 1251 -> 1250 -> 1207 -> 1177 -> 1143 -> 1071 -> 1070 -> 1071 -> 1072 -> 1073 -> 1074 -> 1076 -> 1077 -> 1080 -> 1083 -> 1085 -> 1082 -> 1081 -> 1078 -> 1024 -> 1025 -> 1084 -> 1078 -> 1128 -> 1127 -> 1081 -> 1078 -> 1081 -> 1082 -> 1085 -> 1083 -> 1080 -> 1151 -> 1179 -> 1214 -> 1252 -> 1214 -> 1210 -> 1209 -> 1325 -> 1328 -> 1463 -> 1455 -> 1325 -> 1209 -> 1213 -> 1328 -> 1463 -> 1455 -> 1325 -> 1324 -> 1316 -> 1315 -> 1252 -> 1251 -> 1208 -> 1251 -> 1314 -> 1312 -> 1250 -> 1251 -> 1252 -> 1256 -> 1210 -> 1180 -> 1179 -> 1178 -> 1145 -> 1151 -> 1080 -> 1077 -> 1076 -> 1074 -> 1145 -> 1143 -> 1177 -> 1178 -> 1179 -> 1151 -> 1155 -> 1180 -> 1210 -> 1214 -> 1208 -> 1178 -> 1177 -> 1207 -> 1208 -> 1214 -> 1179 -> 1180 -> 1155 -> 1127 -> 1128 -> 1133 -> 1084 -> 1078 -> 1128 -> 1127 -> 1155 -> 1180 -> 1210 -> 1256 -> 1316 -> 1324 -> 1360 -> 1359 -> 1358 -> 1314 -> 1315 -> 1359 -> 1443 -> 1426

=== Semilla 1234581 ===
Instancia recibida: /home/alazcano/RESCOL/Instancias/CN/archivo_segmetación_Seg_9.txt

-----------------------------------------------------------------------------------------------------------------------------------------------------------------
Datos de debug 🪲: 

Nombre de la instancia: Seg_9
Comentario: 
Número de nodos: 81
Número de arcos obligatorios: 63
Número de arcos opcionales: 14
Número de nodos iniciales: 1
Número de nodos terminales: 1
Número de nodos terminales: 1
No hay restricciones

Datos: 
Nodos iniciales: 
1370 

Nodos terminales: 
1370 
-----------------------------------------------------------------------------------------------------------------------------------------------------------------

⌚Época 0
Tiempo de ejecución: 10.0539 segundos
-----------------------------------------------------------------------------------------------------------------------------------------------------------------
La solución es: 
Camion 1: 1370 -> 1426 -> 1358 -> 1314 -> 1312 -> 1250 -> 1251 -> 1208 -> 1207 -> 1250 -> 1312 -> 1356 -> 1358 -> 1359 -> 1360 -> 1324 -> 1325 -> 1328 -> 1463 -> 1455 -> 1325 -> 1324 -> 1316 -> 1315 -> 1359 -> 1443 -> 1426 -> 1370 -> 1426 -> 1358 -> 1359 -> 1315 -> 1252 -> 1214 -> 1210 -> 1256 -> 1316 -> 1315 -> 1252 -> 1214 -> 1179 -> 1214 -> 1208 -> 1178 -> 1145 -> 1074 -> 1073 -> 1072 -> 1071 -> 1070 -> 1071 -> 1072 -> 1073 -> 1074 -> 1076 -> 1077 -> 1080 -> 1083 -> 1085 -> 1082 -> 1081 -> 1078 -> 1084 -> 1025 -> 1024 -> 1078 -> 1128 -> 1127 -> 1081 -> 1078 -> 1128 -> 1127 -> 1155 -> 1180 -> 1210 -> 1180 -> 1155 -> 1151 -> 1080 -> 1077 -> 1076 -> 1074 -> 1145 -> 1143 -> 1071 -> 1072 -> 1071 -> 1143 -> 1177 -> 1207 -> 1177 -> 1143 -> 1145 -> 1151 -> 1179 -> 1180 -> 1155 -> 1180 -> 1210 -> 1209 -> 1325 -> 1455 -> 1463 -> 1328 -> 1213 -> 1209 -> 1210 -> 1214 -> 1252 -> 1256 -> 1210 -> 1214 -> 1252 -> 1315 -> 1314 -> 1251 -> 1252 -> 1256 -> 1210 -> 1180 -> 1155 -> 1127 -> 1128 -> 1133 -> 1084 -> 1078 -> 1081 -> 1127 -> 1128 -> 1127 -> 1155 -> 1151 -> 1179 -> 1178 -> 1177

✨🏆 Mejor resultado 🏆✨

Mejor hormiga: 3 🐜🥇
Mejor costo: 7146.067 ⏩
Mejor longitud: 134.000 ⚡
--- Nodos recorridos (semilla 1234581) ---
Camion 1: 1370 -> 1426 -> 1358 -> 1314 -> 1312 -> 1250 -> 1251 -> 1208 -> 1207 -> 1250 -> 1312 -> 1356 -> 1358 -> 1359 -> 1360 -> 1324 -> 1325 -> 1328 -> 1463 -> 1455 -> 1325 -> 1324 -> 1316 -> 1315 -> 1359 -> 1443 -> 1426 -> 1370 -> 1426 -> 1358 -> 1359 -> 1315 -> 1252 -> 1214 -> 1210 -> 1256 -> 1316 -> 1315 -> 1252 -> 1214 -> 1179 -> 1214 -> 1208 -> 1178 -> 1145 -> 1074 -> 1073 -> 1072 -> 1071 -> 1070 -> 1071 -> 1072 -> 1073 -> 1074 -> 1076 -> 1077 -> 1080 -> 1083 -> 1085 -> 1082 -> 1081 -> 1078 -> 1084 -> 1025 -> 1024 -> 1078 -> 1128 -> 1127 -> 1081 -> 1078 -> 1128 -> 1127 -> 1155 -> 1180 -> 1210 -> 1180 -> 1155 -> 1151 -> 1080 -> 1077 -> 1076 -> 1074 -> 1145 -> 1143 -> 1071 -> 1072 -> 1071 -> 1143 -> 1177 -> 1207 -> 1177 -> 1143 -> 1145 -> 1151 -> 1179 -> 1180 -> 1155 -> 1180 -> 1210 -> 1209 -> 1325 -> 1455 -> 1463 -> 1328 -> 1213 -> 1209 -> 1210 -> 1214 -> 1252 -> 1256 -> 1210 -> 1214 -> 1252 -> 1315 -> 1314 -> 1251 -> 1252 -> 1256 -> 1210 -> 1180 -> 1155 -> 1127 -> 1128 -> 1133 -> 1084 -> 1078 -> 1081 -> 1127 -> 1128 -> 1127 -> 1155 -> 1151 -> 1179 -> 1178 -> 1177

=== Semilla 1234582 ===
Instancia recibida: /home/alazcano/RESCOL/Instancias/CN/archivo_segmetación_Seg_9.txt

-----------------------------------------------------------------------------------------------------------------------------------------------------------------
Datos de debug 🪲: 

Nombre de la instancia: Seg_9
Comentario: 
Número de nodos: 81
Número de arcos obligatorios: 63
Número de arcos opcionales: 14
Número de nodos iniciales: 1
Número de nodos terminales: 1
Número de nodos terminales: 1
No hay restricciones

Datos: 
Nodos iniciales: 
1370 

Nodos terminales: 
1370 
-----------------------------------------------------------------------------------------------------------------------------------------------------------------

⌚Época 0
Tiempo de ejecución: 10.0485 segundos
-----------------------------------------------------------------------------------------------------------------------------------------------------------------
La solución es: 
Camion 1: 1370 -> 1426 -> 1358 -> 1314 -> 1251 -> 1252 -> 1256 -> 1210 -> 1209 -> 1325 -> 1328 -> 1213 -> 1209 -> 1210 -> 1256 -> 1252 -> 1214 -> 1210 -> 1180 -> 1179 -> 1151 -> 1080 -> 1083 -> 1085 -> 1082 -> 1081 -> 1127 -> 1128 -> 1078 -> 1084 -> 1025 -> 1024 -> 1078 -> 1128 -> 1133 -> 1084 -> 1078 -> 1081 -> 1127 -> 1155 -> 1180 -> 1210 -> 1214 -> 1252 -> 1251 -> 1250 -> 1251 -> 1314 -> 1312 -> 1250 -> 1207 -> 1177 -> 1143 -> 1071 -> 1070 -> 1071 -> 1072 -> 1073 -> 1074 -> 1145 -> 1143 -> 1177 -> 1178 -> 1145 -> 1151 -> 1155 -> 1127 -> 1081 -> 1078 -> 1024 -> 1025 -> 1084 -> 1078 -> 1081 -> 1082 -> 1085 -> 1083 -> 1080 -> 1077 -> 1076 -> 1074 -> 1145 -> 1178 -> 1208 -> 1251 -> 1250 -> 1251 -> 1208 -> 1178 -> 1179 -> 1214 -> 1208 -> 1207 -> 1250 -> 1312 -> 1356 -> 1358 -> 1359 -> 1443 -> 1426 -> 1370 -> 1426 -> 1358 -> 1359 -> 1360 -> 1359 -> 1315 -> 1314 -> 1251 -> 1252 -> 1315 -> 1316 -> 1324 -> 1360 -> 1324 -> 1325 -> 1455 -> 1463 -> 1328 -> 1213 -> 1209 -> 1210 -> 1256 -> 1316

✨🏆 Mejor resultado 🏆✨

Mejor hormiga: 17 🐜🥇
Mejor costo: 7173.690 ⏩
Mejor longitud: 123.000 ⚡
--- Nodos recorridos (semilla 1234582) ---
Camion 1: 1370 -> 1426 -> 1358 -> 1314 -> 1251 -> 1252 -> 1256 -> 1210 -> 1209 -> 1325 -> 1328 -> 1213 -> 1209 -> 1210 -> 1256 -> 1252 -> 1214 -> 1210 -> 1180 -> 1179 -> 1151 -> 1080 -> 1083 -> 1085 -> 1082 -> 1081 -> 1127 -> 1128 -> 1078 -> 1084 -> 1025 -> 1024 -> 1078 -> 1128 -> 1133 -> 1084 -> 1078 -> 1081 -> 1127 -> 1155 -> 1180 -> 1210 -> 1214 -> 1252 -> 1251 -> 1250 -> 1251 -> 1314 -> 1312 -> 1250 -> 1207 -> 1177 -> 1143 -> 1071 -> 1070 -> 1071 -> 1072 -> 1073 -> 1074 -> 1145 -> 1143 -> 1177 -> 1178 -> 1145 -> 1151 -> 1155 -> 1127 -> 1081 -> 1078 -> 1024 -> 1025 -> 1084 -> 1078 -> 1081 -> 1082 -> 1085 -> 1083 -> 1080 -> 1077 -> 1076 -> 1074 -> 1145 -> 1178 -> 1208 -> 1251 -> 1250 -> 1251 -> 1208 -> 1178 -> 1179 -> 1214 -> 1208 -> 1207 -> 1250 -> 1312 -> 1356 -> 1358 -> 1359 -> 1443 -> 1426 -> 1370 -> 1426 -> 1358 -> 1359 -> 1360 -> 1359 -> 1315 -> 1314 -> 1251 -> 1252 -> 1315 -> 1316 -> 1324 -> 1360 -> 1324 -> 1325 -> 1455 -> 1463 -> 1328 -> 1213 -> 1209 -> 1210 -> 1256 -> 1316

=== Semilla 1234583 ===
Instancia recibida: /home/alazcano/RESCOL/Instancias/CN/archivo_segmetación_Seg_9.txt

-----------------------------------------------------------------------------------------------------------------------------------------------------------------
Datos de debug 🪲: 

Nombre de la instancia: Seg_9
Comentario: 
Número de nodos: 81
Número de arcos obligatorios: 63
Número de arcos opcionales: 14
Número de nodos iniciales: 1
Número de nodos terminales: 1
Número de nodos terminales: 1
No hay restricciones

Datos: 
Nodos iniciales: 
1370 

Nodos terminales: 
1370 
-----------------------------------------------------------------------------------------------------------------------------------------------------------------

⌚Época 0
Tiempo de ejecución: 10.0323 segundos
-----------------------------------------------------------------------------------------------------------------------------------------------------------------
La solución es: 
Camion 1: 1370 -> 1426 -> 1358 -> 1314 -> 1251 -> 1250 -> 1207 -> 1177 -> 1143 -> 1071 -> 1070 -> 1071 -> 1072 -> 1073 -> 1074 -> 1145 -> 1151 -> 1155 -> 1127 -> 1128 -> 1133 -> 1084 -> 1078 -> 1128 -> 1127 -> 1081 -> 1078 -> 1024 -> 1025 -> 1084 -> 1078 -> 1081 -> 1082 -> 1085 -> 1083 -> 1080 -> 1151 -> 1179 -> 1214 -> 1252 -> 1214 -> 1179 -> 1151 -> 1080 -> 1083 -> 1085 -> 1082 -> 1081 -> 1127 -> 1128 -> 1127 -> 1155 -> 1180 -> 1210 -> 1214 -> 1208 -> 1251 -> 1314 -> 1312 -> 1356 -> 1358 -> 1359 -> 1443 -> 1426 -> 1370 -> 1426 -> 1358 -> 1356 -> 1312 -> 1250 -> 1207 -> 1208 -> 1178 -> 1145 -> 1143 -> 1177 -> 1178 -> 1179 -> 1180 -> 1155 -> 1151 -> 1145 -> 1074 -> 1076 -> 1077 -> 1080 -> 1151 -> 1155 -> 1180 -> 1210 -> 1256 -> 1316 -> 1324 -> 1360 -> 1359 -> 1358 -> 1314 -> 1315 -> 1359 -> 1315 -> 1314 -> 1251 -> 1252 -> 1315 -> 1316 -> 1324 -> 1325 -> 1455 -> 1325 -> 1328 -> 1463 -> 1455 -> 1325 -> 1209 -> 1325 -> 1324 -> 1316 -> 1315 -> 1252 -> 1256 -> 1210 -> 1209 -> 1213 -> 1328

✨🏆 Mejor resultado 🏆✨

Mejor hormiga: 11 🐜🥇
Mejor costo: 7336.699 ⏩
Mejor longitud: 123.000 ⚡
--- Nodos recorridos (semilla 1234583) ---
Camion 1: 1370 -> 1426 -> 1358 -> 1314 -> 1251 -> 1250 -> 1207 -> 1177 -> 1143 -> 1071 -> 1070 -> 1071 -> 1072 -> 1073 -> 1074 -> 1145 -> 1151 -> 1155 -> 1127 -> 1128 -> 1133 -> 1084 -> 1078 -> 1128 -> 1127 -> 1081 -> 1078 -> 1024 -> 1025 -> 1084 -> 1078 -> 1081 -> 1082 -> 1085 -> 1083 -> 1080 -> 1151 -> 1179 -> 1214 -> 1252 -> 1214 -> 1179 -> 1151 -> 1080 -> 1083 -> 1085 -> 1082 -> 1081 -> 1127 -> 1128 -> 1127 -> 1155 -> 1180 -> 1210 -> 1214 -> 1208 -> 1251 -> 1314 -> 1312 -> 1356 -> 1358 -> 1359 -> 1443 -> 1426 -> 1370 -> 1426 -> 1358 -> 1356 -> 1312 -> 1250 -> 1207 -> 1208 -> 1178 -> 1145 -> 1143 -> 1177 -> 1178 -> 1179 -> 1180 -> 1155 -> 1151 -> 1145 -> 1074 -> 1076 -> 1077 -> 1080 -> 1151 -> 1155 -> 1180 -> 1210 -> 1256 -> 1316 -> 1324 -> 1360 -> 1359 -> 1358 -> 1314 -> 1315 -> 1359 -> 1315 -> 1314 -> 1251 -> 1252 -> 1315 -> 1316 -> 1324 -> 1325 -> 1455 -> 1325 -> 1328 -> 1463 -> 1455 -> 1325 -> 1209 -> 1325 -> 1324 -> 1316 -> 1315 -> 1252 -> 1256 -> 1210 -> 1209 -> 1213 -> 1328

=== Semilla 1234584 ===
Instancia recibida: /home/alazcano/RESCOL/Instancias/CN/archivo_segmetación_Seg_9.txt

-----------------------------------------------------------------------------------------------------------------------------------------------------------------
Datos de debug 🪲: 

Nombre de la instancia: Seg_9
Comentario: 
Número de nodos: 81
Número de arcos obligatorios: 63
Número de arcos opcionales: 14
Número de nodos iniciales: 1
Número de nodos terminales: 1
Número de nodos terminales: 1
No hay restricciones

Datos: 
Nodos iniciales: 
1370 

Nodos terminales: 
1370 
-----------------------------------------------------------------------------------------------------------------------------------------------------------------

⌚Época 0
Tiempo de ejecución: 10.0589 segundos
-----------------------------------------------------------------------------------------------------------------------------------------------------------------
La solución es: 
Camion 1: 1370 -> 1426 -> 1358 -> 1314 -> 1315 -> 1359 -> 1358 -> 1356 -> 1312 -> 1250 -> 1207 -> 1208 -> 1178 -> 1145 -> 1143 -> 1071 -> 1070 -> 1071 -> 1072 -> 1073 -> 1074 -> 1076 -> 1077 -> 1080 -> 1083 -> 1085 -> 1082 -> 1081 -> 1127 -> 1128 -> 1133 -> 1084 -> 1078 -> 1128 -> 1127 -> 1081 -> 1078 -> 1024 -> 1025 -> 1084 -> 1078 -> 1081 -> 1082 -> 1085 -> 1083 -> 1080 -> 1151 -> 1179 -> 1214 -> 1252 -> 1214 -> 1210 -> 1256 -> 1252 -> 1315 -> 1314 -> 1251 -> 1252 -> 1256 -> 1210 -> 1209 -> 1325 -> 1328 -> 1463 -> 1455 -> 1325 -> 1324 -> 1360 -> 1359 -> 1443 -> 1426 -> 1370 -> 1426 -> 1358 -> 1356 -> 1312 -> 1250 -> 1251 -> 1208 -> 1207 -> 1177 -> 1143 -> 1145 -> 1151 -> 1080 -> 1077 -> 1076 -> 1074 -> 1145 -> 1151 -> 1155 -> 1180 -> 1210 -> 1180 -> 1179 -> 1178 -> 1177 -> 1207 -> 1250 -> 1312 -> 1314 -> 1315 -> 1316 -> 1256 -> 1252 -> 1315 -> 1316 -> 1324 -> 1325 -> 1328 -> 1213 -> 1209 -> 1210 -> 1214 -> 1208 -> 1251 -> 1250 -> 1312 -> 1314 -> 1315 -> 1316 -> 1256 -> 1210 -> 1180 -> 1155 -> 1127

✨🏆 Mejor resultado 🏆✨

Mejor hormiga: 11 🐜🥇
Mejor costo: 7085.910 ⏩
Mejor longitud: 125.000 ⚡
--- Nodos recorridos (semilla 1234584) ---
Camion 1: 1370 -> 1426 -> 1358 -> 1314 -> 1315 -> 1359 -> 1358 -> 1356 -> 1312 -> 1250 -> 1207 -> 1208 -> 1178 -> 1145 -> 1143 -> 1071 -> 1070 -> 1071 -> 1072 -> 1073 -> 1074 -> 1076 -> 1077 -> 1080 -> 1083 -> 1085 -> 1082 -> 1081 -> 1127 -> 1128 -> 1133 -> 1084 -> 1078 -> 1128 -> 1127 -> 1081 -> 1078 -> 1024 -> 1025 -> 1084 -> 1078 -> 1081 -> 1082 -> 1085 -> 1083 -> 1080 -> 1151 -> 1179 -> 1214 -> 1252 -> 1214 -> 1210 -> 1256 -> 1252 -> 1315 -> 1314 -> 1251 -> 1252 -> 1256 -> 1210 -> 1209 -> 1325 -> 1328 -> 1463 -> 1455 -> 1325 -> 1324 -> 1360 -> 1359 -> 1443 -> 1426 -> 1370 -> 1426 -> 1358 -> 1356 -> 1312 -> 1250 -> 1251 -> 1208 -> 1207 -> 1177 -> 1143 -> 1145 -> 1151 -> 1080 -> 1077 -> 1076 -> 1074 -> 1145 -> 1151 -> 1155 -> 1180 -> 1210 -> 1180 -> 1179 -> 1178 -> 1177 -> 1207 -> 1250 -> 1312 -> 1314 -> 1315 -> 1316 -> 1256 -> 1252 -> 1315 -> 1316 -> 1324 -> 1325 -> 1328 -> 1213 -> 1209 -> 1210 -> 1214 -> 1208 -> 1251 -> 1250 -> 1312 -> 1314 -> 1315 -> 1316 -> 1256 -> 1210 -> 1180 -> 1155 -> 1127

=== Semilla 1234585 ===
Instancia recibida: /home/alazcano/RESCOL/Instancias/CN/archivo_segmetación_Seg_9.txt

-----------------------------------------------------------------------------------------------------------------------------------------------------------------
Datos de debug 🪲: 

Nombre de la instancia: Seg_9
Comentario: 
Número de nodos: 81
Número de arcos obligatorios: 63
Número de arcos opcionales: 14
Número de nodos iniciales: 1
Número de nodos terminales: 1
Número de nodos terminales: 1
No hay restricciones

Datos: 
Nodos iniciales: 
1370 

Nodos terminales: 
1370 
-----------------------------------------------------------------------------------------------------------------------------------------------------------------

⌚Época 0
Tiempo de ejecución: 10.0416 segundos
-----------------------------------------------------------------------------------------------------------------------------------------------------------------
La solución es: 
Camion 1: 1370 -> 1426 -> 1358 -> 1356 -> 1312 -> 1250 -> 1207 -> 1208 -> 1251 -> 1250 -> 1312 -> 1356 -> 1358 -> 1314 -> 1251 -> 1208 -> 1178 -> 1145 -> 1143 -> 1071 -> 1070 -> 1071 -> 1072 -> 1073 -> 1074 -> 1145 -> 1151 -> 1179 -> 1214 -> 1208 -> 1207 -> 1250 -> 1251 -> 1314 -> 1312 -> 1356 -> 1312 -> 1314 -> 1315 -> 1252 -> 1214 -> 1179 -> 1178 -> 1177 -> 1143 -> 1145 -> 1074 -> 1076 -> 1077 -> 1080 -> 1151 -> 1155 -> 1127 -> 1128 -> 1133 -> 1084 -> 1078 -> 1024 -> 1025 -> 1084 -> 1133 -> 1128 -> 1127 -> 1081 -> 1078 -> 1128 -> 1133 -> 1128 -> 1127 -> 1155 -> 1180 -> 1210 -> 1214 -> 1210 -> 1209 -> 1325 -> 1328 -> 1463 -> 1455 -> 1325 -> 1324 -> 1360 -> 1359 -> 1443 -> 1426 -> 1370 -> 1426 -> 1358 -> 1356 -> 1312 -> 1250 -> 1207 -> 1177 -> 1178 -> 1179 -> 1151 -> 1080 -> 1083 -> 1085 -> 1082 -> 1081 -> 1127 -> 1128 -> 1127 -> 1155 -> 1180 -> 1210 -> 1256 -> 1316 -> 1315 -> 1359 -> 1358 -> 1314 -> 1315 -> 1252 -> 1256 -> 1210 -> 1180 -> 1179 -> 1178 -> 1208 -> 1251 -> 1252 -> 1315 -> 1316 -> 1324 -> 1325 -> 1328 -> 1213 -> 1209

✨🏆 Mejor resultado 🏆✨

Mejor hormiga: 20 🐜🥇
Mejor costo: 7411.721 ⏩
Mejor longitud: 129.000 ⚡
--- Nodos recorridos (semilla 1234585) ---
Camion 1: 1370 -> 1426 -> 1358 -> 1356 -> 1312 -> 1250 -> 1207 -> 1208 -> 1251 -> 1250 -> 1312 -> 1356 -> 1358 -> 1314 -> 1251 -> 1208 -> 1178 -> 1145 -> 1143 -> 1071 -> 1070 -> 1071 -> 1072 -> 1073 -> 1074 -> 1145 -> 1151 -> 1179 -> 1214 -> 1208 -> 1207 -> 1250 -> 1251 -> 1314 -> 1312 -> 1356 -> 1312 -> 1314 -> 1315 -> 1252 -> 1214 -> 1179 -> 1178 -> 1177 -> 1143 -> 1145 -> 1074 -> 1076 -> 1077 -> 1080 -> 1151 -> 1155 -> 1127 -> 1128 -> 1133 -> 1084 -> 1078 -> 1024 -> 1025 -> 1084 -> 1133 -> 1128 -> 1127 -> 1081 -> 1078 -> 1128 -> 1133 -> 1128 -> 1127 -> 1155 -> 1180 -> 1210 -> 1214 -> 1210 -> 1209 -> 1325 -> 1328 -> 1463 -> 1455 -> 1325 -> 1324 -> 1360 -> 1359 -> 1443 -> 1426 -> 1370 -> 1426 -> 1358 -> 1356 -> 1312 -> 1250 -> 1207 -> 1177 -> 1178 -> 1179 -> 1151 -> 1080 -> 1083 -> 1085 -> 1082 -> 1081 -> 1127 -> 1128 -> 1127 -> 1155 -> 1180 -> 1210 -> 1256 -> 1316 -> 1315 -> 1359 -> 1358 -> 1314 -> 1315 -> 1252 -> 1256 -> 1210 -> 1180 -> 1179 -> 1178 -> 1208 -> 1251 -> 1252 -> 1315 -> 1316 -> 1324 -> 1325 -> 1328 -> 1213 -> 1209

=== Semilla 1234586 ===
Instancia recibida: /home/alazcano/RESCOL/Instancias/CN/archivo_segmetación_Seg_9.txt

-----------------------------------------------------------------------------------------------------------------------------------------------------------------
Datos de debug 🪲: 

Nombre de la instancia: Seg_9
Comentario: 
Número de nodos: 81
Número de arcos obligatorios: 63
Número de arcos opcionales: 14
Número de nodos iniciales: 1
Número de nodos terminales: 1
Número de nodos terminales: 1
No hay restricciones

Datos: 
Nodos iniciales: 
1370 

Nodos terminales: 
1370 
-----------------------------------------------------------------------------------------------------------------------------------------------------------------

⌚Época 0
Tiempo de ejecución: 10.0522 segundos
-----------------------------------------------------------------------------------------------------------------------------------------------------------------
La solución es: 
Camion 1: 1370 -> 1426 -> 1358 -> 1356 -> 1312 -> 1250 -> 1207 -> 1177 -> 1143 -> 1071 -> 1070 -> 1071 -> 1072 -> 1073 -> 1074 -> 1076 -> 1077 -> 1080 -> 1083 -> 1085 -> 1082 -> 1081 -> 1127 -> 1128 -> 1133 -> 1084 -> 1078 -> 1128 -> 1127 -> 1081 -> 1078 -> 1024 -> 1025 -> 1084 -> 1078 -> 1081 -> 1082 -> 1085 -> 1083 -> 1080 -> 1151 -> 1179 -> 1214 -> 1252 -> 1214 -> 1208 -> 1178 -> 1145 -> 1151 -> 1080 -> 1077 -> 1076 -> 1074 -> 1145 -> 1143 -> 1177 -> 1178 -> 1179 -> 1151 -> 1155 -> 1127 -> 1128 -> 1127 -> 1155 -> 1180 -> 1210 -> 1214 -> 1252 -> 1251 -> 1250 -> 1251 -> 1314 -> 1312 -> 1356 -> 1358 -> 1359 -> 1443 -> 1426 -> 1370 -> 1426 -> 1358 -> 1314 -> 1251 -> 1208 -> 1251 -> 1252 -> 1256 -> 1316 -> 1315 -> 1314 -> 1251 -> 1250 -> 1207 -> 1208 -> 1214 -> 1210 -> 1209 -> 1325 -> 1324 -> 1360 -> 1359 -> 1315 -> 1252 -> 1251 -> 1252 -> 1315 -> 1316 -> 1324 -> 1325 -> 1455 -> 1325 -> 1328 -> 1463 -> 1455 -> 1325 -> 1328 -> 1213 -> 1209 -> 1210 -> 1256 -> 1252 -> 1214 -> 1210 -> 1180 -> 1179

✨🏆 Mejor resultado 🏆✨

Mejor hormiga: 5 🐜🥇
Mejor costo: 7352.211 ⏩
Mejor longitud: 124.000 ⚡
--- Nodos recorridos (semilla 1234586) ---
Camion 1: 1370 -> 1426 -> 1358 -> 1356 -> 1312 -> 1250 -> 1207 -> 1177 -> 1143 -> 1071 -> 1070 -> 1071 -> 1072 -> 1073 -> 1074 -> 1076 -> 1077 -> 1080 -> 1083 -> 1085 -> 1082 -> 1081 -> 1127 -> 1128 -> 1133 -> 1084 -> 1078 -> 1128 -> 1127 -> 1081 -> 1078 -> 1024 -> 1025 -> 1084 -> 1078 -> 1081 -> 1082 -> 1085 -> 1083 -> 1080 -> 1151 -> 1179 -> 1214 -> 1252 -> 1214 -> 1208 -> 1178 -> 1145 -> 1151 -> 1080 -> 1077 -> 1076 -> 1074 -> 1145 -> 1143 -> 1177 -> 1178 -> 1179 -> 1151 -> 1155 -> 1127 -> 1128 -> 1127 -> 1155 -> 1180 -> 1210 -> 1214 -> 1252 -> 1251 -> 1250 -> 1251 -> 1314 -> 1312 -> 1356 -> 1358 -> 1359 -> 1443 -> 1426 -> 1370 -> 1426 -> 1358 -> 1314 -> 1251 -> 1208 -> 1251 -> 1252 -> 1256 -> 1316 -> 1315 -> 1314 -> 1251 -> 1250 -> 1207 -> 1208 -> 1214 -> 1210 -> 1209 -> 1325 -> 1324 -> 1360 -> 1359 -> 1315 -> 1252 -> 1251 -> 1252 -> 1315 -> 1316 -> 1324 -> 1325 -> 1455 -> 1325 -> 1328 -> 1463 -> 1455 -> 1325 -> 1328 -> 1213 -> 1209 -> 1210 -> 1256 -> 1252 -> 1214 -> 1210 -> 1180 -> 1179

